[0.094s] Invoking command in '/home/foxy/ros2_ws/build/action_tutorials_interfaces': CMAKE_PREFIX_PATH=${CMAKE_PREFIX_PATH}:/home/foxy/ros2_ws/install/py_srvcli:/home/foxy/ros2_ws/install/examples_rclpy_minimal_subscriber:/home/foxy/ros2_ws/install/examples_rclpy_minimal_service:/home/foxy/ros2_ws/install/examples_rclpy_minimal_publisher:/home/foxy/ros2_ws/install/examples_rclpy_minimal_client:/home/foxy/ros2_ws/install/examples_rclpy_minimal_action_server:/home/foxy/ros2_ws/install/examples_rclpy_minimal_action_client:/home/foxy/ros2_ws/install/examples_rclpy_executors:/opt/ros/foxy /usr/bin/cmake --build /home/foxy/ros2_ws/build/action_tutorials_interfaces -- -j2 -l2
[0.398s] [  3%] Built target action_tutorials_interfaces__cpp
[0.468s] [ 12%] Built target action_tutorials_interfaces__rosidl_generator_c
[0.491s] [ 22%] Built target action_tutorials_interfaces__rosidl_typesupport_introspection_cpp
[0.626s] [ 32%] Built target action_tutorials_interfaces__rosidl_typesupport_fastrtps_cpp
[0.639s] [ 41%] Built target action_tutorials_interfaces__rosidl_typesupport_cpp
[0.734s] [ 51%] Built target action_tutorials_interfaces__rosidl_typesupport_introspection_c
[0.774s] [ 61%] Built target action_tutorials_interfaces__rosidl_typesupport_c
[0.826s] [ 70%] Built target action_tutorials_interfaces__rosidl_typesupport_fastrtps_c
[0.879s] [ 70%] Built target action_tutorials_interfaces
[0.934s] [ 74%] Built target action_tutorials_interfaces__py
[1.094s] [ 80%] Built target action_tutorials_interfaces__python
[1.242s] [ 87%] Built target action_tutorials_interfaces__rosidl_typesupport_fastrtps_c__pyext
[1.273s] [ 93%] Built target action_tutorials_interfaces__rosidl_typesupport_c__pyext
[1.332s] [100%] Built target action_tutorials_interfaces__rosidl_typesupport_introspection_c__pyext
[1.369s] Invoked command in '/home/foxy/ros2_ws/build/action_tutorials_interfaces' returned '0': CMAKE_PREFIX_PATH=${CMAKE_PREFIX_PATH}:/home/foxy/ros2_ws/install/py_srvcli:/home/foxy/ros2_ws/install/examples_rclpy_minimal_subscriber:/home/foxy/ros2_ws/install/examples_rclpy_minimal_service:/home/foxy/ros2_ws/install/examples_rclpy_minimal_publisher:/home/foxy/ros2_ws/install/examples_rclpy_minimal_client:/home/foxy/ros2_ws/install/examples_rclpy_minimal_action_server:/home/foxy/ros2_ws/install/examples_rclpy_minimal_action_client:/home/foxy/ros2_ws/install/examples_rclpy_executors:/opt/ros/foxy /usr/bin/cmake --build /home/foxy/ros2_ws/build/action_tutorials_interfaces -- -j2 -l2
[1.554s] Invoking command in '/home/foxy/ros2_ws/build/action_tutorials_interfaces': CMAKE_PREFIX_PATH=${CMAKE_PREFIX_PATH}:/home/foxy/ros2_ws/install/py_srvcli:/home/foxy/ros2_ws/install/examples_rclpy_minimal_subscriber:/home/foxy/ros2_ws/install/examples_rclpy_minimal_service:/home/foxy/ros2_ws/install/examples_rclpy_minimal_publisher:/home/foxy/ros2_ws/install/examples_rclpy_minimal_client:/home/foxy/ros2_ws/install/examples_rclpy_minimal_action_server:/home/foxy/ros2_ws/install/examples_rclpy_minimal_action_client:/home/foxy/ros2_ws/install/examples_rclpy_executors:/opt/ros/foxy /usr/bin/cmake --install /home/foxy/ros2_ws/build/action_tutorials_interfaces
[1.613s] -- Install configuration: ""
[1.614s] -- Up-to-date: /home/foxy/ros2_ws/install/action_tutorials_interfaces/share/ament_index/resource_index/rosidl_interfaces/action_tutorials_interfaces
[1.615s] -- Up-to-date: /home/foxy/ros2_ws/install/action_tutorials_interfaces/include/action_tutorials_interfaces
[1.615s] -- Up-to-date: /home/foxy/ros2_ws/install/action_tutorials_interfaces/include/action_tutorials_interfaces/action
[1.616s] -- Up-to-date: /home/foxy/ros2_ws/install/action_tutorials_interfaces/include/action_tutorials_interfaces/action/fibonacci.h
[1.616s] -- Up-to-date: /home/foxy/ros2_ws/install/action_tutorials_interfaces/include/action_tutorials_interfaces/action/detail
[1.616s] -- Up-to-date: /home/foxy/ros2_ws/install/action_tutorials_interfaces/include/action_tutorials_interfaces/action/detail/fibonacci__functions.h
[1.617s] -- Up-to-date: /home/foxy/ros2_ws/install/action_tutorials_interfaces/include/action_tutorials_interfaces/action/detail/fibonacci__struct.h
[1.617s] -- Up-to-date: /home/foxy/ros2_ws/install/action_tutorials_interfaces/include/action_tutorials_interfaces/action/detail/fibonacci__functions.c
[1.618s] -- Up-to-date: /home/foxy/ros2_ws/install/action_tutorials_interfaces/include/action_tutorials_interfaces/action/detail/fibonacci__type_support.h
[1.618s] -- Up-to-date: /home/foxy/ros2_ws/install/action_tutorials_interfaces/include/action_tutorials_interfaces/msg
[1.619s] -- Up-to-date: /home/foxy/ros2_ws/install/action_tutorials_interfaces/include/action_tutorials_interfaces/msg/rosidl_generator_c__visibility_control.h
[1.620s] -- Up-to-date: /home/foxy/ros2_ws/install/action_tutorials_interfaces/share/action_tutorials_interfaces/environment/library_path.sh
[1.620s] -- Up-to-date: /home/foxy/ros2_ws/install/action_tutorials_interfaces/share/action_tutorials_interfaces/environment/library_path.dsv
[1.620s] -- Up-to-date: /home/foxy/ros2_ws/install/action_tutorials_interfaces/lib/libaction_tutorials_interfaces__rosidl_generator_c.so
[1.621s] -- Up-to-date: /home/foxy/ros2_ws/install/action_tutorials_interfaces/include/action_tutorials_interfaces
[1.621s] -- Up-to-date: /home/foxy/ros2_ws/install/action_tutorials_interfaces/include/action_tutorials_interfaces/action
[1.624s] -- Up-to-date: /home/foxy/ros2_ws/install/action_tutorials_interfaces/include/action_tutorials_interfaces/action/detail
[1.624s] -- Up-to-date: /home/foxy/ros2_ws/install/action_tutorials_interfaces/include/action_tutorials_interfaces/action/detail/fibonacci__rosidl_typesupport_fastrtps_c.h
[1.626s] -- Up-to-date: /home/foxy/ros2_ws/install/action_tutorials_interfaces/include/action_tutorials_interfaces/msg
[1.628s] -- Up-to-date: /home/foxy/ros2_ws/install/action_tutorials_interfaces/include/action_tutorials_interfaces/msg/rosidl_typesupport_fastrtps_c__visibility_control.h
[1.629s] -- Up-to-date: /home/foxy/ros2_ws/install/action_tutorials_interfaces/lib/libaction_tutorials_interfaces__rosidl_typesupport_fastrtps_c.so
[1.631s] -- Up-to-date: /home/foxy/ros2_ws/install/action_tutorials_interfaces/include/action_tutorials_interfaces
[1.631s] -- Up-to-date: /home/foxy/ros2_ws/install/action_tutorials_interfaces/include/action_tutorials_interfaces/action
[1.632s] -- Up-to-date: /home/foxy/ros2_ws/install/action_tutorials_interfaces/include/action_tutorials_interfaces/action/detail
[1.633s] -- Up-to-date: /home/foxy/ros2_ws/install/action_tutorials_interfaces/include/action_tutorials_interfaces/action/detail/dds_fastrtps
[1.634s] -- Up-to-date: /home/foxy/ros2_ws/install/action_tutorials_interfaces/include/action_tutorials_interfaces/action/detail/fibonacci__rosidl_typesupport_fastrtps_cpp.hpp
[1.634s] -- Up-to-date: /home/foxy/ros2_ws/install/action_tutorials_interfaces/include/action_tutorials_interfaces/msg
[1.643s] -- Up-to-date: /home/foxy/ros2_ws/install/action_tutorials_interfaces/include/action_tutorials_interfaces/msg/rosidl_typesupport_fastrtps_cpp__visibility_control.h
[1.647s] -- Up-to-date: /home/foxy/ros2_ws/install/action_tutorials_interfaces/lib/libaction_tutorials_interfaces__rosidl_typesupport_fastrtps_cpp.so
[1.647s] -- Up-to-date: /home/foxy/ros2_ws/install/action_tutorials_interfaces/include/action_tutorials_interfaces
[1.647s] -- Up-to-date: /home/foxy/ros2_ws/install/action_tutorials_interfaces/include/action_tutorials_interfaces/action
[1.647s] -- Up-to-date: /home/foxy/ros2_ws/install/action_tutorials_interfaces/include/action_tutorials_interfaces/action/detail
[1.648s] -- Up-to-date: /home/foxy/ros2_ws/install/action_tutorials_interfaces/include/action_tutorials_interfaces/action/detail/fibonacci__rosidl_typesupport_introspection_c.h
[1.648s] -- Up-to-date: /home/foxy/ros2_ws/install/action_tutorials_interfaces/include/action_tutorials_interfaces/action/detail/fibonacci__type_support.c
[1.648s] -- Up-to-date: /home/foxy/ros2_ws/install/action_tutorials_interfaces/include/action_tutorials_interfaces/msg
[1.648s] -- Up-to-date: /home/foxy/ros2_ws/install/action_tutorials_interfaces/include/action_tutorials_interfaces/msg/rosidl_typesupport_introspection_c__visibility_control.h
[1.648s] -- Up-to-date: /home/foxy/ros2_ws/install/action_tutorials_interfaces/lib/libaction_tutorials_interfaces__rosidl_typesupport_introspection_c.so
[1.648s] -- Up-to-date: /home/foxy/ros2_ws/install/action_tutorials_interfaces/lib/libaction_tutorials_interfaces__rosidl_typesupport_c.so
[1.648s] -- Up-to-date: /home/foxy/ros2_ws/install/action_tutorials_interfaces/include/action_tutorials_interfaces
[1.648s] -- Up-to-date: /home/foxy/ros2_ws/install/action_tutorials_interfaces/include/action_tutorials_interfaces/action
[1.649s] -- Up-to-date: /home/foxy/ros2_ws/install/action_tutorials_interfaces/include/action_tutorials_interfaces/action/detail
[1.649s] -- Up-to-date: /home/foxy/ros2_ws/install/action_tutorials_interfaces/include/action_tutorials_interfaces/action/detail/fibonacci__traits.hpp
[1.649s] -- Up-to-date: /home/foxy/ros2_ws/install/action_tutorials_interfaces/include/action_tutorials_interfaces/action/detail/fibonacci__struct.hpp
[1.649s] -- Up-to-date: /home/foxy/ros2_ws/install/action_tutorials_interfaces/include/action_tutorials_interfaces/action/detail/fibonacci__builder.hpp
[1.649s] -- Up-to-date: /home/foxy/ros2_ws/install/action_tutorials_interfaces/include/action_tutorials_interfaces/action/fibonacci.hpp
[1.649s] -- Up-to-date: /home/foxy/ros2_ws/install/action_tutorials_interfaces/include/action_tutorials_interfaces
[1.649s] -- Up-to-date: /home/foxy/ros2_ws/install/action_tutorials_interfaces/include/action_tutorials_interfaces/action
[1.649s] -- Up-to-date: /home/foxy/ros2_ws/install/action_tutorials_interfaces/include/action_tutorials_interfaces/action/detail
[1.650s] -- Up-to-date: /home/foxy/ros2_ws/install/action_tutorials_interfaces/include/action_tutorials_interfaces/action/detail/fibonacci__type_support.cpp
[1.650s] -- Up-to-date: /home/foxy/ros2_ws/install/action_tutorials_interfaces/include/action_tutorials_interfaces/action/detail/fibonacci__rosidl_typesupport_introspection_cpp.hpp
[1.650s] -- Up-to-date: /home/foxy/ros2_ws/install/action_tutorials_interfaces/lib/libaction_tutorials_interfaces__rosidl_typesupport_introspection_cpp.so
[1.650s] -- Up-to-date: /home/foxy/ros2_ws/install/action_tutorials_interfaces/lib/libaction_tutorials_interfaces__rosidl_typesupport_cpp.so
[1.650s] -- Up-to-date: /home/foxy/ros2_ws/install/action_tutorials_interfaces/share/action_tutorials_interfaces/environment/pythonpath.sh
[1.650s] -- Up-to-date: /home/foxy/ros2_ws/install/action_tutorials_interfaces/share/action_tutorials_interfaces/environment/pythonpath.dsv
[1.650s] -- Up-to-date: /home/foxy/ros2_ws/install/action_tutorials_interfaces/lib/python3.8/site-packages/action_tutorials_interfaces/__init__.py
[1.751s] -- Up-to-date: /home/foxy/ros2_ws/install/action_tutorials_interfaces/lib/python3.8/site-packages/action_tutorials_interfaces/action
[1.752s] -- Up-to-date: /home/foxy/ros2_ws/install/action_tutorials_interfaces/lib/python3.8/site-packages/action_tutorials_interfaces/action/_fibonacci.py
[1.752s] -- Up-to-date: /home/foxy/ros2_ws/install/action_tutorials_interfaces/lib/python3.8/site-packages/action_tutorials_interfaces/action/__init__.py
[1.753s] -- Up-to-date: /home/foxy/ros2_ws/install/action_tutorials_interfaces/lib/python3.8/site-packages/action_tutorials_interfaces/action/_fibonacci_s.c
[1.753s] -- Up-to-date: /home/foxy/ros2_ws/install/action_tutorials_interfaces/lib/python3.8/site-packages/action_tutorials_interfaces/action_tutorials_interfaces_s__rosidl_typesupport_fastrtps_c.cpython-38-x86_64-linux-gnu.so
[1.753s] -- Up-to-date: /home/foxy/ros2_ws/install/action_tutorials_interfaces/lib/python3.8/site-packages/action_tutorials_interfaces/action_tutorials_interfaces_s__rosidl_typesupport_introspection_c.cpython-38-x86_64-linux-gnu.so
[1.754s] -- Up-to-date: /home/foxy/ros2_ws/install/action_tutorials_interfaces/lib/python3.8/site-packages/action_tutorials_interfaces/action_tutorials_interfaces_s__rosidl_typesupport_c.cpython-38-x86_64-linux-gnu.so
[1.754s] -- Up-to-date: /home/foxy/ros2_ws/install/action_tutorials_interfaces/lib/libaction_tutorials_interfaces__python.so
[1.756s] -- Up-to-date: /home/foxy/ros2_ws/install/action_tutorials_interfaces/share/action_tutorials_interfaces/action/Fibonacci.idl
[1.757s] -- Up-to-date: /home/foxy/ros2_ws/install/action_tutorials_interfaces/share/action_tutorials_interfaces/action/Fibonacci.action
[1.757s] -- Up-to-date: /home/foxy/ros2_ws/install/action_tutorials_interfaces/share/ament_index/resource_index/package_run_dependencies/action_tutorials_interfaces
[1.758s] -- Up-to-date: /home/foxy/ros2_ws/install/action_tutorials_interfaces/share/ament_index/resource_index/parent_prefix_path/action_tutorials_interfaces
[1.758s] -- Up-to-date: /home/foxy/ros2_ws/install/action_tutorials_interfaces/share/action_tutorials_interfaces/environment/ament_prefix_path.sh
[1.759s] -- Up-to-date: /home/foxy/ros2_ws/install/action_tutorials_interfaces/share/action_tutorials_interfaces/environment/ament_prefix_path.dsv
[1.760s] -- Up-to-date: /home/foxy/ros2_ws/install/action_tutorials_interfaces/share/action_tutorials_interfaces/environment/path.sh
[1.760s] -- Up-to-date: /home/foxy/ros2_ws/install/action_tutorials_interfaces/share/action_tutorials_interfaces/environment/path.dsv
[1.761s] -- Up-to-date: /home/foxy/ros2_ws/install/action_tutorials_interfaces/share/action_tutorials_interfaces/local_setup.bash
[1.761s] -- Up-to-date: /home/foxy/ros2_ws/install/action_tutorials_interfaces/share/action_tutorials_interfaces/local_setup.sh
[1.762s] -- Up-to-date: /home/foxy/ros2_ws/install/action_tutorials_interfaces/share/action_tutorials_interfaces/local_setup.zsh
[1.762s] -- Up-to-date: /home/foxy/ros2_ws/install/action_tutorials_interfaces/share/action_tutorials_interfaces/local_setup.dsv
[1.764s] -- Up-to-date: /home/foxy/ros2_ws/install/action_tutorials_interfaces/share/action_tutorials_interfaces/package.dsv
[1.767s] -- Up-to-date: /home/foxy/ros2_ws/install/action_tutorials_interfaces/share/ament_index/resource_index/packages/action_tutorials_interfaces
[1.768s] -- Up-to-date: /home/foxy/ros2_ws/install/action_tutorials_interfaces/share/action_tutorials_interfaces/cmake/action_tutorials_interfaces__rosidl_generator_cExport.cmake
[1.768s] -- Up-to-date: /home/foxy/ros2_ws/install/action_tutorials_interfaces/share/action_tutorials_interfaces/cmake/action_tutorials_interfaces__rosidl_generator_cExport-noconfig.cmake
[1.769s] -- Up-to-date: /home/foxy/ros2_ws/install/action_tutorials_interfaces/share/action_tutorials_interfaces/cmake/action_tutorials_interfaces__rosidl_typesupport_introspection_cExport.cmake
[1.769s] -- Up-to-date: /home/foxy/ros2_ws/install/action_tutorials_interfaces/share/action_tutorials_interfaces/cmake/action_tutorials_interfaces__rosidl_typesupport_introspection_cExport-noconfig.cmake
[1.770s] -- Up-to-date: /home/foxy/ros2_ws/install/action_tutorials_interfaces/share/action_tutorials_interfaces/cmake/action_tutorials_interfaces__rosidl_typesupport_cExport.cmake
[1.773s] -- Up-to-date: /home/foxy/ros2_ws/install/action_tutorials_interfaces/share/action_tutorials_interfaces/cmake/action_tutorials_interfaces__rosidl_typesupport_cExport-noconfig.cmake
[1.773s] -- Up-to-date: /home/foxy/ros2_ws/install/action_tutorials_interfaces/share/action_tutorials_interfaces/cmake/action_tutorials_interfaces__rosidl_generator_cppExport.cmake
[1.776s] -- Up-to-date: /home/foxy/ros2_ws/install/action_tutorials_interfaces/share/action_tutorials_interfaces/cmake/action_tutorials_interfaces__rosidl_typesupport_introspection_cppExport.cmake
[1.778s] -- Up-to-date: /home/foxy/ros2_ws/install/action_tutorials_interfaces/share/action_tutorials_interfaces/cmake/action_tutorials_interfaces__rosidl_typesupport_introspection_cppExport-noconfig.cmake
[1.778s] -- Up-to-date: /home/foxy/ros2_ws/install/action_tutorials_interfaces/share/action_tutorials_interfaces/cmake/action_tutorials_interfaces__rosidl_typesupport_cppExport.cmake
[1.778s] -- Up-to-date: /home/foxy/ros2_ws/install/action_tutorials_interfaces/share/action_tutorials_interfaces/cmake/action_tutorials_interfaces__rosidl_typesupport_cppExport-noconfig.cmake
[1.779s] -- Up-to-date: /home/foxy/ros2_ws/install/action_tutorials_interfaces/share/action_tutorials_interfaces/cmake/rosidl_cmake-extras.cmake
[1.779s] -- Up-to-date: /home/foxy/ros2_ws/install/action_tutorials_interfaces/share/action_tutorials_interfaces/cmake/ament_cmake_export_dependencies-extras.cmake
[1.779s] -- Up-to-date: /home/foxy/ros2_ws/install/action_tutorials_interfaces/share/action_tutorials_interfaces/cmake/ament_cmake_export_libraries-extras.cmake
[1.785s] -- Up-to-date: /home/foxy/ros2_ws/install/action_tutorials_interfaces/share/action_tutorials_interfaces/cmake/ament_cmake_export_targets-extras.cmake
[1.785s] -- Up-to-date: /home/foxy/ros2_ws/install/action_tutorials_interfaces/share/action_tutorials_interfaces/cmake/ament_cmake_export_include_directories-extras.cmake
[1.788s] -- Up-to-date: /home/foxy/ros2_ws/install/action_tutorials_interfaces/share/action_tutorials_interfaces/cmake/rosidl_cmake_export_typesupport_libraries-extras.cmake
[1.788s] -- Up-to-date: /home/foxy/ros2_ws/install/action_tutorials_interfaces/share/action_tutorials_interfaces/cmake/rosidl_cmake_export_typesupport_targets-extras.cmake
[1.789s] -- Up-to-date: /home/foxy/ros2_ws/install/action_tutorials_interfaces/share/action_tutorials_interfaces/cmake/action_tutorials_interfacesConfig.cmake
[1.789s] -- Up-to-date: /home/foxy/ros2_ws/install/action_tutorials_interfaces/share/action_tutorials_interfaces/cmake/action_tutorials_interfacesConfig-version.cmake
[1.794s] -- Up-to-date: /home/foxy/ros2_ws/install/action_tutorials_interfaces/share/action_tutorials_interfaces/package.xml
[1.794s] Invoked command in '/home/foxy/ros2_ws/build/action_tutorials_interfaces' returned '0': CMAKE_PREFIX_PATH=${CMAKE_PREFIX_PATH}:/home/foxy/ros2_ws/install/py_srvcli:/home/foxy/ros2_ws/install/examples_rclpy_minimal_subscriber:/home/foxy/ros2_ws/install/examples_rclpy_minimal_service:/home/foxy/ros2_ws/install/examples_rclpy_minimal_publisher:/home/foxy/ros2_ws/install/examples_rclpy_minimal_client:/home/foxy/ros2_ws/install/examples_rclpy_minimal_action_server:/home/foxy/ros2_ws/install/examples_rclpy_minimal_action_client:/home/foxy/ros2_ws/install/examples_rclpy_executors:/opt/ros/foxy /usr/bin/cmake --install /home/foxy/ros2_ws/build/action_tutorials_interfaces
