-- Found ament_cmake: 0.9.11 (/opt/ros/foxy/share/ament_cmake/cmake)
-- Found PythonInterp: /usr/bin/python3 (found suitable version "3.8.10", minimum required is "3") 
-- Using PYTHON_EXECUTABLE: /usr/bin/python3
-- Found ament_lint_auto: 0.9.7 (/opt/ros/foxy/share/ament_lint_auto/cmake)
-- Found rosidl_default_generators: 1.0.1 (/opt/ros/foxy/share/rosidl_default_generators/cmake)
-- Using all available rosidl_typesupport_c: rosidl_typesupport_fastrtps_c;rosidl_typesupport_introspection_c
-- Found rosidl_adapter: 1.3.0 (/opt/ros/foxy/share/rosidl_adapter/cmake)
-- Using all available rosidl_typesupport_cpp: rosidl_typesupport_fastrtps_cpp;rosidl_typesupport_introspection_cpp
-- Found PythonInterp: /usr/bin/python3 (found version "3.8.10") 
-- Found ament_cmake_ros: 0.9.2 (/opt/ros/foxy/share/ament_cmake_ros/cmake)
-- Using all available rosidl_typesupport_c: rosidl_typesupport_fastrtps_c;rosidl_typesupport_introspection_c
-- Using all available rosidl_typesupport_cpp: rosidl_typesupport_fastrtps_cpp;rosidl_typesupport_introspection_cpp
-- Found PythonInterp: /usr/bin/python3 (found suitable version "3.8.10", minimum required is "3.5") 
-- Found python_cmake_module: 0.8.1 (/opt/ros/foxy/share/python_cmake_module/cmake)
-- Using PYTHON_EXECUTABLE: /usr/bin/python3
-- Using PYTHON_INCLUDE_DIRS: /usr/include/python3.8
-- Using PYTHON_LIBRARIES: /usr/lib/x86_64-linux-gnu/libpython3.8.so
-- Added test 'copyright' to check source files copyright and LICENSE
-- Added test 'lint_cmake' to check CMake code style
-- Added test 'xmllint' to check XML markup files
-- Configuring done
-- Generating done
-- Build files have been written to: /home/foxy/ros2_ws/build/action_tutorials_interfaces
[  3%] Built target action_tutorials_interfaces__cpp
[ 12%] Built target action_tutorials_interfaces__rosidl_generator_c
[ 22%] Built target action_tutorials_interfaces__rosidl_typesupport_fastrtps_cpp
[ 32%] Built target action_tutorials_interfaces__rosidl_typesupport_introspection_cpp
[ 41%] Built target action_tutorials_interfaces__rosidl_typesupport_cpp
[ 51%] Built target action_tutorials_interfaces__rosidl_typesupport_introspection_c
[ 61%] Built target action_tutorials_interfaces__rosidl_typesupport_fastrtps_c
[ 70%] Built target action_tutorials_interfaces__rosidl_typesupport_c
[ 70%] Built target action_tutorials_interfaces
[ 74%] Built target action_tutorials_interfaces__py
[ 80%] Built target action_tutorials_interfaces__python
[ 87%] Built target action_tutorials_interfaces__rosidl_typesupport_fastrtps_c__pyext
[ 93%] Built target action_tutorials_interfaces__rosidl_typesupport_c__pyext
[100%] Built target action_tutorials_interfaces__rosidl_typesupport_introspection_c__pyext
-- Install configuration: ""
-- Installing: /home/foxy/ros2_ws/install/action_tutorials_interfaces/share/ament_index/resource_index/rosidl_interfaces/action_tutorials_interfaces
-- Installing: /home/foxy/ros2_ws/install/action_tutorials_interfaces/include/action_tutorials_interfaces
-- Installing: /home/foxy/ros2_ws/install/action_tutorials_interfaces/include/action_tutorials_interfaces/action
-- Installing: /home/foxy/ros2_ws/install/action_tutorials_interfaces/include/action_tutorials_interfaces/action/fibonacci.h
-- Installing: /home/foxy/ros2_ws/install/action_tutorials_interfaces/include/action_tutorials_interfaces/action/detail
-- Installing: /home/foxy/ros2_ws/install/action_tutorials_interfaces/include/action_tutorials_interfaces/action/detail/fibonacci__functions.h
-- Installing: /home/foxy/ros2_ws/install/action_tutorials_interfaces/include/action_tutorials_interfaces/action/detail/fibonacci__struct.h
-- Installing: /home/foxy/ros2_ws/install/action_tutorials_interfaces/include/action_tutorials_interfaces/action/detail/fibonacci__functions.c
-- Installing: /home/foxy/ros2_ws/install/action_tutorials_interfaces/include/action_tutorials_interfaces/action/detail/fibonacci__type_support.h
-- Installing: /home/foxy/ros2_ws/install/action_tutorials_interfaces/include/action_tutorials_interfaces/msg
-- Installing: /home/foxy/ros2_ws/install/action_tutorials_interfaces/include/action_tutorials_interfaces/msg/rosidl_generator_c__visibility_control.h
-- Installing: /home/foxy/ros2_ws/install/action_tutorials_interfaces/share/action_tutorials_interfaces/environment/library_path.sh
-- Installing: /home/foxy/ros2_ws/install/action_tutorials_interfaces/share/action_tutorials_interfaces/environment/library_path.dsv
-- Installing: /home/foxy/ros2_ws/install/action_tutorials_interfaces/lib/libaction_tutorials_interfaces__rosidl_generator_c.so
-- Set runtime path of "/home/foxy/ros2_ws/install/action_tutorials_interfaces/lib/libaction_tutorials_interfaces__rosidl_generator_c.so" to ""
-- Up-to-date: /home/foxy/ros2_ws/install/action_tutorials_interfaces/include/action_tutorials_interfaces
-- Up-to-date: /home/foxy/ros2_ws/install/action_tutorials_interfaces/include/action_tutorials_interfaces/action
-- Up-to-date: /home/foxy/ros2_ws/install/action_tutorials_interfaces/include/action_tutorials_interfaces/action/detail
-- Installing: /home/foxy/ros2_ws/install/action_tutorials_interfaces/include/action_tutorials_interfaces/action/detail/fibonacci__rosidl_typesupport_fastrtps_c.h
-- Up-to-date: /home/foxy/ros2_ws/install/action_tutorials_interfaces/include/action_tutorials_interfaces/msg
-- Installing: /home/foxy/ros2_ws/install/action_tutorials_interfaces/include/action_tutorials_interfaces/msg/rosidl_typesupport_fastrtps_c__visibility_control.h
-- Installing: /home/foxy/ros2_ws/install/action_tutorials_interfaces/lib/libaction_tutorials_interfaces__rosidl_typesupport_fastrtps_c.so
-- Set runtime path of "/home/foxy/ros2_ws/install/action_tutorials_interfaces/lib/libaction_tutorials_interfaces__rosidl_typesupport_fastrtps_c.so" to ""
-- Up-to-date: /home/foxy/ros2_ws/install/action_tutorials_interfaces/include/action_tutorials_interfaces
-- Up-to-date: /home/foxy/ros2_ws/install/action_tutorials_interfaces/include/action_tutorials_interfaces/action
-- Up-to-date: /home/foxy/ros2_ws/install/action_tutorials_interfaces/include/action_tutorials_interfaces/action/detail
-- Installing: /home/foxy/ros2_ws/install/action_tutorials_interfaces/include/action_tutorials_interfaces/action/detail/dds_fastrtps
-- Installing: /home/foxy/ros2_ws/install/action_tutorials_interfaces/include/action_tutorials_interfaces/action/detail/fibonacci__rosidl_typesupport_fastrtps_cpp.hpp
-- Up-to-date: /home/foxy/ros2_ws/install/action_tutorials_interfaces/include/action_tutorials_interfaces/msg
-- Installing: /home/foxy/ros2_ws/install/action_tutorials_interfaces/include/action_tutorials_interfaces/msg/rosidl_typesupport_fastrtps_cpp__visibility_control.h
-- Installing: /home/foxy/ros2_ws/install/action_tutorials_interfaces/lib/libaction_tutorials_interfaces__rosidl_typesupport_fastrtps_cpp.so
-- Set runtime path of "/home/foxy/ros2_ws/install/action_tutorials_interfaces/lib/libaction_tutorials_interfaces__rosidl_typesupport_fastrtps_cpp.so" to ""
-- Up-to-date: /home/foxy/ros2_ws/install/action_tutorials_interfaces/include/action_tutorials_interfaces
-- Up-to-date: /home/foxy/ros2_ws/install/action_tutorials_interfaces/include/action_tutorials_interfaces/action
-- Up-to-date: /home/foxy/ros2_ws/install/action_tutorials_interfaces/include/action_tutorials_interfaces/action/detail
-- Installing: /home/foxy/ros2_ws/install/action_tutorials_interfaces/include/action_tutorials_interfaces/action/detail/fibonacci__rosidl_typesupport_introspection_c.h
-- Installing: /home/foxy/ros2_ws/install/action_tutorials_interfaces/include/action_tutorials_interfaces/action/detail/fibonacci__type_support.c
-- Up-to-date: /home/foxy/ros2_ws/install/action_tutorials_interfaces/include/action_tutorials_interfaces/msg
-- Installing: /home/foxy/ros2_ws/install/action_tutorials_interfaces/include/action_tutorials_interfaces/msg/rosidl_typesupport_introspection_c__visibility_control.h
-- Installing: /home/foxy/ros2_ws/install/action_tutorials_interfaces/lib/libaction_tutorials_interfaces__rosidl_typesupport_introspection_c.so
-- Set runtime path of "/home/foxy/ros2_ws/install/action_tutorials_interfaces/lib/libaction_tutorials_interfaces__rosidl_typesupport_introspection_c.so" to ""
-- Installing: /home/foxy/ros2_ws/install/action_tutorials_interfaces/lib/libaction_tutorials_interfaces__rosidl_typesupport_c.so
-- Set runtime path of "/home/foxy/ros2_ws/install/action_tutorials_interfaces/lib/libaction_tutorials_interfaces__rosidl_typesupport_c.so" to ""
-- Up-to-date: /home/foxy/ros2_ws/install/action_tutorials_interfaces/include/action_tutorials_interfaces
-- Up-to-date: /home/foxy/ros2_ws/install/action_tutorials_interfaces/include/action_tutorials_interfaces/action
-- Up-to-date: /home/foxy/ros2_ws/install/action_tutorials_interfaces/include/action_tutorials_interfaces/action/detail
-- Installing: /home/foxy/ros2_ws/install/action_tutorials_interfaces/include/action_tutorials_interfaces/action/detail/fibonacci__traits.hpp
-- Installing: /home/foxy/ros2_ws/install/action_tutorials_interfaces/include/action_tutorials_interfaces/action/detail/fibonacci__struct.hpp
-- Installing: /home/foxy/ros2_ws/install/action_tutorials_interfaces/include/action_tutorials_interfaces/action/detail/fibonacci__builder.hpp
-- Installing: /home/foxy/ros2_ws/install/action_tutorials_interfaces/include/action_tutorials_interfaces/action/fibonacci.hpp
-- Up-to-date: /home/foxy/ros2_ws/install/action_tutorials_interfaces/include/action_tutorials_interfaces
-- Up-to-date: /home/foxy/ros2_ws/install/action_tutorials_interfaces/include/action_tutorials_interfaces/action
-- Up-to-date: /home/foxy/ros2_ws/install/action_tutorials_interfaces/include/action_tutorials_interfaces/action/detail
-- Installing: /home/foxy/ros2_ws/install/action_tutorials_interfaces/include/action_tutorials_interfaces/action/detail/fibonacci__type_support.cpp
-- Installing: /home/foxy/ros2_ws/install/action_tutorials_interfaces/include/action_tutorials_interfaces/action/detail/fibonacci__rosidl_typesupport_introspection_cpp.hpp
-- Installing: /home/foxy/ros2_ws/install/action_tutorials_interfaces/lib/libaction_tutorials_interfaces__rosidl_typesupport_introspection_cpp.so
-- Set runtime path of "/home/foxy/ros2_ws/install/action_tutorials_interfaces/lib/libaction_tutorials_interfaces__rosidl_typesupport_introspection_cpp.so" to ""
-- Installing: /home/foxy/ros2_ws/install/action_tutorials_interfaces/lib/libaction_tutorials_interfaces__rosidl_typesupport_cpp.so
-- Set runtime path of "/home/foxy/ros2_ws/install/action_tutorials_interfaces/lib/libaction_tutorials_interfaces__rosidl_typesupport_cpp.so" to ""
-- Installing: /home/foxy/ros2_ws/install/action_tutorials_interfaces/share/action_tutorials_interfaces/environment/pythonpath.sh
-- Installing: /home/foxy/ros2_ws/install/action_tutorials_interfaces/share/action_tutorials_interfaces/environment/pythonpath.dsv
-- Installing: /home/foxy/ros2_ws/install/action_tutorials_interfaces/lib/python3.8/site-packages/action_tutorials_interfaces/__init__.py
Compiling '/home/foxy/ros2_ws/install/action_tutorials_interfaces/lib/python3.8/site-packages/action_tutorials_interfaces/__init__.py'...
-- Installing: /home/foxy/ros2_ws/install/action_tutorials_interfaces/lib/python3.8/site-packages/action_tutorials_interfaces/action
-- Installing: /home/foxy/ros2_ws/install/action_tutorials_interfaces/lib/python3.8/site-packages/action_tutorials_interfaces/action/_fibonacci.py
-- Installing: /home/foxy/ros2_ws/install/action_tutorials_interfaces/lib/python3.8/site-packages/action_tutorials_interfaces/action/__init__.py
-- Installing: /home/foxy/ros2_ws/install/action_tutorials_interfaces/lib/python3.8/site-packages/action_tutorials_interfaces/action/_fibonacci_s.c
-- Installing: /home/foxy/ros2_ws/install/action_tutorials_interfaces/lib/python3.8/site-packages/action_tutorials_interfaces/action_tutorials_interfaces_s__rosidl_typesupport_fastrtps_c.cpython-38-x86_64-linux-gnu.so
-- Set runtime path of "/home/foxy/ros2_ws/install/action_tutorials_interfaces/lib/python3.8/site-packages/action_tutorials_interfaces/action_tutorials_interfaces_s__rosidl_typesupport_fastrtps_c.cpython-38-x86_64-linux-gnu.so" to ""
-- Installing: /home/foxy/ros2_ws/install/action_tutorials_interfaces/lib/python3.8/site-packages/action_tutorials_interfaces/action_tutorials_interfaces_s__rosidl_typesupport_introspection_c.cpython-38-x86_64-linux-gnu.so
-- Set runtime path of "/home/foxy/ros2_ws/install/action_tutorials_interfaces/lib/python3.8/site-packages/action_tutorials_interfaces/action_tutorials_interfaces_s__rosidl_typesupport_introspection_c.cpython-38-x86_64-linux-gnu.so" to ""
-- Installing: /home/foxy/ros2_ws/install/action_tutorials_interfaces/lib/python3.8/site-packages/action_tutorials_interfaces/action_tutorials_interfaces_s__rosidl_typesupport_c.cpython-38-x86_64-linux-gnu.so
-- Set runtime path of "/home/foxy/ros2_ws/install/action_tutorials_interfaces/lib/python3.8/site-packages/action_tutorials_interfaces/action_tutorials_interfaces_s__rosidl_typesupport_c.cpython-38-x86_64-linux-gnu.so" to ""
-- Installing: /home/foxy/ros2_ws/install/action_tutorials_interfaces/lib/libaction_tutorials_interfaces__python.so
-- Set runtime path of "/home/foxy/ros2_ws/install/action_tutorials_interfaces/lib/libaction_tutorials_interfaces__python.so" to ""
-- Installing: /home/foxy/ros2_ws/install/action_tutorials_interfaces/share/action_tutorials_interfaces/action/Fibonacci.idl
-- Installing: /home/foxy/ros2_ws/install/action_tutorials_interfaces/share/action_tutorials_interfaces/action/Fibonacci.action
-- Installing: /home/foxy/ros2_ws/install/action_tutorials_interfaces/share/ament_index/resource_index/package_run_dependencies/action_tutorials_interfaces
-- Installing: /home/foxy/ros2_ws/install/action_tutorials_interfaces/share/ament_index/resource_index/parent_prefix_path/action_tutorials_interfaces
-- Installing: /home/foxy/ros2_ws/install/action_tutorials_interfaces/share/action_tutorials_interfaces/environment/ament_prefix_path.sh
-- Installing: /home/foxy/ros2_ws/install/action_tutorials_interfaces/share/action_tutorials_interfaces/environment/ament_prefix_path.dsv
-- Installing: /home/foxy/ros2_ws/install/action_tutorials_interfaces/share/action_tutorials_interfaces/environment/path.sh
-- Installing: /home/foxy/ros2_ws/install/action_tutorials_interfaces/share/action_tutorials_interfaces/environment/path.dsv
-- Installing: /home/foxy/ros2_ws/install/action_tutorials_interfaces/share/action_tutorials_interfaces/local_setup.bash
-- Installing: /home/foxy/ros2_ws/install/action_tutorials_interfaces/share/action_tutorials_interfaces/local_setup.sh
-- Installing: /home/foxy/ros2_ws/install/action_tutorials_interfaces/share/action_tutorials_interfaces/local_setup.zsh
-- Installing: /home/foxy/ros2_ws/install/action_tutorials_interfaces/share/action_tutorials_interfaces/local_setup.dsv
-- Installing: /home/foxy/ros2_ws/install/action_tutorials_interfaces/share/action_tutorials_interfaces/package.dsv
-- Installing: /home/foxy/ros2_ws/install/action_tutorials_interfaces/share/ament_index/resource_index/packages/action_tutorials_interfaces
-- Installing: /home/foxy/ros2_ws/install/action_tutorials_interfaces/share/action_tutorials_interfaces/cmake/action_tutorials_interfaces__rosidl_generator_cExport.cmake
-- Installing: /home/foxy/ros2_ws/install/action_tutorials_interfaces/share/action_tutorials_interfaces/cmake/action_tutorials_interfaces__rosidl_generator_cExport-noconfig.cmake
-- Installing: /home/foxy/ros2_ws/install/action_tutorials_interfaces/share/action_tutorials_interfaces/cmake/action_tutorials_interfaces__rosidl_typesupport_introspection_cExport.cmake
-- Installing: /home/foxy/ros2_ws/install/action_tutorials_interfaces/share/action_tutorials_interfaces/cmake/action_tutorials_interfaces__rosidl_typesupport_introspection_cExport-noconfig.cmake
-- Installing: /home/foxy/ros2_ws/install/action_tutorials_interfaces/share/action_tutorials_interfaces/cmake/action_tutorials_interfaces__rosidl_typesupport_cExport.cmake
-- Installing: /home/foxy/ros2_ws/install/action_tutorials_interfaces/share/action_tutorials_interfaces/cmake/action_tutorials_interfaces__rosidl_typesupport_cExport-noconfig.cmake
-- Installing: /home/foxy/ros2_ws/install/action_tutorials_interfaces/share/action_tutorials_interfaces/cmake/action_tutorials_interfaces__rosidl_generator_cppExport.cmake
-- Installing: /home/foxy/ros2_ws/install/action_tutorials_interfaces/share/action_tutorials_interfaces/cmake/action_tutorials_interfaces__rosidl_typesupport_introspection_cppExport.cmake
-- Installing: /home/foxy/ros2_ws/install/action_tutorials_interfaces/share/action_tutorials_interfaces/cmake/action_tutorials_interfaces__rosidl_typesupport_introspection_cppExport-noconfig.cmake
-- Installing: /home/foxy/ros2_ws/install/action_tutorials_interfaces/share/action_tutorials_interfaces/cmake/action_tutorials_interfaces__rosidl_typesupport_cppExport.cmake
-- Installing: /home/foxy/ros2_ws/install/action_tutorials_interfaces/share/action_tutorials_interfaces/cmake/action_tutorials_interfaces__rosidl_typesupport_cppExport-noconfig.cmake
-- Installing: /home/foxy/ros2_ws/install/action_tutorials_interfaces/share/action_tutorials_interfaces/cmake/rosidl_cmake-extras.cmake
-- Installing: /home/foxy/ros2_ws/install/action_tutorials_interfaces/share/action_tutorials_interfaces/cmake/ament_cmake_export_dependencies-extras.cmake
-- Installing: /home/foxy/ros2_ws/install/action_tutorials_interfaces/share/action_tutorials_interfaces/cmake/ament_cmake_export_libraries-extras.cmake
-- Installing: /home/foxy/ros2_ws/install/action_tutorials_interfaces/share/action_tutorials_interfaces/cmake/ament_cmake_export_targets-extras.cmake
-- Installing: /home/foxy/ros2_ws/install/action_tutorials_interfaces/share/action_tutorials_interfaces/cmake/ament_cmake_export_include_directories-extras.cmake
-- Installing: /home/foxy/ros2_ws/install/action_tutorials_interfaces/share/action_tutorials_interfaces/cmake/rosidl_cmake_export_typesupport_libraries-extras.cmake
-- Installing: /home/foxy/ros2_ws/install/action_tutorials_interfaces/share/action_tutorials_interfaces/cmake/rosidl_cmake_export_typesupport_targets-extras.cmake
-- Installing: /home/foxy/ros2_ws/install/action_tutorials_interfaces/share/action_tutorials_interfaces/cmake/action_tutorials_interfacesConfig.cmake
-- Installing: /home/foxy/ros2_ws/install/action_tutorials_interfaces/share/action_tutorials_interfaces/cmake/action_tutorials_interfacesConfig-version.cmake
-- Installing: /home/foxy/ros2_ws/install/action_tutorials_interfaces/share/action_tutorials_interfaces/package.xml
