[0.248s] Invoking command in '/home/foxy/ros2_ws/build/action_tutorials_interfaces': CMAKE_PREFIX_PATH=${CMAKE_PREFIX_PATH}:/home/foxy/ros2_ws/install/py_srvcli:/home/foxy/ros2_ws/install/examples_rclpy_minimal_subscriber:/home/foxy/ros2_ws/install/examples_rclpy_minimal_service:/home/foxy/ros2_ws/install/examples_rclpy_minimal_publisher:/home/foxy/ros2_ws/install/examples_rclpy_minimal_client:/home/foxy/ros2_ws/install/examples_rclpy_minimal_action_server:/home/foxy/ros2_ws/install/examples_rclpy_minimal_action_client:/home/foxy/ros2_ws/install/examples_rclpy_executors:/opt/ros/foxy /usr/bin/cmake --build /home/foxy/ros2_ws/build/action_tutorials_interfaces -- -j2 -l2
[1.599s] -- Found ament_cmake: 0.9.11 (/opt/ros/foxy/share/ament_cmake/cmake)
[2.080s] -- Found PythonInterp: /usr/bin/python3 (found suitable version "3.8.10", minimum required is "3") 
[2.080s] -- Using PYTHON_EXECUTABLE: /usr/bin/python3
[4.100s] -- Found ament_lint_auto: 0.9.7 (/opt/ros/foxy/share/ament_lint_auto/cmake)
[4.634s] -- Found rosidl_default_generators: 1.0.1 (/opt/ros/foxy/share/rosidl_default_generators/cmake)
[4.699s] -- Using all available rosidl_typesupport_c: rosidl_typesupport_fastrtps_c;rosidl_typesupport_introspection_c
[4.735s] -- Found rosidl_adapter: 1.3.0 (/opt/ros/foxy/share/rosidl_adapter/cmake)
[5.625s] -- Using all available rosidl_typesupport_cpp: rosidl_typesupport_fastrtps_cpp;rosidl_typesupport_introspection_cpp
[5.920s] -- Found PythonInterp: /usr/bin/python3 (found version "3.8.10") 
[6.624s] -- Found ament_cmake_ros: 0.9.2 (/opt/ros/foxy/share/ament_cmake_ros/cmake)
[7.294s] -- Using all available rosidl_typesupport_c: rosidl_typesupport_fastrtps_c;rosidl_typesupport_introspection_c
[7.437s] -- Using all available rosidl_typesupport_cpp: rosidl_typesupport_fastrtps_cpp;rosidl_typesupport_introspection_cpp
[7.513s] -- Found PythonInterp: /usr/bin/python3 (found suitable version "3.8.10", minimum required is "3.5") 
[7.521s] -- Found python_cmake_module: 0.8.1 (/opt/ros/foxy/share/python_cmake_module/cmake)
[7.678s] -- Using PYTHON_EXECUTABLE: /usr/bin/python3
[7.678s] -- Using PYTHON_INCLUDE_DIRS: /usr/include/python3.8
[7.678s] -- Using PYTHON_LIBRARIES: /usr/lib/x86_64-linux-gnu/libpython3.8.so
[7.912s] -- Added test 'copyright' to check source files copyright and LICENSE
[7.959s] -- Added test 'lint_cmake' to check CMake code style
[7.969s] -- Added test 'xmllint' to check XML markup files
[7.997s] -- Configuring done
[8.617s] -- Generating done
[8.645s] -- Build files have been written to: /home/foxy/ros2_ws/build/action_tutorials_interfaces
[8.892s] [  3%] Built target action_tutorials_interfaces__cpp
[9.063s] [ 12%] Built target action_tutorials_interfaces__rosidl_generator_c
[9.274s] [ 22%] Built target action_tutorials_interfaces__rosidl_typesupport_fastrtps_cpp
[9.346s] [ 32%] Built target action_tutorials_interfaces__rosidl_typesupport_introspection_cpp
[9.562s] [ 41%] Built target action_tutorials_interfaces__rosidl_typesupport_cpp
[9.586s] [ 51%] Built target action_tutorials_interfaces__rosidl_typesupport_introspection_c
[9.802s] [ 61%] Built target action_tutorials_interfaces__rosidl_typesupport_fastrtps_c
[9.802s] [ 70%] Built target action_tutorials_interfaces__rosidl_typesupport_c
[9.953s] [ 70%] Built target action_tutorials_interfaces
[10.105s] [ 74%] Built target action_tutorials_interfaces__py
[10.317s] [ 80%] Built target action_tutorials_interfaces__python
[10.621s] [ 87%] Built target action_tutorials_interfaces__rosidl_typesupport_fastrtps_c__pyext
[10.717s] [ 93%] Built target action_tutorials_interfaces__rosidl_typesupport_c__pyext
[10.899s] [100%] Built target action_tutorials_interfaces__rosidl_typesupport_introspection_c__pyext
[11.053s] Invoked command in '/home/foxy/ros2_ws/build/action_tutorials_interfaces' returned '0': CMAKE_PREFIX_PATH=${CMAKE_PREFIX_PATH}:/home/foxy/ros2_ws/install/py_srvcli:/home/foxy/ros2_ws/install/examples_rclpy_minimal_subscriber:/home/foxy/ros2_ws/install/examples_rclpy_minimal_service:/home/foxy/ros2_ws/install/examples_rclpy_minimal_publisher:/home/foxy/ros2_ws/install/examples_rclpy_minimal_client:/home/foxy/ros2_ws/install/examples_rclpy_minimal_action_server:/home/foxy/ros2_ws/install/examples_rclpy_minimal_action_client:/home/foxy/ros2_ws/install/examples_rclpy_executors:/opt/ros/foxy /usr/bin/cmake --build /home/foxy/ros2_ws/build/action_tutorials_interfaces -- -j2 -l2
[12.190s] Invoking command in '/home/foxy/ros2_ws/build/action_tutorials_interfaces': CMAKE_PREFIX_PATH=${CMAKE_PREFIX_PATH}:/home/foxy/ros2_ws/install/py_srvcli:/home/foxy/ros2_ws/install/examples_rclpy_minimal_subscriber:/home/foxy/ros2_ws/install/examples_rclpy_minimal_service:/home/foxy/ros2_ws/install/examples_rclpy_minimal_publisher:/home/foxy/ros2_ws/install/examples_rclpy_minimal_client:/home/foxy/ros2_ws/install/examples_rclpy_minimal_action_server:/home/foxy/ros2_ws/install/examples_rclpy_minimal_action_client:/home/foxy/ros2_ws/install/examples_rclpy_executors:/opt/ros/foxy /usr/bin/cmake --install /home/foxy/ros2_ws/build/action_tutorials_interfaces
[12.258s] -- Install configuration: ""
[12.258s] -- Installing: /home/foxy/ros2_ws/install/action_tutorials_interfaces/share/ament_index/resource_index/rosidl_interfaces/action_tutorials_interfaces
[12.258s] -- Installing: /home/foxy/ros2_ws/install/action_tutorials_interfaces/include/action_tutorials_interfaces
[12.259s] -- Installing: /home/foxy/ros2_ws/install/action_tutorials_interfaces/include/action_tutorials_interfaces/action
[12.259s] -- Installing: /home/foxy/ros2_ws/install/action_tutorials_interfaces/include/action_tutorials_interfaces/action/fibonacci.h
[12.259s] -- Installing: /home/foxy/ros2_ws/install/action_tutorials_interfaces/include/action_tutorials_interfaces/action/detail
[12.260s] -- Installing: /home/foxy/ros2_ws/install/action_tutorials_interfaces/include/action_tutorials_interfaces/action/detail/fibonacci__functions.h
[12.270s] -- Installing: /home/foxy/ros2_ws/install/action_tutorials_interfaces/include/action_tutorials_interfaces/action/detail/fibonacci__struct.h
[12.272s] -- Installing: /home/foxy/ros2_ws/install/action_tutorials_interfaces/include/action_tutorials_interfaces/action/detail/fibonacci__functions.c
[12.274s] -- Installing: /home/foxy/ros2_ws/install/action_tutorials_interfaces/include/action_tutorials_interfaces/action/detail/fibonacci__type_support.h
[12.275s] -- Installing: /home/foxy/ros2_ws/install/action_tutorials_interfaces/include/action_tutorials_interfaces/msg
[12.276s] -- Installing: /home/foxy/ros2_ws/install/action_tutorials_interfaces/include/action_tutorials_interfaces/msg/rosidl_generator_c__visibility_control.h
[12.279s] -- Installing: /home/foxy/ros2_ws/install/action_tutorials_interfaces/share/action_tutorials_interfaces/environment/library_path.sh
[12.281s] -- Installing: /home/foxy/ros2_ws/install/action_tutorials_interfaces/share/action_tutorials_interfaces/environment/library_path.dsv
[12.283s] -- Installing: /home/foxy/ros2_ws/install/action_tutorials_interfaces/lib/libaction_tutorials_interfaces__rosidl_generator_c.so
[12.285s] -- Set runtime path of "/home/foxy/ros2_ws/install/action_tutorials_interfaces/lib/libaction_tutorials_interfaces__rosidl_generator_c.so" to ""
[12.286s] -- Up-to-date: /home/foxy/ros2_ws/install/action_tutorials_interfaces/include/action_tutorials_interfaces
[12.286s] -- Up-to-date: /home/foxy/ros2_ws/install/action_tutorials_interfaces/include/action_tutorials_interfaces/action
[12.287s] -- Up-to-date: /home/foxy/ros2_ws/install/action_tutorials_interfaces/include/action_tutorials_interfaces/action/detail
[12.287s] -- Installing: /home/foxy/ros2_ws/install/action_tutorials_interfaces/include/action_tutorials_interfaces/action/detail/fibonacci__rosidl_typesupport_fastrtps_c.h
[12.289s] -- Up-to-date: /home/foxy/ros2_ws/install/action_tutorials_interfaces/include/action_tutorials_interfaces/msg
[12.289s] -- Installing: /home/foxy/ros2_ws/install/action_tutorials_interfaces/include/action_tutorials_interfaces/msg/rosidl_typesupport_fastrtps_c__visibility_control.h
[12.290s] -- Installing: /home/foxy/ros2_ws/install/action_tutorials_interfaces/lib/libaction_tutorials_interfaces__rosidl_typesupport_fastrtps_c.so
[12.293s] -- Set runtime path of "/home/foxy/ros2_ws/install/action_tutorials_interfaces/lib/libaction_tutorials_interfaces__rosidl_typesupport_fastrtps_c.so" to ""
[12.315s] -- Up-to-date: /home/foxy/ros2_ws/install/action_tutorials_interfaces/include/action_tutorials_interfaces
[12.316s] -- Up-to-date: /home/foxy/ros2_ws/install/action_tutorials_interfaces/include/action_tutorials_interfaces/action
[12.316s] -- Up-to-date: /home/foxy/ros2_ws/install/action_tutorials_interfaces/include/action_tutorials_interfaces/action/detail
[12.316s] -- Installing: /home/foxy/ros2_ws/install/action_tutorials_interfaces/include/action_tutorials_interfaces/action/detail/dds_fastrtps
[12.316s] -- Installing: /home/foxy/ros2_ws/install/action_tutorials_interfaces/include/action_tutorials_interfaces/action/detail/fibonacci__rosidl_typesupport_fastrtps_cpp.hpp
[12.329s] -- Up-to-date: /home/foxy/ros2_ws/install/action_tutorials_interfaces/include/action_tutorials_interfaces/msg
[12.329s] -- Installing: /home/foxy/ros2_ws/install/action_tutorials_interfaces/include/action_tutorials_interfaces/msg/rosidl_typesupport_fastrtps_cpp__visibility_control.h
[12.329s] -- Installing: /home/foxy/ros2_ws/install/action_tutorials_interfaces/lib/libaction_tutorials_interfaces__rosidl_typesupport_fastrtps_cpp.so
[12.336s] -- Set runtime path of "/home/foxy/ros2_ws/install/action_tutorials_interfaces/lib/libaction_tutorials_interfaces__rosidl_typesupport_fastrtps_cpp.so" to ""
[12.336s] -- Up-to-date: /home/foxy/ros2_ws/install/action_tutorials_interfaces/include/action_tutorials_interfaces
[12.337s] -- Up-to-date: /home/foxy/ros2_ws/install/action_tutorials_interfaces/include/action_tutorials_interfaces/action
[12.337s] -- Up-to-date: /home/foxy/ros2_ws/install/action_tutorials_interfaces/include/action_tutorials_interfaces/action/detail
[12.337s] -- Installing: /home/foxy/ros2_ws/install/action_tutorials_interfaces/include/action_tutorials_interfaces/action/detail/fibonacci__rosidl_typesupport_introspection_c.h
[12.337s] -- Installing: /home/foxy/ros2_ws/install/action_tutorials_interfaces/include/action_tutorials_interfaces/action/detail/fibonacci__type_support.c
[12.367s] -- Up-to-date: /home/foxy/ros2_ws/install/action_tutorials_interfaces/include/action_tutorials_interfaces/msg
[12.367s] -- Installing: /home/foxy/ros2_ws/install/action_tutorials_interfaces/include/action_tutorials_interfaces/msg/rosidl_typesupport_introspection_c__visibility_control.h
[12.367s] -- Installing: /home/foxy/ros2_ws/install/action_tutorials_interfaces/lib/libaction_tutorials_interfaces__rosidl_typesupport_introspection_c.so
[12.440s] -- Set runtime path of "/home/foxy/ros2_ws/install/action_tutorials_interfaces/lib/libaction_tutorials_interfaces__rosidl_typesupport_introspection_c.so" to ""
[12.441s] -- Installing: /home/foxy/ros2_ws/install/action_tutorials_interfaces/lib/libaction_tutorials_interfaces__rosidl_typesupport_c.so
[12.441s] -- Set runtime path of "/home/foxy/ros2_ws/install/action_tutorials_interfaces/lib/libaction_tutorials_interfaces__rosidl_typesupport_c.so" to ""
[12.441s] -- Up-to-date: /home/foxy/ros2_ws/install/action_tutorials_interfaces/include/action_tutorials_interfaces
[12.441s] -- Up-to-date: /home/foxy/ros2_ws/install/action_tutorials_interfaces/include/action_tutorials_interfaces/action
[12.441s] -- Up-to-date: /home/foxy/ros2_ws/install/action_tutorials_interfaces/include/action_tutorials_interfaces/action/detail
[12.441s] -- Installing: /home/foxy/ros2_ws/install/action_tutorials_interfaces/include/action_tutorials_interfaces/action/detail/fibonacci__traits.hpp
[12.441s] -- Installing: /home/foxy/ros2_ws/install/action_tutorials_interfaces/include/action_tutorials_interfaces/action/detail/fibonacci__struct.hpp
[12.462s] -- Installing: /home/foxy/ros2_ws/install/action_tutorials_interfaces/include/action_tutorials_interfaces/action/detail/fibonacci__builder.hpp
[12.479s] -- Installing: /home/foxy/ros2_ws/install/action_tutorials_interfaces/include/action_tutorials_interfaces/action/fibonacci.hpp
[12.479s] -- Up-to-date: /home/foxy/ros2_ws/install/action_tutorials_interfaces/include/action_tutorials_interfaces
[12.479s] -- Up-to-date: /home/foxy/ros2_ws/install/action_tutorials_interfaces/include/action_tutorials_interfaces/action
[12.479s] -- Up-to-date: /home/foxy/ros2_ws/install/action_tutorials_interfaces/include/action_tutorials_interfaces/action/detail
[12.479s] -- Installing: /home/foxy/ros2_ws/install/action_tutorials_interfaces/include/action_tutorials_interfaces/action/detail/fibonacci__type_support.cpp
[12.479s] -- Installing: /home/foxy/ros2_ws/install/action_tutorials_interfaces/include/action_tutorials_interfaces/action/detail/fibonacci__rosidl_typesupport_introspection_cpp.hpp
[12.491s] -- Installing: /home/foxy/ros2_ws/install/action_tutorials_interfaces/lib/libaction_tutorials_interfaces__rosidl_typesupport_introspection_cpp.so
[12.491s] -- Set runtime path of "/home/foxy/ros2_ws/install/action_tutorials_interfaces/lib/libaction_tutorials_interfaces__rosidl_typesupport_introspection_cpp.so" to ""
[12.492s] -- Installing: /home/foxy/ros2_ws/install/action_tutorials_interfaces/lib/libaction_tutorials_interfaces__rosidl_typesupport_cpp.so
[12.546s] -- Set runtime path of "/home/foxy/ros2_ws/install/action_tutorials_interfaces/lib/libaction_tutorials_interfaces__rosidl_typesupport_cpp.so" to ""
[12.547s] -- Installing: /home/foxy/ros2_ws/install/action_tutorials_interfaces/share/action_tutorials_interfaces/environment/pythonpath.sh
[12.547s] -- Installing: /home/foxy/ros2_ws/install/action_tutorials_interfaces/share/action_tutorials_interfaces/environment/pythonpath.dsv
[12.547s] -- Installing: /home/foxy/ros2_ws/install/action_tutorials_interfaces/lib/python3.8/site-packages/action_tutorials_interfaces/__init__.py
[12.856s] Compiling '/home/foxy/ros2_ws/install/action_tutorials_interfaces/lib/python3.8/site-packages/action_tutorials_interfaces/__init__.py'...
[12.857s] -- Installing: /home/foxy/ros2_ws/install/action_tutorials_interfaces/lib/python3.8/site-packages/action_tutorials_interfaces/action
[12.857s] -- Installing: /home/foxy/ros2_ws/install/action_tutorials_interfaces/lib/python3.8/site-packages/action_tutorials_interfaces/action/_fibonacci.py
[12.863s] -- Installing: /home/foxy/ros2_ws/install/action_tutorials_interfaces/lib/python3.8/site-packages/action_tutorials_interfaces/action/__init__.py
[12.868s] -- Installing: /home/foxy/ros2_ws/install/action_tutorials_interfaces/lib/python3.8/site-packages/action_tutorials_interfaces/action/_fibonacci_s.c
[12.933s] -- Installing: /home/foxy/ros2_ws/install/action_tutorials_interfaces/lib/python3.8/site-packages/action_tutorials_interfaces/action_tutorials_interfaces_s__rosidl_typesupport_fastrtps_c.cpython-38-x86_64-linux-gnu.so
[12.933s] -- Set runtime path of "/home/foxy/ros2_ws/install/action_tutorials_interfaces/lib/python3.8/site-packages/action_tutorials_interfaces/action_tutorials_interfaces_s__rosidl_typesupport_fastrtps_c.cpython-38-x86_64-linux-gnu.so" to ""
[12.934s] -- Installing: /home/foxy/ros2_ws/install/action_tutorials_interfaces/lib/python3.8/site-packages/action_tutorials_interfaces/action_tutorials_interfaces_s__rosidl_typesupport_introspection_c.cpython-38-x86_64-linux-gnu.so
[12.934s] -- Set runtime path of "/home/foxy/ros2_ws/install/action_tutorials_interfaces/lib/python3.8/site-packages/action_tutorials_interfaces/action_tutorials_interfaces_s__rosidl_typesupport_introspection_c.cpython-38-x86_64-linux-gnu.so" to ""
[12.934s] -- Installing: /home/foxy/ros2_ws/install/action_tutorials_interfaces/lib/python3.8/site-packages/action_tutorials_interfaces/action_tutorials_interfaces_s__rosidl_typesupport_c.cpython-38-x86_64-linux-gnu.so
[13.160s] -- Set runtime path of "/home/foxy/ros2_ws/install/action_tutorials_interfaces/lib/python3.8/site-packages/action_tutorials_interfaces/action_tutorials_interfaces_s__rosidl_typesupport_c.cpython-38-x86_64-linux-gnu.so" to ""
[13.194s] -- Installing: /home/foxy/ros2_ws/install/action_tutorials_interfaces/lib/libaction_tutorials_interfaces__python.so
[13.236s] -- Set runtime path of "/home/foxy/ros2_ws/install/action_tutorials_interfaces/lib/libaction_tutorials_interfaces__python.so" to ""
[13.236s] -- Installing: /home/foxy/ros2_ws/install/action_tutorials_interfaces/share/action_tutorials_interfaces/action/Fibonacci.idl
[13.236s] -- Installing: /home/foxy/ros2_ws/install/action_tutorials_interfaces/share/action_tutorials_interfaces/action/Fibonacci.action
[13.236s] -- Installing: /home/foxy/ros2_ws/install/action_tutorials_interfaces/share/ament_index/resource_index/package_run_dependencies/action_tutorials_interfaces
[13.236s] -- Installing: /home/foxy/ros2_ws/install/action_tutorials_interfaces/share/ament_index/resource_index/parent_prefix_path/action_tutorials_interfaces
[13.236s] -- Installing: /home/foxy/ros2_ws/install/action_tutorials_interfaces/share/action_tutorials_interfaces/environment/ament_prefix_path.sh
[13.237s] -- Installing: /home/foxy/ros2_ws/install/action_tutorials_interfaces/share/action_tutorials_interfaces/environment/ament_prefix_path.dsv
[13.237s] -- Installing: /home/foxy/ros2_ws/install/action_tutorials_interfaces/share/action_tutorials_interfaces/environment/path.sh
[13.237s] -- Installing: /home/foxy/ros2_ws/install/action_tutorials_interfaces/share/action_tutorials_interfaces/environment/path.dsv
[13.237s] -- Installing: /home/foxy/ros2_ws/install/action_tutorials_interfaces/share/action_tutorials_interfaces/local_setup.bash
[13.237s] -- Installing: /home/foxy/ros2_ws/install/action_tutorials_interfaces/share/action_tutorials_interfaces/local_setup.sh
[13.237s] -- Installing: /home/foxy/ros2_ws/install/action_tutorials_interfaces/share/action_tutorials_interfaces/local_setup.zsh
[13.237s] -- Installing: /home/foxy/ros2_ws/install/action_tutorials_interfaces/share/action_tutorials_interfaces/local_setup.dsv
[13.237s] -- Installing: /home/foxy/ros2_ws/install/action_tutorials_interfaces/share/action_tutorials_interfaces/package.dsv
[13.238s] -- Installing: /home/foxy/ros2_ws/install/action_tutorials_interfaces/share/ament_index/resource_index/packages/action_tutorials_interfaces
[13.238s] -- Installing: /home/foxy/ros2_ws/install/action_tutorials_interfaces/share/action_tutorials_interfaces/cmake/action_tutorials_interfaces__rosidl_generator_cExport.cmake
[13.238s] -- Installing: /home/foxy/ros2_ws/install/action_tutorials_interfaces/share/action_tutorials_interfaces/cmake/action_tutorials_interfaces__rosidl_generator_cExport-noconfig.cmake
[13.238s] -- Installing: /home/foxy/ros2_ws/install/action_tutorials_interfaces/share/action_tutorials_interfaces/cmake/action_tutorials_interfaces__rosidl_typesupport_introspection_cExport.cmake
[13.238s] -- Installing: /home/foxy/ros2_ws/install/action_tutorials_interfaces/share/action_tutorials_interfaces/cmake/action_tutorials_interfaces__rosidl_typesupport_introspection_cExport-noconfig.cmake
[13.238s] -- Installing: /home/foxy/ros2_ws/install/action_tutorials_interfaces/share/action_tutorials_interfaces/cmake/action_tutorials_interfaces__rosidl_typesupport_cExport.cmake
[13.238s] -- Installing: /home/foxy/ros2_ws/install/action_tutorials_interfaces/share/action_tutorials_interfaces/cmake/action_tutorials_interfaces__rosidl_typesupport_cExport-noconfig.cmake
[13.238s] -- Installing: /home/foxy/ros2_ws/install/action_tutorials_interfaces/share/action_tutorials_interfaces/cmake/action_tutorials_interfaces__rosidl_generator_cppExport.cmake
[13.239s] -- Installing: /home/foxy/ros2_ws/install/action_tutorials_interfaces/share/action_tutorials_interfaces/cmake/action_tutorials_interfaces__rosidl_typesupport_introspection_cppExport.cmake
[13.239s] -- Installing: /home/foxy/ros2_ws/install/action_tutorials_interfaces/share/action_tutorials_interfaces/cmake/action_tutorials_interfaces__rosidl_typesupport_introspection_cppExport-noconfig.cmake
[13.239s] -- Installing: /home/foxy/ros2_ws/install/action_tutorials_interfaces/share/action_tutorials_interfaces/cmake/action_tutorials_interfaces__rosidl_typesupport_cppExport.cmake
[13.239s] -- Installing: /home/foxy/ros2_ws/install/action_tutorials_interfaces/share/action_tutorials_interfaces/cmake/action_tutorials_interfaces__rosidl_typesupport_cppExport-noconfig.cmake
[13.242s] -- Installing: /home/foxy/ros2_ws/install/action_tutorials_interfaces/share/action_tutorials_interfaces/cmake/rosidl_cmake-extras.cmake
[13.242s] -- Installing: /home/foxy/ros2_ws/install/action_tutorials_interfaces/share/action_tutorials_interfaces/cmake/ament_cmake_export_dependencies-extras.cmake
[13.242s] -- Installing: /home/foxy/ros2_ws/install/action_tutorials_interfaces/share/action_tutorials_interfaces/cmake/ament_cmake_export_libraries-extras.cmake
[13.242s] -- Installing: /home/foxy/ros2_ws/install/action_tutorials_interfaces/share/action_tutorials_interfaces/cmake/ament_cmake_export_targets-extras.cmake
[13.242s] -- Installing: /home/foxy/ros2_ws/install/action_tutorials_interfaces/share/action_tutorials_interfaces/cmake/ament_cmake_export_include_directories-extras.cmake
[13.243s] -- Installing: /home/foxy/ros2_ws/install/action_tutorials_interfaces/share/action_tutorials_interfaces/cmake/rosidl_cmake_export_typesupport_libraries-extras.cmake
[13.243s] -- Installing: /home/foxy/ros2_ws/install/action_tutorials_interfaces/share/action_tutorials_interfaces/cmake/rosidl_cmake_export_typesupport_targets-extras.cmake
[13.243s] -- Installing: /home/foxy/ros2_ws/install/action_tutorials_interfaces/share/action_tutorials_interfaces/cmake/action_tutorials_interfacesConfig.cmake
[13.243s] -- Installing: /home/foxy/ros2_ws/install/action_tutorials_interfaces/share/action_tutorials_interfaces/cmake/action_tutorials_interfacesConfig-version.cmake
[13.243s] -- Installing: /home/foxy/ros2_ws/install/action_tutorials_interfaces/share/action_tutorials_interfaces/package.xml
