[2.993s] Invoking command in '/home/foxy/ros2_ws/build/examples_rclpy_executors': PYTHONPATH=/home/foxy/ros2_ws/install/examples_rclpy_executors/lib/python3.8/site-packages:${PYTHONPATH} /usr/bin/python3 setup.py develop --prefix /home/foxy/ros2_ws/install/examples_rclpy_executors --editable --build-directory /home/foxy/ros2_ws/build/examples_rclpy_executors/build --no-deps install_data --install-dir /home/foxy/ros2_ws/install/examples_rclpy_executors
[3.807s] running develop
[4.329s] running egg_info
[4.332s] creating examples_rclpy_executors.egg-info
[4.333s] writing examples_rclpy_executors.egg-info/PKG-INFO
[4.334s] writing dependency_links to examples_rclpy_executors.egg-info/dependency_links.txt
[4.336s] writing entry points to examples_rclpy_executors.egg-info/entry_points.txt
[4.336s] writing requirements to examples_rclpy_executors.egg-info/requires.txt
[4.337s] writing top-level names to examples_rclpy_executors.egg-info/top_level.txt
[4.347s] writing manifest file 'examples_rclpy_executors.egg-info/SOURCES.txt'
[4.461s] reading manifest file 'examples_rclpy_executors.egg-info/SOURCES.txt'
[4.464s] writing manifest file 'examples_rclpy_executors.egg-info/SOURCES.txt'
[4.567s] running build_ext
[4.572s] Creating /home/foxy/ros2_ws/install/examples_rclpy_executors/lib/python3.8/site-packages/site.py
[4.577s] Creating /home/foxy/ros2_ws/install/examples_rclpy_executors/lib/python3.8/site-packages/examples-rclpy-executors.egg-link (link to .)
[4.579s] Installing callback_group script to /home/foxy/ros2_ws/install/examples_rclpy_executors/lib/examples_rclpy_executors
[4.580s] Installing composed script to /home/foxy/ros2_ws/install/examples_rclpy_executors/lib/examples_rclpy_executors
[4.581s] Installing custom_callback_group script to /home/foxy/ros2_ws/install/examples_rclpy_executors/lib/examples_rclpy_executors
[4.582s] Installing custom_executor script to /home/foxy/ros2_ws/install/examples_rclpy_executors/lib/examples_rclpy_executors
[4.585s] Installing listener script to /home/foxy/ros2_ws/install/examples_rclpy_executors/lib/examples_rclpy_executors
[4.586s] Installing talker script to /home/foxy/ros2_ws/install/examples_rclpy_executors/lib/examples_rclpy_executors
[4.590s] 
[4.591s] Installed /home/foxy/ros2_ws/build/examples_rclpy_executors
[4.591s] running install_data
[4.591s] creating /home/foxy/ros2_ws/install/examples_rclpy_executors/share/ament_index
[4.592s] creating /home/foxy/ros2_ws/install/examples_rclpy_executors/share/ament_index/resource_index
[4.593s] creating /home/foxy/ros2_ws/install/examples_rclpy_executors/share/ament_index/resource_index/packages
[4.594s] copying resource/examples_rclpy_executors -> /home/foxy/ros2_ws/install/examples_rclpy_executors/share/ament_index/resource_index/packages
[4.595s] copying package.xml -> /home/foxy/ros2_ws/install/examples_rclpy_executors/share/examples_rclpy_executors
[4.679s] Invoked command in '/home/foxy/ros2_ws/build/examples_rclpy_executors' returned '0': PYTHONPATH=/home/foxy/ros2_ws/install/examples_rclpy_executors/lib/python3.8/site-packages:${PYTHONPATH} /usr/bin/python3 setup.py develop --prefix /home/foxy/ros2_ws/install/examples_rclpy_executors --editable --build-directory /home/foxy/ros2_ws/build/examples_rclpy_executors/build --no-deps install_data --install-dir /home/foxy/ros2_ws/install/examples_rclpy_executors
