[2.277s] Invoking command in '/home/foxy/ros2_ws/build/examples_rclpy_executors': PYTHONPATH=/home/foxy/ros2_ws/install/examples_rclpy_executors/lib/python3.8/site-packages:${PYTHONPATH} /usr/bin/python3 setup.py develop --prefix /home/foxy/ros2_ws/install/examples_rclpy_executors --editable --build-directory /home/foxy/ros2_ws/build/examples_rclpy_executors/build --no-deps install_data --install-dir /home/foxy/ros2_ws/install/examples_rclpy_executors
[3.242s] running develop
[4.166s] running egg_info
[4.168s] writing examples_rclpy_executors.egg-info/PKG-INFO
[4.169s] writing dependency_links to examples_rclpy_executors.egg-info/dependency_links.txt
[4.170s] writing entry points to examples_rclpy_executors.egg-info/entry_points.txt
[4.172s] writing requirements to examples_rclpy_executors.egg-info/requires.txt
[4.173s] writing top-level names to examples_rclpy_executors.egg-info/top_level.txt
[4.253s] reading manifest file 'examples_rclpy_executors.egg-info/SOURCES.txt'
[4.255s] writing manifest file 'examples_rclpy_executors.egg-info/SOURCES.txt'
[4.407s] running build_ext
[4.409s] Creating /home/foxy/ros2_ws/install/examples_rclpy_executors/lib/python3.8/site-packages/examples-rclpy-executors.egg-link (link to .)
[4.413s] Installing callback_group script to /home/foxy/ros2_ws/install/examples_rclpy_executors/lib/examples_rclpy_executors
[4.413s] Installing composed script to /home/foxy/ros2_ws/install/examples_rclpy_executors/lib/examples_rclpy_executors
[4.414s] Installing custom_callback_group script to /home/foxy/ros2_ws/install/examples_rclpy_executors/lib/examples_rclpy_executors
[4.415s] Installing custom_executor script to /home/foxy/ros2_ws/install/examples_rclpy_executors/lib/examples_rclpy_executors
[4.415s] Installing listener script to /home/foxy/ros2_ws/install/examples_rclpy_executors/lib/examples_rclpy_executors
[4.416s] Installing talker script to /home/foxy/ros2_ws/install/examples_rclpy_executors/lib/examples_rclpy_executors
[4.417s] 
[4.417s] Installed /home/foxy/ros2_ws/build/examples_rclpy_executors
[4.418s] running install_data
[4.529s] Invoked command in '/home/foxy/ros2_ws/build/examples_rclpy_executors' returned '0': PYTHONPATH=/home/foxy/ros2_ws/install/examples_rclpy_executors/lib/python3.8/site-packages:${PYTHONPATH} /usr/bin/python3 setup.py develop --prefix /home/foxy/ros2_ws/install/examples_rclpy_executors --editable --build-directory /home/foxy/ros2_ws/build/examples_rclpy_executors/build --no-deps install_data --install-dir /home/foxy/ros2_ws/install/examples_rclpy_executors
