[4.104s] Invoking command in '/home/foxy/ros2_ws/build/examples_rclpy_minimal_client': PYTHONPATH=/home/foxy/ros2_ws/install/examples_rclpy_minimal_client/lib/python3.8/site-packages:${PYTHONPATH} /usr/bin/python3 setup.py develop --prefix /home/foxy/ros2_ws/install/examples_rclpy_minimal_client --uninstall --editable --build-directory /home/foxy/ros2_ws/build/examples_rclpy_minimal_client/build
[6.409s] running develop
[8.536s] Invoked command in '/home/foxy/ros2_ws/build/examples_rclpy_minimal_client' returned '0': PYTHONPATH=/home/foxy/ros2_ws/install/examples_rclpy_minimal_client/lib/python3.8/site-packages:${PYTHONPATH} /usr/bin/python3 setup.py develop --prefix /home/foxy/ros2_ws/install/examples_rclpy_minimal_client --uninstall --editable --build-directory /home/foxy/ros2_ws/build/examples_rclpy_minimal_client/build
[8.539s] Invoking command in '/home/foxy/ros2_ws/src/examples/rclpy/services/minimal_client': PYTHONPATH=/home/foxy/ros2_ws/install/examples_rclpy_minimal_client/lib/python3.8/site-packages:${PYTHONPATH} /usr/bin/python3 setup.py egg_info --egg-base ../../../../../build/examples_rclpy_minimal_client build --build-base /home/foxy/ros2_ws/build/examples_rclpy_minimal_client/build install --prefix /home/foxy/ros2_ws/install/examples_rclpy_minimal_client --record /home/foxy/ros2_ws/build/examples_rclpy_minimal_client/install.log --single-version-externally-managed
[10.814s] running egg_info
[10.814s] writing ../../../../../build/examples_rclpy_minimal_client/examples_rclpy_minimal_client.egg-info/PKG-INFO
[10.814s] writing dependency_links to ../../../../../build/examples_rclpy_minimal_client/examples_rclpy_minimal_client.egg-info/dependency_links.txt
[10.814s] writing entry points to ../../../../../build/examples_rclpy_minimal_client/examples_rclpy_minimal_client.egg-info/entry_points.txt
[10.814s] writing requirements to ../../../../../build/examples_rclpy_minimal_client/examples_rclpy_minimal_client.egg-info/requires.txt
[10.815s] writing top-level names to ../../../../../build/examples_rclpy_minimal_client/examples_rclpy_minimal_client.egg-info/top_level.txt
[11.055s] reading manifest file '../../../../../build/examples_rclpy_minimal_client/examples_rclpy_minimal_client.egg-info/SOURCES.txt'
[11.100s] writing manifest file '../../../../../build/examples_rclpy_minimal_client/examples_rclpy_minimal_client.egg-info/SOURCES.txt'
[11.101s] running build
[11.101s] running build_py
[11.101s] running install
[11.101s] running install_lib
[11.101s] running install_data
[11.101s] running install_egg_info
[11.165s] removing '/home/foxy/ros2_ws/install/examples_rclpy_minimal_client/lib/python3.8/site-packages/examples_rclpy_minimal_client-0.9.4-py3.8.egg-info' (and everything under it)
[11.167s] Copying ../../../../../build/examples_rclpy_minimal_client/examples_rclpy_minimal_client.egg-info to /home/foxy/ros2_ws/install/examples_rclpy_minimal_client/lib/python3.8/site-packages/examples_rclpy_minimal_client-0.9.4-py3.8.egg-info
[11.167s] running install_scripts
[11.237s] Installing client script to /home/foxy/ros2_ws/install/examples_rclpy_minimal_client/lib/examples_rclpy_minimal_client
[11.237s] Installing client_async script to /home/foxy/ros2_ws/install/examples_rclpy_minimal_client/lib/examples_rclpy_minimal_client
[11.237s] Installing client_async_callback script to /home/foxy/ros2_ws/install/examples_rclpy_minimal_client/lib/examples_rclpy_minimal_client
[11.237s] Installing client_async_member_function script to /home/foxy/ros2_ws/install/examples_rclpy_minimal_client/lib/examples_rclpy_minimal_client
[11.238s] writing list of installed files to '/home/foxy/ros2_ws/build/examples_rclpy_minimal_client/install.log'
[11.528s] Invoked command in '/home/foxy/ros2_ws/src/examples/rclpy/services/minimal_client' returned '0': PYTHONPATH=/home/foxy/ros2_ws/install/examples_rclpy_minimal_client/lib/python3.8/site-packages:${PYTHONPATH} /usr/bin/python3 setup.py egg_info --egg-base ../../../../../build/examples_rclpy_minimal_client build --build-base /home/foxy/ros2_ws/build/examples_rclpy_minimal_client/build install --prefix /home/foxy/ros2_ws/install/examples_rclpy_minimal_client --record /home/foxy/ros2_ws/build/examples_rclpy_minimal_client/install.log --single-version-externally-managed
