[2.572s] Invoking command in '/home/foxy/ros2_ws/build/examples_rclpy_minimal_client': PYTHONPATH=/home/foxy/ros2_ws/install/examples_rclpy_minimal_client/lib/python3.8/site-packages:${PYTHONPATH} /usr/bin/python3 setup.py develop --prefix /home/foxy/ros2_ws/install/examples_rclpy_minimal_client --editable --build-directory /home/foxy/ros2_ws/build/examples_rclpy_minimal_client/build --no-deps install_data --install-dir /home/foxy/ros2_ws/install/examples_rclpy_minimal_client
[3.621s] running develop
[4.072s] running egg_info
[4.073s] writing examples_rclpy_minimal_client.egg-info/PKG-INFO
[4.075s] writing dependency_links to examples_rclpy_minimal_client.egg-info/dependency_links.txt
[4.076s] writing entry points to examples_rclpy_minimal_client.egg-info/entry_points.txt
[4.078s] writing requirements to examples_rclpy_minimal_client.egg-info/requires.txt
[4.081s] writing top-level names to examples_rclpy_minimal_client.egg-info/top_level.txt
[4.170s] reading manifest file 'examples_rclpy_minimal_client.egg-info/SOURCES.txt'
[4.172s] writing manifest file 'examples_rclpy_minimal_client.egg-info/SOURCES.txt'
[4.321s] running build_ext
[4.323s] Creating /home/foxy/ros2_ws/install/examples_rclpy_minimal_client/lib/python3.8/site-packages/examples-rclpy-minimal-client.egg-link (link to .)
[4.325s] Installing client script to /home/foxy/ros2_ws/install/examples_rclpy_minimal_client/lib/examples_rclpy_minimal_client
[4.326s] Installing client_async script to /home/foxy/ros2_ws/install/examples_rclpy_minimal_client/lib/examples_rclpy_minimal_client
[4.327s] Installing client_async_callback script to /home/foxy/ros2_ws/install/examples_rclpy_minimal_client/lib/examples_rclpy_minimal_client
[4.328s] Installing client_async_member_function script to /home/foxy/ros2_ws/install/examples_rclpy_minimal_client/lib/examples_rclpy_minimal_client
[4.331s] 
[4.333s] Installed /home/foxy/ros2_ws/build/examples_rclpy_minimal_client
[4.333s] running install_data
[4.674s] Invoked command in '/home/foxy/ros2_ws/build/examples_rclpy_minimal_client' returned '0': PYTHONPATH=/home/foxy/ros2_ws/install/examples_rclpy_minimal_client/lib/python3.8/site-packages:${PYTHONPATH} /usr/bin/python3 setup.py develop --prefix /home/foxy/ros2_ws/install/examples_rclpy_minimal_client --editable --build-directory /home/foxy/ros2_ws/build/examples_rclpy_minimal_client/build --no-deps install_data --install-dir /home/foxy/ros2_ws/install/examples_rclpy_minimal_client
