[0.327s] Invoking command in '/home/foxy/ros2_ws/build/cpp_pubsub': CMAKE_PREFIX_PATH=/opt/ros/foxy /usr/bin/cmake --build /home/foxy/ros2_ws/build/cpp_pubsub -- -j2 -l2
[2.209s] [ 50%] Built target talker
[2.294s] [100%] Built target listener
[2.556s] Invoked command in '/home/foxy/ros2_ws/build/cpp_pubsub' returned '0': CMAKE_PREFIX_PATH=/opt/ros/foxy /usr/bin/cmake --build /home/foxy/ros2_ws/build/cpp_pubsub -- -j2 -l2
[2.951s] Invoking command in '/home/foxy/ros2_ws/build/cpp_pubsub': CMAKE_PREFIX_PATH=/opt/ros/foxy /usr/bin/cmake --install /home/foxy/ros2_ws/build/cpp_pubsub
[2.989s] -- Install configuration: ""
[2.989s] -- Execute custom install script
[3.018s] -- Up-to-date symlink: /home/foxy/ros2_ws/install/cpp_pubsub/lib/cpp_pubsub/talker
[3.021s] -- Up-to-date symlink: /home/foxy/ros2_ws/install/cpp_pubsub/share/ament_index/resource_index/package_run_dependencies/cpp_pubsub
[3.023s] -- Up-to-date symlink: /home/foxy/ros2_ws/install/cpp_pubsub/share/ament_index/resource_index/parent_prefix_path/cpp_pubsub
[3.033s] -- Up-to-date symlink: /home/foxy/ros2_ws/install/cpp_pubsub/share/cpp_pubsub/environment/ament_prefix_path.sh
[3.067s] -- Up-to-date symlink: /home/foxy/ros2_ws/install/cpp_pubsub/share/cpp_pubsub/environment/ament_prefix_path.dsv
[3.070s] -- Up-to-date symlink: /home/foxy/ros2_ws/install/cpp_pubsub/share/cpp_pubsub/environment/path.sh
[3.071s] -- Up-to-date symlink: /home/foxy/ros2_ws/install/cpp_pubsub/share/cpp_pubsub/environment/path.dsv
[3.097s] -- Up-to-date symlink: /home/foxy/ros2_ws/install/cpp_pubsub/share/cpp_pubsub/local_setup.bash
[3.102s] -- Up-to-date symlink: /home/foxy/ros2_ws/install/cpp_pubsub/share/cpp_pubsub/local_setup.sh
[3.103s] -- Up-to-date symlink: /home/foxy/ros2_ws/install/cpp_pubsub/share/cpp_pubsub/local_setup.zsh
[3.106s] -- Up-to-date symlink: /home/foxy/ros2_ws/install/cpp_pubsub/share/cpp_pubsub/local_setup.dsv
[3.109s] -- Symlinking: /home/foxy/ros2_ws/install/cpp_pubsub/share/cpp_pubsub/package.dsv
[3.347s] -- Up-to-date symlink: /home/foxy/ros2_ws/install/cpp_pubsub/share/ament_index/resource_index/packages/cpp_pubsub
[3.347s] -- Up-to-date symlink: /home/foxy/ros2_ws/install/cpp_pubsub/share/cpp_pubsub/cmake/cpp_pubsubConfig.cmake
[3.349s] -- Up-to-date symlink: /home/foxy/ros2_ws/install/cpp_pubsub/share/cpp_pubsub/cmake/cpp_pubsubConfig-version.cmake
[3.349s] -- Up-to-date symlink: /home/foxy/ros2_ws/install/cpp_pubsub/share/cpp_pubsub/package.xml
[3.433s] -- Up-to-date symlink: /home/foxy/ros2_ws/install/cpp_pubsub/lib/cpp_pubsub/talker
[3.433s] -- Up-to-date symlink: /home/foxy/ros2_ws/install/cpp_pubsub/lib/cpp_pubsub/listener
[3.437s] Invoked command in '/home/foxy/ros2_ws/build/cpp_pubsub' returned '0': CMAKE_PREFIX_PATH=/opt/ros/foxy /usr/bin/cmake --install /home/foxy/ros2_ws/build/cpp_pubsub
