[0.149s] Invoking command in '/home/foxy/ros2_ws/build/examples_rclcpp_minimal_publisher': CMAKE_PREFIX_PATH=/opt/ros/foxy /usr/bin/cmake --build /home/foxy/ros2_ws/build/examples_rclcpp_minimal_publisher -- -j2 -l2
[0.615s] [ 33%] Built target publisher_not_composable
[0.637s] [ 66%] Built target publisher_member_function
[1.257s] [100%] Built target publisher_lambda
[1.360s] Invoked command in '/home/foxy/ros2_ws/build/examples_rclcpp_minimal_publisher' returned '0': CMAKE_PREFIX_PATH=/opt/ros/foxy /usr/bin/cmake --build /home/foxy/ros2_ws/build/examples_rclcpp_minimal_publisher -- -j2 -l2
[1.670s] Invoking command in '/home/foxy/ros2_ws/build/examples_rclcpp_minimal_publisher': CMAKE_PREFIX_PATH=/opt/ros/foxy /usr/bin/cmake --install /home/foxy/ros2_ws/build/examples_rclcpp_minimal_publisher
[1.770s] -- Install configuration: ""
[1.771s] -- Execute custom install script
[1.771s] -- Up-to-date symlink: /home/foxy/ros2_ws/install/examples_rclcpp_minimal_publisher/lib/examples_rclcpp_minimal_publisher/publisher_lambda
[1.771s] -- Up-to-date symlink: /home/foxy/ros2_ws/install/examples_rclcpp_minimal_publisher/lib/examples_rclcpp_minimal_publisher/publisher_member_function
[1.771s] -- Up-to-date symlink: /home/foxy/ros2_ws/install/examples_rclcpp_minimal_publisher/lib/examples_rclcpp_minimal_publisher/publisher_not_composable
[1.771s] -- Up-to-date symlink: /home/foxy/ros2_ws/install/examples_rclcpp_minimal_publisher/share/ament_index/resource_index/package_run_dependencies/examples_rclcpp_minimal_publisher
[1.772s] -- Up-to-date symlink: /home/foxy/ros2_ws/install/examples_rclcpp_minimal_publisher/share/ament_index/resource_index/parent_prefix_path/examples_rclcpp_minimal_publisher
[1.772s] -- Up-to-date symlink: /home/foxy/ros2_ws/install/examples_rclcpp_minimal_publisher/share/examples_rclcpp_minimal_publisher/environment/ament_prefix_path.sh
[1.772s] -- Up-to-date symlink: /home/foxy/ros2_ws/install/examples_rclcpp_minimal_publisher/share/examples_rclcpp_minimal_publisher/environment/ament_prefix_path.dsv
[1.772s] -- Up-to-date symlink: /home/foxy/ros2_ws/install/examples_rclcpp_minimal_publisher/share/examples_rclcpp_minimal_publisher/environment/path.sh
[1.772s] -- Up-to-date symlink: /home/foxy/ros2_ws/install/examples_rclcpp_minimal_publisher/share/examples_rclcpp_minimal_publisher/environment/path.dsv
[1.772s] -- Up-to-date symlink: /home/foxy/ros2_ws/install/examples_rclcpp_minimal_publisher/share/examples_rclcpp_minimal_publisher/local_setup.bash
[1.772s] -- Up-to-date symlink: /home/foxy/ros2_ws/install/examples_rclcpp_minimal_publisher/share/examples_rclcpp_minimal_publisher/local_setup.sh
[1.772s] -- Up-to-date symlink: /home/foxy/ros2_ws/install/examples_rclcpp_minimal_publisher/share/examples_rclcpp_minimal_publisher/local_setup.zsh
[1.803s] -- Up-to-date symlink: /home/foxy/ros2_ws/install/examples_rclcpp_minimal_publisher/share/examples_rclcpp_minimal_publisher/local_setup.dsv
[1.803s] -- Symlinking: /home/foxy/ros2_ws/install/examples_rclcpp_minimal_publisher/share/examples_rclcpp_minimal_publisher/package.dsv
[1.834s] -- Up-to-date symlink: /home/foxy/ros2_ws/install/examples_rclcpp_minimal_publisher/share/ament_index/resource_index/packages/examples_rclcpp_minimal_publisher
[1.872s] -- Up-to-date symlink: /home/foxy/ros2_ws/install/examples_rclcpp_minimal_publisher/share/examples_rclcpp_minimal_publisher/cmake/examples_rclcpp_minimal_publisherConfig.cmake
[1.940s] -- Up-to-date symlink: /home/foxy/ros2_ws/install/examples_rclcpp_minimal_publisher/share/examples_rclcpp_minimal_publisher/cmake/examples_rclcpp_minimal_publisherConfig-version.cmake
[1.945s] -- Up-to-date symlink: /home/foxy/ros2_ws/install/examples_rclcpp_minimal_publisher/share/examples_rclcpp_minimal_publisher/package.xml
[1.960s] Invoked command in '/home/foxy/ros2_ws/build/examples_rclcpp_minimal_publisher' returned '0': CMAKE_PREFIX_PATH=/opt/ros/foxy /usr/bin/cmake --install /home/foxy/ros2_ws/build/examples_rclcpp_minimal_publisher
