[1.972s] Invoking command in '/home/foxy/ros2_ws/build/examples_rclpy_minimal_action_server': PYTHONPATH=/home/foxy/ros2_ws/install/examples_rclpy_minimal_action_server/lib/python3.8/site-packages:${PYTHONPATH} /usr/bin/python3 setup.py develop --prefix /home/foxy/ros2_ws/install/examples_rclpy_minimal_action_server --editable --build-directory /home/foxy/ros2_ws/build/examples_rclpy_minimal_action_server/build --no-deps install_data --install-dir /home/foxy/ros2_ws/install/examples_rclpy_minimal_action_server
[2.638s] running develop
[3.130s] running egg_info
[3.133s] writing examples_rclpy_minimal_action_server.egg-info/PKG-INFO
[3.135s] writing dependency_links to examples_rclpy_minimal_action_server.egg-info/dependency_links.txt
[3.136s] writing entry points to examples_rclpy_minimal_action_server.egg-info/entry_points.txt
[3.139s] writing requirements to examples_rclpy_minimal_action_server.egg-info/requires.txt
[3.140s] writing top-level names to examples_rclpy_minimal_action_server.egg-info/top_level.txt
[3.220s] reading manifest file 'examples_rclpy_minimal_action_server.egg-info/SOURCES.txt'
[3.222s] writing manifest file 'examples_rclpy_minimal_action_server.egg-info/SOURCES.txt'
[3.335s] running build_ext
[3.337s] Creating /home/foxy/ros2_ws/install/examples_rclpy_minimal_action_server/lib/python3.8/site-packages/examples-rclpy-minimal-action-server.egg-link (link to .)
[3.343s] Installing server script to /home/foxy/ros2_ws/install/examples_rclpy_minimal_action_server/lib/examples_rclpy_minimal_action_server
[3.343s] Installing server_defer script to /home/foxy/ros2_ws/install/examples_rclpy_minimal_action_server/lib/examples_rclpy_minimal_action_server
[3.344s] Installing server_not_composable script to /home/foxy/ros2_ws/install/examples_rclpy_minimal_action_server/lib/examples_rclpy_minimal_action_server
[3.344s] Installing server_queue_goals script to /home/foxy/ros2_ws/install/examples_rclpy_minimal_action_server/lib/examples_rclpy_minimal_action_server
[3.345s] Installing server_single_goal script to /home/foxy/ros2_ws/install/examples_rclpy_minimal_action_server/lib/examples_rclpy_minimal_action_server
[3.346s] 
[3.346s] Installed /home/foxy/ros2_ws/build/examples_rclpy_minimal_action_server
[3.347s] running install_data
[3.433s] Invoked command in '/home/foxy/ros2_ws/build/examples_rclpy_minimal_action_server' returned '0': PYTHONPATH=/home/foxy/ros2_ws/install/examples_rclpy_minimal_action_server/lib/python3.8/site-packages:${PYTHONPATH} /usr/bin/python3 setup.py develop --prefix /home/foxy/ros2_ws/install/examples_rclpy_minimal_action_server --editable --build-directory /home/foxy/ros2_ws/build/examples_rclpy_minimal_action_server/build --no-deps install_data --install-dir /home/foxy/ros2_ws/install/examples_rclpy_minimal_action_server
