[0.195s] Invoking command in '/home/foxy/ros2_ws/build/examples_rclcpp_minimal_composition': CMAKE_PREFIX_PATH=/opt/ros/foxy /usr/bin/cmake --build /home/foxy/ros2_ws/build/examples_rclcpp_minimal_composition -- -j2 -l2
[0.670s] [ 33%] Built target composition_nodes
[1.229s] [ 55%] Built target composition_subscriber
[1.343s] [ 77%] Built target composition_composed
[1.617s] [100%] Built target composition_publisher
[1.667s] Invoked command in '/home/foxy/ros2_ws/build/examples_rclcpp_minimal_composition' returned '0': CMAKE_PREFIX_PATH=/opt/ros/foxy /usr/bin/cmake --build /home/foxy/ros2_ws/build/examples_rclcpp_minimal_composition -- -j2 -l2
[2.549s] Invoking command in '/home/foxy/ros2_ws/build/examples_rclcpp_minimal_composition': CMAKE_PREFIX_PATH=/opt/ros/foxy /usr/bin/cmake --install /home/foxy/ros2_ws/build/examples_rclcpp_minimal_composition
[2.552s] -- Install configuration: ""
[2.587s] -- Execute custom install script
[2.663s] -- Up-to-date symlink: /home/foxy/ros2_ws/install/examples_rclcpp_minimal_composition/share/examples_rclcpp_minimal_composition/environment/library_path.sh
[2.725s] -- Up-to-date symlink: /home/foxy/ros2_ws/install/examples_rclcpp_minimal_composition/share/examples_rclcpp_minimal_composition/environment/library_path.dsv
[2.763s] -- Up-to-date symlink: /home/foxy/ros2_ws/install/examples_rclcpp_minimal_composition/lib/libcomposition_nodes.so
[2.763s] -- Up-to-date symlink: /home/foxy/ros2_ws/install/examples_rclcpp_minimal_composition/lib/examples_rclcpp_minimal_composition/composition_publisher
[2.766s] -- Up-to-date symlink: /home/foxy/ros2_ws/install/examples_rclcpp_minimal_composition/lib/examples_rclcpp_minimal_composition/composition_subscriber
[2.813s] -- Up-to-date symlink: /home/foxy/ros2_ws/install/examples_rclcpp_minimal_composition/lib/examples_rclcpp_minimal_composition/composition_composed
[2.813s] -- Up-to-date symlink: /home/foxy/ros2_ws/install/examples_rclcpp_minimal_composition/share/ament_index/resource_index/package_run_dependencies/examples_rclcpp_minimal_composition
[2.813s] -- Up-to-date symlink: /home/foxy/ros2_ws/install/examples_rclcpp_minimal_composition/share/ament_index/resource_index/parent_prefix_path/examples_rclcpp_minimal_composition
[2.813s] -- Up-to-date symlink: /home/foxy/ros2_ws/install/examples_rclcpp_minimal_composition/share/examples_rclcpp_minimal_composition/environment/ament_prefix_path.sh
[2.813s] -- Up-to-date symlink: /home/foxy/ros2_ws/install/examples_rclcpp_minimal_composition/share/examples_rclcpp_minimal_composition/environment/ament_prefix_path.dsv
[2.813s] -- Up-to-date symlink: /home/foxy/ros2_ws/install/examples_rclcpp_minimal_composition/share/examples_rclcpp_minimal_composition/environment/path.sh
[2.813s] -- Up-to-date symlink: /home/foxy/ros2_ws/install/examples_rclcpp_minimal_composition/share/examples_rclcpp_minimal_composition/environment/path.dsv
[2.814s] -- Up-to-date symlink: /home/foxy/ros2_ws/install/examples_rclcpp_minimal_composition/share/examples_rclcpp_minimal_composition/local_setup.bash
[2.814s] -- Up-to-date symlink: /home/foxy/ros2_ws/install/examples_rclcpp_minimal_composition/share/examples_rclcpp_minimal_composition/local_setup.sh
[2.814s] -- Up-to-date symlink: /home/foxy/ros2_ws/install/examples_rclcpp_minimal_composition/share/examples_rclcpp_minimal_composition/local_setup.zsh
[2.814s] -- Up-to-date symlink: /home/foxy/ros2_ws/install/examples_rclcpp_minimal_composition/share/examples_rclcpp_minimal_composition/local_setup.dsv
[2.814s] -- Symlinking: /home/foxy/ros2_ws/install/examples_rclcpp_minimal_composition/share/examples_rclcpp_minimal_composition/package.dsv
[2.960s] -- Up-to-date symlink: /home/foxy/ros2_ws/install/examples_rclcpp_minimal_composition/share/ament_index/resource_index/packages/examples_rclcpp_minimal_composition
[2.966s] -- Up-to-date symlink: /home/foxy/ros2_ws/install/examples_rclcpp_minimal_composition/share/examples_rclcpp_minimal_composition/cmake/examples_rclcpp_minimal_compositionConfig.cmake
[2.966s] -- Up-to-date symlink: /home/foxy/ros2_ws/install/examples_rclcpp_minimal_composition/share/examples_rclcpp_minimal_composition/cmake/examples_rclcpp_minimal_compositionConfig-version.cmake
[2.967s] -- Up-to-date symlink: /home/foxy/ros2_ws/install/examples_rclcpp_minimal_composition/share/examples_rclcpp_minimal_composition/package.xml
[3.036s] Invoked command in '/home/foxy/ros2_ws/build/examples_rclcpp_minimal_composition' returned '0': CMAKE_PREFIX_PATH=/opt/ros/foxy /usr/bin/cmake --install /home/foxy/ros2_ws/build/examples_rclcpp_minimal_composition
