[0.118s] Invoking command in '/home/foxy/ros2_ws/build/tutorial_interfaces': /usr/bin/cmake --build /home/foxy/ros2_ws/build/tutorial_interfaces -- -j2 -l2
[0.232s] -- Found ament_cmake: 0.9.11 (/opt/ros/foxy/share/ament_cmake/cmake)
[0.298s] -- Found PythonInterp: /usr/bin/python3 (found suitable version "3.8.10", minimum required is "3") 
[0.298s] -- Using PYTHON_EXECUTABLE: /usr/bin/python3
[1.071s] -- Override CMake install command with custom implementation using symlinks instead of copying resources
[1.094s] -- Found geometry_msgs: 2.0.5 (/opt/ros/foxy/share/geometry_msgs/cmake)
[1.154s] -- Using all available rosidl_typesupport_c: rosidl_typesupport_fastrtps_c;rosidl_typesupport_introspection_c
[1.172s] -- Found rosidl_adapter: 1.3.0 (/opt/ros/foxy/share/rosidl_adapter/cmake)
[1.813s] -- Using all available rosidl_typesupport_cpp: rosidl_typesupport_fastrtps_cpp;rosidl_typesupport_introspection_cpp
[2.032s] -- Found rosidl_default_generators: 1.0.1 (/opt/ros/foxy/share/rosidl_default_generators/cmake)
[2.054s] -- Found rclcpp: 2.4.2 (/opt/ros/foxy/share/rclcpp/cmake)
[2.165s] -- Found rmw_implementation_cmake: 1.0.3 (/opt/ros/foxy/share/rmw_implementation_cmake/cmake)
[2.170s] -- Using RMW implementation 'rmw_fastrtps_cpp' as default
[2.571s] -- Found tutorial_interfaces: 0.0.0 (/home/foxy/ros2_ws/install/tutorial_interfaces/share/tutorial_interfaces/cmake)
[2.793s] -- Found PythonInterp: /usr/bin/python3 (found version "3.8.10") 
[3.237s] Error parsing '/home/foxy/ros2_ws/src/tutorial_interfaces/package.xml':
[3.852s] Traceback (most recent call last):
[3.852s]   File "/opt/ros/foxy/share/ament_cmake_core/cmake/core/package_xml_2_cmake.py", line 143, in <module>
[3.853s]     main()
[3.853s]   File "/opt/ros/foxy/share/ament_cmake_core/cmake/core/package_xml_2_cmake.py", line 52, in main
[3.853s]     raise e
[3.853s]   File "/opt/ros/foxy/share/ament_cmake_core/cmake/core/package_xml_2_cmake.py", line 48, in main
[3.853s]     package = parse_package_string(
[3.853s]   File "/usr/lib/python3/dist-packages/catkin_pkg/package.py", line 788, in parse_package_string
[3.853s]     pkg.validate(warnings=warnings)
[3.858s]   File "/usr/lib/python3/dist-packages/catkin_pkg/package.py", line 330, in validate
[3.859s]     raise InvalidPackage('\n'.join(errors), self.filename)
[3.859s] catkin_pkg.package.InvalidPackage: Error(s) in package '/home/foxy/ros2_ws/src/tutorial_interfaces/package.xml':
[3.859s] The package "tutorial_interfaces" must not "build_depend" on a package with the same name as this package
[3.859s] The package "tutorial_interfaces" must not "build_export_depend" on a package with the same name as this package
[3.859s] The package "tutorial_interfaces" must not "exec_depend" on a package with the same name as this package
[3.982s] CMake Error at /opt/ros/foxy/share/ament_cmake_core/cmake/core/ament_package_xml.cmake:94 (message):
[3.982s]   execute_process(/usr/bin/python3
[3.982s]   /opt/ros/foxy/share/ament_cmake_core/cmake/core/package_xml_2_cmake.py
[3.982s]   /home/foxy/ros2_ws/src/tutorial_interfaces/package.xml
[3.983s]   /home/foxy/ros2_ws/build/tutorial_interfaces/ament_cmake_core/package.cmake)
[3.983s]   returned error code 1
[3.983s] Call Stack (most recent call first):
[3.983s]   /opt/ros/foxy/share/ament_cmake_core/cmake/core/ament_package_xml.cmake:49 (_ament_package_xml)
[3.984s]   /opt/ros/foxy/share/rosidl_cmake/cmake/rosidl_generate_interfaces.cmake:226 (ament_package_xml)
[3.984s]   CMakeLists.txt:33 (rosidl_generate_interfaces)
[3.984s] 
[3.984s] 
[3.984s] -- Configuring incomplete, errors occurred!
[3.984s] See also "/home/foxy/ros2_ws/build/tutorial_interfaces/CMakeFiles/CMakeOutput.log".
[3.985s] See also "/home/foxy/ros2_ws/build/tutorial_interfaces/CMakeFiles/CMakeError.log".
[4.004s] make: *** [Makefile:1228: cmake_check_build_system] Error 1
[4.009s] Invoked command in '/home/foxy/ros2_ws/build/tutorial_interfaces' returned '2': /usr/bin/cmake --build /home/foxy/ros2_ws/build/tutorial_interfaces -- -j2 -l2
