[1.797s] Invoking command in '/home/foxy/ros2_ws/build/examples_rclpy_minimal_client': PYTHONPATH=/home/foxy/ros2_ws/install/examples_rclpy_minimal_client/lib/python3.8/site-packages:${PYTHONPATH} /usr/bin/python3 setup.py develop --prefix /home/foxy/ros2_ws/install/examples_rclpy_minimal_client --editable --build-directory /home/foxy/ros2_ws/build/examples_rclpy_minimal_client/build --no-deps install_data --install-dir /home/foxy/ros2_ws/install/examples_rclpy_minimal_client
[2.451s] running develop
[3.015s] running egg_info
[3.015s] writing examples_rclpy_minimal_client.egg-info/PKG-INFO
[3.016s] writing dependency_links to examples_rclpy_minimal_client.egg-info/dependency_links.txt
[3.019s] writing entry points to examples_rclpy_minimal_client.egg-info/entry_points.txt
[3.020s] writing requirements to examples_rclpy_minimal_client.egg-info/requires.txt
[3.021s] writing top-level names to examples_rclpy_minimal_client.egg-info/top_level.txt
[3.112s] reading manifest file 'examples_rclpy_minimal_client.egg-info/SOURCES.txt'
[3.114s] writing manifest file 'examples_rclpy_minimal_client.egg-info/SOURCES.txt'
[3.230s] running build_ext
[3.233s] Creating /home/foxy/ros2_ws/install/examples_rclpy_minimal_client/lib/python3.8/site-packages/examples-rclpy-minimal-client.egg-link (link to .)
[3.237s] Installing client script to /home/foxy/ros2_ws/install/examples_rclpy_minimal_client/lib/examples_rclpy_minimal_client
[3.237s] Installing client_async script to /home/foxy/ros2_ws/install/examples_rclpy_minimal_client/lib/examples_rclpy_minimal_client
[3.238s] Installing client_async_callback script to /home/foxy/ros2_ws/install/examples_rclpy_minimal_client/lib/examples_rclpy_minimal_client
[3.239s] Installing client_async_member_function script to /home/foxy/ros2_ws/install/examples_rclpy_minimal_client/lib/examples_rclpy_minimal_client
[3.240s] 
[3.240s] Installed /home/foxy/ros2_ws/build/examples_rclpy_minimal_client
[3.241s] running install_data
[3.445s] Invoked command in '/home/foxy/ros2_ws/build/examples_rclpy_minimal_client' returned '0': PYTHONPATH=/home/foxy/ros2_ws/install/examples_rclpy_minimal_client/lib/python3.8/site-packages:${PYTHONPATH} /usr/bin/python3 setup.py develop --prefix /home/foxy/ros2_ws/install/examples_rclpy_minimal_client --editable --build-directory /home/foxy/ros2_ws/build/examples_rclpy_minimal_client/build --no-deps install_data --install-dir /home/foxy/ros2_ws/install/examples_rclpy_minimal_client
