[0.049s] Invoking command in '/home/foxy/ros2_ws/build/tutorial_interfaces': CMAKE_PREFIX_PATH=/opt/ros/foxy /usr/bin/cmake /home/foxy/ros2_ws/src/tutorial_interfaces -DCMAKE_INSTALL_PREFIX=/home/foxy/ros2_ws/install/tutorial_interfaces
[0.136s] -- Found ament_cmake: 0.9.11 (/opt/ros/foxy/share/ament_cmake/cmake)
[0.195s] -- Found PythonInterp: /usr/bin/python3 (found suitable version "3.8.10", minimum required is "3") 
[0.195s] -- Using PYTHON_EXECUTABLE: /usr/bin/python3
[0.687s] -- Override CMake install command with custom implementation using symlinks instead of copying resources
[0.707s] -- Found geometry_msgs: 2.0.5 (/opt/ros/foxy/share/geometry_msgs/cmake)
[0.761s] -- Using all available rosidl_typesupport_c: rosidl_typesupport_fastrtps_c;rosidl_typesupport_introspection_c
[0.783s] -- Found rosidl_adapter: 1.3.0 (/opt/ros/foxy/share/rosidl_adapter/cmake)
[1.079s] -- Using all available rosidl_typesupport_cpp: rosidl_typesupport_fastrtps_cpp;rosidl_typesupport_introspection_cpp
[1.310s] CMake Error at CMakeLists.txt:25 (find_package):
[1.325s]   By not providing "Findrosidl_default_generatorss.cmake" in
[1.326s]   CMAKE_MODULE_PATH this project has asked CMake to find a package
[1.326s]   configuration file provided by "rosidl_default_generatorss", but CMake did
[1.326s]   not find one.
[1.326s] 
[1.326s]   Could not find a package configuration file provided by
[1.327s]   "rosidl_default_generatorss" with any of the following names:
[1.327s] 
[1.327s]     rosidl_default_generatorssConfig.cmake
[1.327s]     rosidl_default_generatorss-config.cmake
[1.327s] 
[1.327s]   Add the installation prefix of "rosidl_default_generatorss" to
[1.327s]   CMAKE_PREFIX_PATH or set "rosidl_default_generatorss_DIR" to a directory
[1.328s]   containing one of the above files.  If "rosidl_default_generatorss"
[1.328s]   provides a separate development package or SDK, be sure it has been
[1.328s]   installed.
[1.328s] 
[1.328s] 
[1.328s] -- Configuring incomplete, errors occurred!
[1.328s] See also "/home/foxy/ros2_ws/build/tutorial_interfaces/CMakeFiles/CMakeOutput.log".
[1.345s] Invoked command in '/home/foxy/ros2_ws/build/tutorial_interfaces' returned '1': CMAKE_PREFIX_PATH=/opt/ros/foxy /usr/bin/cmake /home/foxy/ros2_ws/src/tutorial_interfaces -DCMAKE_INSTALL_PREFIX=/home/foxy/ros2_ws/install/tutorial_interfaces
