-- Found ament_cmake: 0.9.11 (/opt/ros/foxy/share/ament_cmake/cmake)
-- Found PythonInterp: /usr/bin/python3 (found suitable version "3.8.10", minimum required is "3") 
-- Using PYTHON_EXECUTABLE: /usr/bin/python3
-- Override CMake install command with custom implementation using symlinks instead of copying resources
-- Found ament_lint_auto: 0.9.7 (/opt/ros/foxy/share/ament_lint_auto/cmake)
-- Added test 'copyright' to check source files copyright and LICENSE
-- Added test 'lint_cmake' to check CMake code style
-- Added test 'xmllint' to check XML markup files
-- Configuring done
-- Generating done
-- Build files have been written to: /home/foxy/ros2_ws/build/tutorial_interfaces
-- Install configuration: ""
-- Execute custom install script
-- Up-to-date symlink: /home/foxy/ros2_ws/install/tutorial_interfaces/share/ament_index/resource_index/package_run_dependencies/tutorial_interfaces
-- Up-to-date symlink: /home/foxy/ros2_ws/install/tutorial_interfaces/share/ament_index/resource_index/parent_prefix_path/tutorial_interfaces
-- Up-to-date symlink: /home/foxy/ros2_ws/install/tutorial_interfaces/share/tutorial_interfaces/environment/ament_prefix_path.sh
-- Up-to-date symlink: /home/foxy/ros2_ws/install/tutorial_interfaces/share/tutorial_interfaces/environment/ament_prefix_path.dsv
-- Up-to-date symlink: /home/foxy/ros2_ws/install/tutorial_interfaces/share/tutorial_interfaces/environment/path.sh
-- Up-to-date symlink: /home/foxy/ros2_ws/install/tutorial_interfaces/share/tutorial_interfaces/environment/path.dsv
-- Up-to-date symlink: /home/foxy/ros2_ws/install/tutorial_interfaces/share/tutorial_interfaces/local_setup.bash
-- Up-to-date symlink: /home/foxy/ros2_ws/install/tutorial_interfaces/share/tutorial_interfaces/local_setup.sh
-- Up-to-date symlink: /home/foxy/ros2_ws/install/tutorial_interfaces/share/tutorial_interfaces/local_setup.zsh
-- Up-to-date symlink: /home/foxy/ros2_ws/install/tutorial_interfaces/share/tutorial_interfaces/local_setup.dsv
-- Symlinking: /home/foxy/ros2_ws/install/tutorial_interfaces/share/tutorial_interfaces/package.dsv
-- Up-to-date symlink: /home/foxy/ros2_ws/install/tutorial_interfaces/share/ament_index/resource_index/packages/tutorial_interfaces
-- Up-to-date symlink: /home/foxy/ros2_ws/install/tutorial_interfaces/share/tutorial_interfaces/cmake/tutorial_interfacesConfig.cmake
-- Up-to-date symlink: /home/foxy/ros2_ws/install/tutorial_interfaces/share/tutorial_interfaces/cmake/tutorial_interfacesConfig-version.cmake
-- Up-to-date symlink: /home/foxy/ros2_ws/install/tutorial_interfaces/share/tutorial_interfaces/package.xml
