[0.167s] Invoking command in '/home/foxy/ros2_ws/build/tutorial_interfaces': CMAKE_PREFIX_PATH=/opt/ros/foxy /usr/bin/cmake --build /home/foxy/ros2_ws/build/tutorial_interfaces -- -j2 -l2
[0.743s] -- Found ament_cmake: 0.9.11 (/opt/ros/foxy/share/ament_cmake/cmake)
[1.076s] -- Found PythonInterp: /usr/bin/python3 (found suitable version "3.8.10", minimum required is "3") 
[1.077s] -- Using PYTHON_EXECUTABLE: /usr/bin/python3
[2.473s] -- Override CMake install command with custom implementation using symlinks instead of copying resources
[2.540s] -- Found ament_lint_auto: 0.9.7 (/opt/ros/foxy/share/ament_lint_auto/cmake)
[4.093s] -- Added test 'copyright' to check source files copyright and LICENSE
[4.157s] -- Added test 'lint_cmake' to check CMake code style
[4.206s] -- Added test 'xmllint' to check XML markup files
[4.248s] -- Configuring done
[4.364s] -- Generating done
[4.386s] -- Build files have been written to: /home/foxy/ros2_ws/build/tutorial_interfaces
[4.557s] Invoked command in '/home/foxy/ros2_ws/build/tutorial_interfaces' returned '0': CMAKE_PREFIX_PATH=/opt/ros/foxy /usr/bin/cmake --build /home/foxy/ros2_ws/build/tutorial_interfaces -- -j2 -l2
[4.699s] Invoking command in '/home/foxy/ros2_ws/build/tutorial_interfaces': CMAKE_PREFIX_PATH=/opt/ros/foxy /usr/bin/cmake --install /home/foxy/ros2_ws/build/tutorial_interfaces
[4.815s] -- Install configuration: ""
[4.815s] -- Execute custom install script
[4.815s] -- Up-to-date symlink: /home/foxy/ros2_ws/install/tutorial_interfaces/share/ament_index/resource_index/package_run_dependencies/tutorial_interfaces
[4.816s] -- Up-to-date symlink: /home/foxy/ros2_ws/install/tutorial_interfaces/share/ament_index/resource_index/parent_prefix_path/tutorial_interfaces
[4.816s] -- Up-to-date symlink: /home/foxy/ros2_ws/install/tutorial_interfaces/share/tutorial_interfaces/environment/ament_prefix_path.sh
[4.816s] -- Up-to-date symlink: /home/foxy/ros2_ws/install/tutorial_interfaces/share/tutorial_interfaces/environment/ament_prefix_path.dsv
[4.816s] -- Up-to-date symlink: /home/foxy/ros2_ws/install/tutorial_interfaces/share/tutorial_interfaces/environment/path.sh
[4.816s] -- Up-to-date symlink: /home/foxy/ros2_ws/install/tutorial_interfaces/share/tutorial_interfaces/environment/path.dsv
[4.816s] -- Up-to-date symlink: /home/foxy/ros2_ws/install/tutorial_interfaces/share/tutorial_interfaces/local_setup.bash
[4.816s] -- Up-to-date symlink: /home/foxy/ros2_ws/install/tutorial_interfaces/share/tutorial_interfaces/local_setup.sh
[4.817s] -- Up-to-date symlink: /home/foxy/ros2_ws/install/tutorial_interfaces/share/tutorial_interfaces/local_setup.zsh
[4.817s] -- Up-to-date symlink: /home/foxy/ros2_ws/install/tutorial_interfaces/share/tutorial_interfaces/local_setup.dsv
[4.817s] -- Symlinking: /home/foxy/ros2_ws/install/tutorial_interfaces/share/tutorial_interfaces/package.dsv
[4.862s] -- Up-to-date symlink: /home/foxy/ros2_ws/install/tutorial_interfaces/share/ament_index/resource_index/packages/tutorial_interfaces
[4.862s] -- Up-to-date symlink: /home/foxy/ros2_ws/install/tutorial_interfaces/share/tutorial_interfaces/cmake/tutorial_interfacesConfig.cmake
[4.862s] -- Up-to-date symlink: /home/foxy/ros2_ws/install/tutorial_interfaces/share/tutorial_interfaces/cmake/tutorial_interfacesConfig-version.cmake
[4.862s] -- Up-to-date symlink: /home/foxy/ros2_ws/install/tutorial_interfaces/share/tutorial_interfaces/package.xml
[4.867s] Invoked command in '/home/foxy/ros2_ws/build/tutorial_interfaces' returned '0': CMAKE_PREFIX_PATH=/opt/ros/foxy /usr/bin/cmake --install /home/foxy/ros2_ws/build/tutorial_interfaces
