[4.810s] Invoking command in '/home/foxy/ros2_ws/build/examples_rclpy_minimal_publisher': PYTHONPATH=/home/foxy/ros2_ws/install/examples_rclpy_minimal_publisher/lib/python3.8/site-packages:${PYTHONPATH} /usr/bin/python3 setup.py develop --prefix /home/foxy/ros2_ws/install/examples_rclpy_minimal_publisher --uninstall --editable --build-directory /home/foxy/ros2_ws/build/examples_rclpy_minimal_publisher/build
[6.274s] running develop
[7.670s] Invoked command in '/home/foxy/ros2_ws/build/examples_rclpy_minimal_publisher' returned '0': PYTHONPATH=/home/foxy/ros2_ws/install/examples_rclpy_minimal_publisher/lib/python3.8/site-packages:${PYTHONPATH} /usr/bin/python3 setup.py develop --prefix /home/foxy/ros2_ws/install/examples_rclpy_minimal_publisher --uninstall --editable --build-directory /home/foxy/ros2_ws/build/examples_rclpy_minimal_publisher/build
[7.730s] Invoking command in '/home/foxy/ros2_ws/src/examples/rclpy/topics/minimal_publisher': PYTHONPATH=/home/foxy/ros2_ws/install/examples_rclpy_minimal_publisher/lib/python3.8/site-packages:${PYTHONPATH} /usr/bin/python3 setup.py egg_info --egg-base ../../../../../build/examples_rclpy_minimal_publisher build --build-base /home/foxy/ros2_ws/build/examples_rclpy_minimal_publisher/build install --prefix /home/foxy/ros2_ws/install/examples_rclpy_minimal_publisher --record /home/foxy/ros2_ws/build/examples_rclpy_minimal_publisher/install.log --single-version-externally-managed
[9.330s] running egg_info
[9.330s] writing ../../../../../build/examples_rclpy_minimal_publisher/examples_rclpy_minimal_publisher.egg-info/PKG-INFO
[9.331s] writing dependency_links to ../../../../../build/examples_rclpy_minimal_publisher/examples_rclpy_minimal_publisher.egg-info/dependency_links.txt
[9.331s] writing entry points to ../../../../../build/examples_rclpy_minimal_publisher/examples_rclpy_minimal_publisher.egg-info/entry_points.txt
[9.331s] writing requirements to ../../../../../build/examples_rclpy_minimal_publisher/examples_rclpy_minimal_publisher.egg-info/requires.txt
[9.331s] writing top-level names to ../../../../../build/examples_rclpy_minimal_publisher/examples_rclpy_minimal_publisher.egg-info/top_level.txt
[9.733s] reading manifest file '../../../../../build/examples_rclpy_minimal_publisher/examples_rclpy_minimal_publisher.egg-info/SOURCES.txt'
[9.733s] writing manifest file '../../../../../build/examples_rclpy_minimal_publisher/examples_rclpy_minimal_publisher.egg-info/SOURCES.txt'
[9.733s] running build
[9.733s] running build_py
[9.733s] running install
[9.734s] running install_lib
[9.734s] running install_data
[9.734s] running install_egg_info
[9.757s] removing '/home/foxy/ros2_ws/install/examples_rclpy_minimal_publisher/lib/python3.8/site-packages/examples_rclpy_minimal_publisher-0.9.4-py3.8.egg-info' (and everything under it)
[9.757s] Copying ../../../../../build/examples_rclpy_minimal_publisher/examples_rclpy_minimal_publisher.egg-info to /home/foxy/ros2_ws/install/examples_rclpy_minimal_publisher/lib/python3.8/site-packages/examples_rclpy_minimal_publisher-0.9.4-py3.8.egg-info
[9.782s] running install_scripts
[9.933s] Installing publisher_local_function script to /home/foxy/ros2_ws/install/examples_rclpy_minimal_publisher/lib/examples_rclpy_minimal_publisher
[9.982s] Installing publisher_member_function script to /home/foxy/ros2_ws/install/examples_rclpy_minimal_publisher/lib/examples_rclpy_minimal_publisher
[9.982s] Installing publisher_old_school script to /home/foxy/ros2_ws/install/examples_rclpy_minimal_publisher/lib/examples_rclpy_minimal_publisher
[9.996s] writing list of installed files to '/home/foxy/ros2_ws/build/examples_rclpy_minimal_publisher/install.log'
[10.276s] Invoked command in '/home/foxy/ros2_ws/src/examples/rclpy/topics/minimal_publisher' returned '0': PYTHONPATH=/home/foxy/ros2_ws/install/examples_rclpy_minimal_publisher/lib/python3.8/site-packages:${PYTHONPATH} /usr/bin/python3 setup.py egg_info --egg-base ../../../../../build/examples_rclpy_minimal_publisher build --build-base /home/foxy/ros2_ws/build/examples_rclpy_minimal_publisher/build install --prefix /home/foxy/ros2_ws/install/examples_rclpy_minimal_publisher --record /home/foxy/ros2_ws/build/examples_rclpy_minimal_publisher/install.log --single-version-externally-managed
