[0.062s] Invoking command in '/home/foxy/ros2_ws/build/tutorial_interfaces': CMAKE_PREFIX_PATH=${CMAKE_PREFIX_PATH}:/home/foxy/ros2_ws/install/py_srvcli:/home/foxy/ros2_ws/install/examples_rclpy_minimal_subscriber:/home/foxy/ros2_ws/install/examples_rclpy_minimal_service:/home/foxy/ros2_ws/install/examples_rclpy_minimal_publisher:/home/foxy/ros2_ws/install/examples_rclpy_minimal_client:/home/foxy/ros2_ws/install/examples_rclpy_minimal_action_server:/home/foxy/ros2_ws/install/examples_rclpy_minimal_action_client:/home/foxy/ros2_ws/install/examples_rclpy_executors:/opt/ros/foxy /usr/bin/cmake --build /home/foxy/ros2_ws/build/tutorial_interfaces -- -j2 -l2
[0.127s] -- Found ament_cmake: 0.9.11 (/opt/ros/foxy/share/ament_cmake/cmake)
[0.207s] -- Using PYTHON_EXECUTABLE: /usr/bin/python3
[0.826s] -- Override CMake install command with custom implementation using symlinks instead of copying resources
[0.827s] -- Found geometry_msgs: 2.0.5 (/opt/ros/foxy/share/geometry_msgs/cmake)
[0.865s] -- Using all available rosidl_typesupport_c: rosidl_typesupport_fastrtps_c;rosidl_typesupport_introspection_c
[0.875s] -- Found rosidl_adapter: 1.3.0 (/opt/ros/foxy/share/rosidl_adapter/cmake)
[1.180s] -- Using all available rosidl_typesupport_cpp: rosidl_typesupport_fastrtps_cpp;rosidl_typesupport_introspection_cpp
[1.398s] -- Found rosidl_default_generators: 1.0.1 (/opt/ros/foxy/share/rosidl_default_generators/cmake)
[1.512s] -- Found PythonInterp: /usr/bin/python3 (found version "3.8.10") 
[2.285s] -- Found ament_cmake_ros: 0.9.2 (/opt/ros/foxy/share/ament_cmake_ros/cmake)
[3.008s] -- Using all available rosidl_typesupport_c: rosidl_typesupport_fastrtps_c;rosidl_typesupport_introspection_c
[3.324s] -- Using all available rosidl_typesupport_cpp: rosidl_typesupport_fastrtps_cpp;rosidl_typesupport_introspection_cpp
[3.421s] -- Found PythonInterp: /usr/bin/python3 (found suitable version "3.8.10", minimum required is "3.5") 
[3.430s] -- Found python_cmake_module: 0.8.1 (/opt/ros/foxy/share/python_cmake_module/cmake)
[3.538s] -- Found PythonLibs: /usr/lib/x86_64-linux-gnu/libpython3.8.so (found suitable version "3.8.10", minimum required is "3.5") 
[3.539s] -- Using PYTHON_EXECUTABLE: /usr/bin/python3
[3.540s] -- Using PYTHON_INCLUDE_DIRS: /usr/include/python3.8
[3.540s] -- Using PYTHON_LIBRARIES: /usr/lib/x86_64-linux-gnu/libpython3.8.so
[3.619s] -- Found PythonExtra: .so  
[3.971s] -- Found ament_lint_auto: 0.9.7 (/opt/ros/foxy/share/ament_lint_auto/cmake)
[4.050s] -- Added test 'copyright' to check source files copyright and LICENSE
[4.051s] -- Added test 'lint_cmake' to check CMake code style
[4.051s] -- Added test 'xmllint' to check XML markup files
[4.080s] -- Configuring done
[4.483s] -- Generating done
[4.495s] -- Build files have been written to: /home/foxy/ros2_ws/build/tutorial_interfaces
[4.576s] [35m[1mScanning dependencies of target tutorial_interfaces__cpp[0m
[4.582s] [  2%] [34m[1mGenerating C code for ROS interfaces[0m
[4.618s] [  4%] [34m[1mGenerating C++ code for ROS interfaces[0m
[6.304s] [  4%] Built target tutorial_interfaces__cpp
[6.360s] [  6%] [34m[1mGenerating C++ type support dispatch for ROS interfaces[0m
[6.689s] [35m[1mScanning dependencies of target tutorial_interfaces__rosidl_generator_c[0m
[6.917s] [  8%] [32mBuilding C object CMakeFiles/tutorial_interfaces__rosidl_generator_c.dir/rosidl_generator_c/tutorial_interfaces/msg/detail/num__functions.c.o[0m
[8.458s] [35m[1mScanning dependencies of target tutorial_interfaces__rosidl_typesupport_cpp[0m
[8.541s] [ 10%] [32mBuilding CXX object CMakeFiles/tutorial_interfaces__rosidl_typesupport_cpp.dir/rosidl_typesupport_cpp/tutorial_interfaces/msg/num__type_support.cpp.o[0m
[8.717s] [ 12%] [32mBuilding C object CMakeFiles/tutorial_interfaces__rosidl_generator_c.dir/rosidl_generator_c/tutorial_interfaces/msg/detail/sphere__functions.c.o[0m
[8.936s] [ 14%] [32mBuilding C object CMakeFiles/tutorial_interfaces__rosidl_generator_c.dir/rosidl_generator_c/tutorial_interfaces/srv/detail/add_three_ints__functions.c.o[0m
[9.267s] [ 17%] [32m[1mLinking C shared library libtutorial_interfaces__rosidl_generator_c.so[0m
[9.652s] [ 17%] Built target tutorial_interfaces__rosidl_generator_c
[9.683s] [ 19%] [34m[1mGenerating C++ type support for eProsima Fast-RTPS[0m
[11.369s] [35m[1mScanning dependencies of target tutorial_interfaces__rosidl_typesupport_fastrtps_cpp[0m
[11.471s] [ 21%] [32mBuilding CXX object CMakeFiles/tutorial_interfaces__rosidl_typesupport_fastrtps_cpp.dir/rosidl_typesupport_fastrtps_cpp/tutorial_interfaces/msg/detail/dds_fastrtps/num__type_support.cpp.o[0m
[11.514s] [ 23%] [32mBuilding CXX object CMakeFiles/tutorial_interfaces__rosidl_typesupport_cpp.dir/rosidl_typesupport_cpp/tutorial_interfaces/msg/sphere__type_support.cpp.o[0m
[13.639s] [ 25%] [32mBuilding CXX object CMakeFiles/tutorial_interfaces__rosidl_typesupport_cpp.dir/rosidl_typesupport_cpp/tutorial_interfaces/srv/add_three_ints__type_support.cpp.o[0m
[14.205s] [ 27%] [32mBuilding CXX object CMakeFiles/tutorial_interfaces__rosidl_typesupport_fastrtps_cpp.dir/rosidl_typesupport_fastrtps_cpp/tutorial_interfaces/msg/detail/dds_fastrtps/sphere__type_support.cpp.o[0m
[14.465s] [ 29%] [32m[1mLinking CXX shared library libtutorial_interfaces__rosidl_typesupport_cpp.so[0m
[14.596s] [ 29%] Built target tutorial_interfaces__rosidl_typesupport_cpp
[14.624s] [ 31%] [34m[1mGenerating C introspection for ROS interfaces[0m
[15.512s] [ 34%] [32mBuilding CXX object CMakeFiles/tutorial_interfaces__rosidl_typesupport_fastrtps_cpp.dir/rosidl_typesupport_fastrtps_cpp/tutorial_interfaces/srv/detail/dds_fastrtps/add_three_ints__type_support.cpp.o[0m
[15.649s] [35m[1mScanning dependencies of target tutorial_interfaces__rosidl_typesupport_introspection_c[0m
[15.702s] [ 36%] [32mBuilding C object CMakeFiles/tutorial_interfaces__rosidl_typesupport_introspection_c.dir/rosidl_typesupport_introspection_c/tutorial_interfaces/msg/detail/num__type_support.c.o[0m
[15.795s] [ 38%] [32mBuilding C object CMakeFiles/tutorial_interfaces__rosidl_typesupport_introspection_c.dir/rosidl_typesupport_introspection_c/tutorial_interfaces/msg/detail/sphere__type_support.c.o[0m
[15.882s] [ 40%] [32mBuilding C object CMakeFiles/tutorial_interfaces__rosidl_typesupport_introspection_c.dir/rosidl_typesupport_introspection_c/tutorial_interfaces/srv/detail/add_three_ints__type_support.c.o[0m
[16.104s] [ 42%] [32m[1mLinking C shared library libtutorial_interfaces__rosidl_typesupport_introspection_c.so[0m
[16.180s] [ 42%] Built target tutorial_interfaces__rosidl_typesupport_introspection_c
[16.208s] [ 44%] [34m[1mGenerating C type support dispatch for ROS interfaces[0m
[16.816s] [ 46%] [32m[1mLinking CXX shared library libtutorial_interfaces__rosidl_typesupport_fastrtps_cpp.so[0m
[16.954s] [35m[1mScanning dependencies of target tutorial_interfaces__rosidl_typesupport_c[0m
[17.105s] [ 46%] Built target tutorial_interfaces__rosidl_typesupport_fastrtps_cpp
[17.209s] [ 48%] [32mBuilding CXX object CMakeFiles/tutorial_interfaces__rosidl_typesupport_c.dir/rosidl_typesupport_c/tutorial_interfaces/msg/num__type_support.cpp.o[0m
[17.214s] [ 51%] [34m[1mGenerating C++ introspection for ROS interfaces[0m
[17.297s] [ 53%] [32mBuilding CXX object CMakeFiles/tutorial_interfaces__rosidl_typesupport_c.dir/rosidl_typesupport_c/tutorial_interfaces/msg/sphere__type_support.cpp.o[0m
[17.388s] [ 55%] [32mBuilding CXX object CMakeFiles/tutorial_interfaces__rosidl_typesupport_c.dir/rosidl_typesupport_c/tutorial_interfaces/srv/add_three_ints__type_support.cpp.o[0m
[17.463s] [ 57%] [32m[1mLinking CXX shared library libtutorial_interfaces__rosidl_typesupport_c.so[0m
[17.575s] [ 57%] Built target tutorial_interfaces__rosidl_typesupport_c
[17.603s] [ 59%] [34m[1mGenerating C type support for eProsima Fast-RTPS[0m
[18.038s] [35m[1mScanning dependencies of target tutorial_interfaces__rosidl_typesupport_introspection_cpp[0m
[18.115s] [ 61%] [32mBuilding CXX object CMakeFiles/tutorial_interfaces__rosidl_typesupport_introspection_cpp.dir/rosidl_typesupport_introspection_cpp/tutorial_interfaces/msg/detail/num__type_support.cpp.o[0m
[18.507s] [35m[1mScanning dependencies of target tutorial_interfaces__rosidl_typesupport_fastrtps_c[0m
[18.569s] [ 63%] [32mBuilding CXX object CMakeFiles/tutorial_interfaces__rosidl_typesupport_fastrtps_c.dir/rosidl_typesupport_fastrtps_c/tutorial_interfaces/msg/detail/num__type_support_c.cpp.o[0m
[18.893s] [ 65%] [32mBuilding CXX object CMakeFiles/tutorial_interfaces__rosidl_typesupport_introspection_cpp.dir/rosidl_typesupport_introspection_cpp/tutorial_interfaces/msg/detail/sphere__type_support.cpp.o[0m
[19.637s] [ 68%] [32mBuilding CXX object CMakeFiles/tutorial_interfaces__rosidl_typesupport_fastrtps_c.dir/rosidl_typesupport_fastrtps_c/tutorial_interfaces/msg/detail/sphere__type_support_c.cpp.o[0m
[19.803s] [ 70%] [32mBuilding CXX object CMakeFiles/tutorial_interfaces__rosidl_typesupport_introspection_cpp.dir/rosidl_typesupport_introspection_cpp/tutorial_interfaces/srv/detail/add_three_ints__type_support.cpp.o[0m
[20.704s] [ 72%] [32mBuilding CXX object CMakeFiles/tutorial_interfaces__rosidl_typesupport_fastrtps_c.dir/rosidl_typesupport_fastrtps_c/tutorial_interfaces/srv/detail/add_three_ints__type_support_c.cpp.o[0m
[20.716s] [ 74%] [32m[1mLinking CXX shared library libtutorial_interfaces__rosidl_typesupport_introspection_cpp.so[0m
[20.894s] [ 74%] Built target tutorial_interfaces__rosidl_typesupport_introspection_cpp
[22.520s] [ 76%] [32m[1mLinking CXX shared library libtutorial_interfaces__rosidl_typesupport_fastrtps_c.so[0m
[23.417s] [ 76%] Built target tutorial_interfaces__rosidl_typesupport_fastrtps_c
[23.440s] [35m[1mScanning dependencies of target tutorial_interfaces[0m
[23.502s] [ 76%] Built target tutorial_interfaces
[23.531s] [35m[1mScanning dependencies of target tutorial_interfaces__py[0m
[23.578s] [ 78%] [34m[1mGenerating Python code for ROS interfaces[0m
[25.964s] [ 78%] Built target tutorial_interfaces__py
[25.991s] [35m[1mScanning dependencies of target tutorial_interfaces__python[0m
[26.118s] [ 80%] [32mBuilding C object CMakeFiles/tutorial_interfaces__python.dir/rosidl_generator_py/tutorial_interfaces/msg/_num_s.c.o[0m
[26.122s] [ 82%] [32mBuilding C object CMakeFiles/tutorial_interfaces__python.dir/rosidl_generator_py/tutorial_interfaces/msg/_sphere_s.c.o[0m
[26.427s] [ 85%] [32mBuilding C object CMakeFiles/tutorial_interfaces__python.dir/rosidl_generator_py/tutorial_interfaces/srv/_add_three_ints_s.c.o[0m
[26.653s] [ 87%] [32m[1mLinking C shared library rosidl_generator_py/tutorial_interfaces/libtutorial_interfaces__python.so[0m
[26.775s] [ 87%] Built target tutorial_interfaces__python
[26.801s] [35m[1mScanning dependencies of target tutorial_interfaces__rosidl_typesupport_c__pyext[0m
[26.806s] [35m[1mScanning dependencies of target tutorial_interfaces__rosidl_typesupport_introspection_c__pyext[0m
[26.854s] [ 89%] [32mBuilding C object CMakeFiles/tutorial_interfaces__rosidl_typesupport_c__pyext.dir/rosidl_generator_py/tutorial_interfaces/_tutorial_interfaces_s.ep.rosidl_typesupport_c.c.o[0m
[26.858s] [ 91%] [32mBuilding C object CMakeFiles/tutorial_interfaces__rosidl_typesupport_introspection_c__pyext.dir/rosidl_generator_py/tutorial_interfaces/_tutorial_interfaces_s.ep.rosidl_typesupport_introspection_c.c.o[0m
[27.176s] [ 93%] [32m[1mLinking C shared library rosidl_generator_py/tutorial_interfaces/tutorial_interfaces_s__rosidl_typesupport_introspection_c.cpython-38-x86_64-linux-gnu.so[0m
[27.195s] [ 95%] [32m[1mLinking C shared library rosidl_generator_py/tutorial_interfaces/tutorial_interfaces_s__rosidl_typesupport_c.cpython-38-x86_64-linux-gnu.so[0m
[27.294s] [ 95%] Built target tutorial_interfaces__rosidl_typesupport_introspection_c__pyext
[27.313s] [ 95%] Built target tutorial_interfaces__rosidl_typesupport_c__pyext
[27.320s] [35m[1mScanning dependencies of target tutorial_interfaces__rosidl_typesupport_fastrtps_c__pyext[0m
[27.380s] [ 97%] [32mBuilding C object CMakeFiles/tutorial_interfaces__rosidl_typesupport_fastrtps_c__pyext.dir/rosidl_generator_py/tutorial_interfaces/_tutorial_interfaces_s.ep.rosidl_typesupport_fastrtps_c.c.o[0m
[27.616s] [100%] [32m[1mLinking CXX shared library rosidl_generator_py/tutorial_interfaces/tutorial_interfaces_s__rosidl_typesupport_fastrtps_c.cpython-38-x86_64-linux-gnu.so[0m
[27.799s] [100%] Built target tutorial_interfaces__rosidl_typesupport_fastrtps_c__pyext
[27.833s] Invoked command in '/home/foxy/ros2_ws/build/tutorial_interfaces' returned '0': CMAKE_PREFIX_PATH=${CMAKE_PREFIX_PATH}:/home/foxy/ros2_ws/install/py_srvcli:/home/foxy/ros2_ws/install/examples_rclpy_minimal_subscriber:/home/foxy/ros2_ws/install/examples_rclpy_minimal_service:/home/foxy/ros2_ws/install/examples_rclpy_minimal_publisher:/home/foxy/ros2_ws/install/examples_rclpy_minimal_client:/home/foxy/ros2_ws/install/examples_rclpy_minimal_action_server:/home/foxy/ros2_ws/install/examples_rclpy_minimal_action_client:/home/foxy/ros2_ws/install/examples_rclpy_executors:/opt/ros/foxy /usr/bin/cmake --build /home/foxy/ros2_ws/build/tutorial_interfaces -- -j2 -l2
[28.256s] Invoking command in '/home/foxy/ros2_ws/build/tutorial_interfaces': CMAKE_PREFIX_PATH=${CMAKE_PREFIX_PATH}:/home/foxy/ros2_ws/install/py_srvcli:/home/foxy/ros2_ws/install/examples_rclpy_minimal_subscriber:/home/foxy/ros2_ws/install/examples_rclpy_minimal_service:/home/foxy/ros2_ws/install/examples_rclpy_minimal_publisher:/home/foxy/ros2_ws/install/examples_rclpy_minimal_client:/home/foxy/ros2_ws/install/examples_rclpy_minimal_action_server:/home/foxy/ros2_ws/install/examples_rclpy_minimal_action_client:/home/foxy/ros2_ws/install/examples_rclpy_executors:/opt/ros/foxy /usr/bin/cmake --install /home/foxy/ros2_ws/build/tutorial_interfaces
[28.284s] -- Install configuration: ""
[28.286s] -- Execute custom install script
[28.287s] -- Symlinking: /home/foxy/ros2_ws/install/tutorial_interfaces/share/ament_index/resource_index/rosidl_interfaces/tutorial_interfaces
[28.308s] -- Symlinking: /home/foxy/ros2_ws/install/tutorial_interfaces/include/tutorial_interfaces/msg/detail/num__functions.h
[28.328s] -- Symlinking: /home/foxy/ros2_ws/install/tutorial_interfaces/include/tutorial_interfaces/msg/detail/num__struct.h
[28.357s] -- Symlinking: /home/foxy/ros2_ws/install/tutorial_interfaces/include/tutorial_interfaces/msg/detail/num__type_support.h
[28.396s] -- Symlinking: /home/foxy/ros2_ws/install/tutorial_interfaces/include/tutorial_interfaces/msg/detail/sphere__functions.h
[28.419s] -- Symlinking: /home/foxy/ros2_ws/install/tutorial_interfaces/include/tutorial_interfaces/msg/detail/sphere__struct.h
[28.437s] -- Symlinking: /home/foxy/ros2_ws/install/tutorial_interfaces/include/tutorial_interfaces/msg/detail/sphere__type_support.h
[28.473s] -- Symlinking: /home/foxy/ros2_ws/install/tutorial_interfaces/include/tutorial_interfaces/msg/num.h
[28.493s] -- Symlinking: /home/foxy/ros2_ws/install/tutorial_interfaces/include/tutorial_interfaces/msg/rosidl_generator_c__visibility_control.h
[28.516s] -- Symlinking: /home/foxy/ros2_ws/install/tutorial_interfaces/include/tutorial_interfaces/msg/sphere.h
[28.536s] -- Symlinking: /home/foxy/ros2_ws/install/tutorial_interfaces/include/tutorial_interfaces/srv/add_three_ints.h
[28.558s] -- Symlinking: /home/foxy/ros2_ws/install/tutorial_interfaces/include/tutorial_interfaces/srv/detail/add_three_ints__functions.h
[28.579s] -- Symlinking: /home/foxy/ros2_ws/install/tutorial_interfaces/include/tutorial_interfaces/srv/detail/add_three_ints__struct.h
[28.618s] -- Symlinking: /home/foxy/ros2_ws/install/tutorial_interfaces/include/tutorial_interfaces/srv/detail/add_three_ints__type_support.h
[28.640s] -- Symlinking: /home/foxy/ros2_ws/install/tutorial_interfaces/share/tutorial_interfaces/environment/library_path.sh
[28.663s] -- Symlinking: /home/foxy/ros2_ws/install/tutorial_interfaces/share/tutorial_interfaces/environment/library_path.dsv
[28.686s] -- Symlinking: /home/foxy/ros2_ws/install/tutorial_interfaces/include/tutorial_interfaces/msg/detail/num__rosidl_typesupport_fastrtps_c.h
[28.711s] -- Symlinking: /home/foxy/ros2_ws/install/tutorial_interfaces/include/tutorial_interfaces/msg/detail/sphere__rosidl_typesupport_fastrtps_c.h
[28.731s] -- Symlinking: /home/foxy/ros2_ws/install/tutorial_interfaces/include/tutorial_interfaces/msg/rosidl_typesupport_fastrtps_c__visibility_control.h
[28.755s] -- Symlinking: /home/foxy/ros2_ws/install/tutorial_interfaces/include/tutorial_interfaces/srv/detail/add_three_ints__rosidl_typesupport_fastrtps_c.h
[28.781s] -- Symlinking: /home/foxy/ros2_ws/install/tutorial_interfaces/lib/libtutorial_interfaces__rosidl_typesupport_fastrtps_c.so
[28.803s] -- Symlinking: /home/foxy/ros2_ws/install/tutorial_interfaces/include/tutorial_interfaces/msg/detail/num__rosidl_typesupport_fastrtps_cpp.hpp
[28.827s] -- Symlinking: /home/foxy/ros2_ws/install/tutorial_interfaces/include/tutorial_interfaces/msg/detail/sphere__rosidl_typesupport_fastrtps_cpp.hpp
[28.848s] -- Symlinking: /home/foxy/ros2_ws/install/tutorial_interfaces/include/tutorial_interfaces/msg/rosidl_typesupport_fastrtps_cpp__visibility_control.h
[28.874s] -- Symlinking: /home/foxy/ros2_ws/install/tutorial_interfaces/include/tutorial_interfaces/srv/detail/add_three_ints__rosidl_typesupport_fastrtps_cpp.hpp
[28.894s] -- Symlinking: /home/foxy/ros2_ws/install/tutorial_interfaces/lib/libtutorial_interfaces__rosidl_typesupport_fastrtps_cpp.so
[28.915s] -- Symlinking: /home/foxy/ros2_ws/install/tutorial_interfaces/include/tutorial_interfaces/msg/detail/num__rosidl_typesupport_introspection_c.h
[28.942s] -- Symlinking: /home/foxy/ros2_ws/install/tutorial_interfaces/include/tutorial_interfaces/msg/detail/sphere__rosidl_typesupport_introspection_c.h
[28.966s] -- Symlinking: /home/foxy/ros2_ws/install/tutorial_interfaces/include/tutorial_interfaces/msg/rosidl_typesupport_introspection_c__visibility_control.h
[28.988s] -- Symlinking: /home/foxy/ros2_ws/install/tutorial_interfaces/include/tutorial_interfaces/srv/detail/add_three_ints__rosidl_typesupport_introspection_c.h
[29.012s] -- Symlinking: /home/foxy/ros2_ws/install/tutorial_interfaces/include/tutorial_interfaces/msg/detail/num__builder.hpp
[29.034s] -- Symlinking: /home/foxy/ros2_ws/install/tutorial_interfaces/include/tutorial_interfaces/msg/detail/num__struct.hpp
[29.065s] -- Symlinking: /home/foxy/ros2_ws/install/tutorial_interfaces/include/tutorial_interfaces/msg/detail/num__traits.hpp
[29.089s] -- Symlinking: /home/foxy/ros2_ws/install/tutorial_interfaces/include/tutorial_interfaces/msg/detail/sphere__builder.hpp
[29.110s] -- Symlinking: /home/foxy/ros2_ws/install/tutorial_interfaces/include/tutorial_interfaces/msg/detail/sphere__struct.hpp
[29.131s] -- Symlinking: /home/foxy/ros2_ws/install/tutorial_interfaces/include/tutorial_interfaces/msg/detail/sphere__traits.hpp
[29.151s] -- Symlinking: /home/foxy/ros2_ws/install/tutorial_interfaces/include/tutorial_interfaces/msg/num.hpp
[29.176s] -- Symlinking: /home/foxy/ros2_ws/install/tutorial_interfaces/include/tutorial_interfaces/msg/sphere.hpp
[29.196s] -- Symlinking: /home/foxy/ros2_ws/install/tutorial_interfaces/include/tutorial_interfaces/srv/add_three_ints.hpp
[29.218s] -- Symlinking: /home/foxy/ros2_ws/install/tutorial_interfaces/include/tutorial_interfaces/srv/detail/add_three_ints__builder.hpp
[29.239s] -- Symlinking: /home/foxy/ros2_ws/install/tutorial_interfaces/include/tutorial_interfaces/srv/detail/add_three_ints__struct.hpp
[29.258s] -- Symlinking: /home/foxy/ros2_ws/install/tutorial_interfaces/include/tutorial_interfaces/srv/detail/add_three_ints__traits.hpp
[29.283s] -- Symlinking: /home/foxy/ros2_ws/install/tutorial_interfaces/include/tutorial_interfaces/msg/detail/num__rosidl_typesupport_introspection_cpp.hpp
[29.303s] -- Symlinking: /home/foxy/ros2_ws/install/tutorial_interfaces/include/tutorial_interfaces/msg/detail/sphere__rosidl_typesupport_introspection_cpp.hpp
[29.324s] -- Symlinking: /home/foxy/ros2_ws/install/tutorial_interfaces/include/tutorial_interfaces/srv/detail/add_three_ints__rosidl_typesupport_introspection_cpp.hpp
[29.346s] -- Symlinking: /home/foxy/ros2_ws/install/tutorial_interfaces/share/tutorial_interfaces/environment/pythonpath.sh
[29.367s] -- Symlinking: /home/foxy/ros2_ws/install/tutorial_interfaces/share/tutorial_interfaces/environment/pythonpath.dsv
[29.392s] -- Symlinking: /home/foxy/ros2_ws/install/tutorial_interfaces/lib/python3.8/site-packages/tutorial_interfaces/__init__.py
[29.413s] -- Symlinking: /home/foxy/ros2_ws/install/tutorial_interfaces/lib/python3.8/site-packages/tutorial_interfaces/msg/__init__.py
[29.434s] -- Symlinking: /home/foxy/ros2_ws/install/tutorial_interfaces/lib/python3.8/site-packages/tutorial_interfaces/msg/_num.py
[29.455s] -- Symlinking: /home/foxy/ros2_ws/install/tutorial_interfaces/lib/python3.8/site-packages/tutorial_interfaces/msg/_sphere.py
[29.485s] -- Symlinking: /home/foxy/ros2_ws/install/tutorial_interfaces/lib/python3.8/site-packages/tutorial_interfaces/srv/__init__.py
[29.506s] -- Symlinking: /home/foxy/ros2_ws/install/tutorial_interfaces/lib/python3.8/site-packages/tutorial_interfaces/srv/_add_three_ints.py
[29.529s] -- Symlinking: /home/foxy/ros2_ws/install/tutorial_interfaces/lib/python3.8/site-packages/tutorial_interfaces/tutorial_interfaces_s__rosidl_typesupport_fastrtps_c.cpython-38-x86_64-linux-gnu.so
[29.548s] -- Symlinking: /home/foxy/ros2_ws/install/tutorial_interfaces/lib/python3.8/site-packages/tutorial_interfaces/tutorial_interfaces_s__rosidl_typesupport_introspection_c.cpython-38-x86_64-linux-gnu.so
[29.573s] -- Symlinking: /home/foxy/ros2_ws/install/tutorial_interfaces/lib/python3.8/site-packages/tutorial_interfaces/tutorial_interfaces_s__rosidl_typesupport_c.cpython-38-x86_64-linux-gnu.so
[29.596s] -- Symlinking: /home/foxy/ros2_ws/install/tutorial_interfaces/lib/libtutorial_interfaces__python.so
[29.621s] -- Symlinking: /home/foxy/ros2_ws/install/tutorial_interfaces/share/tutorial_interfaces/msg/Num.idl
[29.644s] -- Symlinking: /home/foxy/ros2_ws/install/tutorial_interfaces/share/tutorial_interfaces/msg/Sphere.idl
[29.674s] -- Symlinking: /home/foxy/ros2_ws/install/tutorial_interfaces/share/tutorial_interfaces/srv/AddThreeInts.idl
[29.700s] -- Symlinking: /home/foxy/ros2_ws/install/tutorial_interfaces/share/tutorial_interfaces/msg/Num.msg
[29.723s] -- Symlinking: /home/foxy/ros2_ws/install/tutorial_interfaces/share/tutorial_interfaces/msg/Sphere.msg
[29.744s] -- Symlinking: /home/foxy/ros2_ws/install/tutorial_interfaces/share/tutorial_interfaces/srv/AddThreeInts.srv
[29.771s] -- Symlinking: /home/foxy/ros2_ws/install/tutorial_interfaces/share/tutorial_interfaces/srv/AddThreeInts_Request.msg
[29.795s] -- Symlinking: /home/foxy/ros2_ws/install/tutorial_interfaces/share/tutorial_interfaces/srv/AddThreeInts_Response.msg
[29.821s] -- Up-to-date symlink: /home/foxy/ros2_ws/install/tutorial_interfaces/share/ament_index/resource_index/package_run_dependencies/tutorial_interfaces
[29.821s] -- Up-to-date symlink: /home/foxy/ros2_ws/install/tutorial_interfaces/share/ament_index/resource_index/parent_prefix_path/tutorial_interfaces
[29.822s] -- Up-to-date symlink: /home/foxy/ros2_ws/install/tutorial_interfaces/share/tutorial_interfaces/environment/ament_prefix_path.sh
[29.823s] -- Up-to-date symlink: /home/foxy/ros2_ws/install/tutorial_interfaces/share/tutorial_interfaces/environment/ament_prefix_path.dsv
[29.824s] -- Up-to-date symlink: /home/foxy/ros2_ws/install/tutorial_interfaces/share/tutorial_interfaces/environment/path.sh
[29.825s] -- Up-to-date symlink: /home/foxy/ros2_ws/install/tutorial_interfaces/share/tutorial_interfaces/environment/path.dsv
[29.826s] -- Up-to-date symlink: /home/foxy/ros2_ws/install/tutorial_interfaces/share/tutorial_interfaces/local_setup.bash
[29.827s] -- Up-to-date symlink: /home/foxy/ros2_ws/install/tutorial_interfaces/share/tutorial_interfaces/local_setup.sh
[29.828s] -- Up-to-date symlink: /home/foxy/ros2_ws/install/tutorial_interfaces/share/tutorial_interfaces/local_setup.zsh
[29.830s] -- Up-to-date symlink: /home/foxy/ros2_ws/install/tutorial_interfaces/share/tutorial_interfaces/local_setup.dsv
[29.830s] -- Symlinking: /home/foxy/ros2_ws/install/tutorial_interfaces/share/tutorial_interfaces/package.dsv
[29.853s] -- Up-to-date symlink: /home/foxy/ros2_ws/install/tutorial_interfaces/share/ament_index/resource_index/packages/tutorial_interfaces
[29.854s] -- Symlinking: /home/foxy/ros2_ws/install/tutorial_interfaces/share/tutorial_interfaces/cmake/rosidl_cmake-extras.cmake
[29.881s] -- Symlinking: /home/foxy/ros2_ws/install/tutorial_interfaces/share/tutorial_interfaces/cmake/ament_cmake_export_dependencies-extras.cmake
[29.904s] -- Symlinking: /home/foxy/ros2_ws/install/tutorial_interfaces/share/tutorial_interfaces/cmake/ament_cmake_export_libraries-extras.cmake
[30.036s] -- Symlinking: /home/foxy/ros2_ws/install/tutorial_interfaces/share/tutorial_interfaces/cmake/ament_cmake_export_targets-extras.cmake
[30.036s] -- Symlinking: /home/foxy/ros2_ws/install/tutorial_interfaces/share/tutorial_interfaces/cmake/ament_cmake_export_include_directories-extras.cmake
[30.115s] -- Symlinking: /home/foxy/ros2_ws/install/tutorial_interfaces/share/tutorial_interfaces/cmake/rosidl_cmake_export_typesupport_libraries-extras.cmake
[30.116s] -- Symlinking: /home/foxy/ros2_ws/install/tutorial_interfaces/share/tutorial_interfaces/cmake/rosidl_cmake_export_typesupport_targets-extras.cmake
[30.116s] -- Up-to-date symlink: /home/foxy/ros2_ws/install/tutorial_interfaces/share/tutorial_interfaces/cmake/tutorial_interfacesConfig.cmake
[30.116s] -- Up-to-date symlink: /home/foxy/ros2_ws/install/tutorial_interfaces/share/tutorial_interfaces/cmake/tutorial_interfacesConfig-version.cmake
[30.117s] -- Up-to-date symlink: /home/foxy/ros2_ws/install/tutorial_interfaces/share/tutorial_interfaces/package.xml
[30.117s] -- Installing: /home/foxy/ros2_ws/install/tutorial_interfaces/lib/libtutorial_interfaces__rosidl_generator_c.so
[30.117s] -- Set runtime path of "/home/foxy/ros2_ws/install/tutorial_interfaces/lib/libtutorial_interfaces__rosidl_generator_c.so" to ""
[30.117s] -- Installing: /home/foxy/ros2_ws/install/tutorial_interfaces/lib/libtutorial_interfaces__rosidl_typesupport_introspection_c.so
[30.117s] -- Set runtime path of "/home/foxy/ros2_ws/install/tutorial_interfaces/lib/libtutorial_interfaces__rosidl_typesupport_introspection_c.so" to ""
[30.117s] -- Installing: /home/foxy/ros2_ws/install/tutorial_interfaces/lib/libtutorial_interfaces__rosidl_typesupport_c.so
[30.117s] -- Set runtime path of "/home/foxy/ros2_ws/install/tutorial_interfaces/lib/libtutorial_interfaces__rosidl_typesupport_c.so" to ""
[30.118s] -- Installing: /home/foxy/ros2_ws/install/tutorial_interfaces/lib/libtutorial_interfaces__rosidl_typesupport_introspection_cpp.so
[30.118s] -- Set runtime path of "/home/foxy/ros2_ws/install/tutorial_interfaces/lib/libtutorial_interfaces__rosidl_typesupport_introspection_cpp.so" to ""
[30.118s] -- Installing: /home/foxy/ros2_ws/install/tutorial_interfaces/lib/libtutorial_interfaces__rosidl_typesupport_cpp.so
[30.118s] -- Set runtime path of "/home/foxy/ros2_ws/install/tutorial_interfaces/lib/libtutorial_interfaces__rosidl_typesupport_cpp.so" to ""
[30.418s] Compiling '/home/foxy/ros2_ws/install/tutorial_interfaces/lib/python3.8/site-packages/tutorial_interfaces/__init__.py'...
[30.418s] -- Installing: /home/foxy/ros2_ws/install/tutorial_interfaces/share/tutorial_interfaces/cmake/tutorial_interfaces__rosidl_generator_cExport.cmake
[30.421s] -- Installing: /home/foxy/ros2_ws/install/tutorial_interfaces/share/tutorial_interfaces/cmake/tutorial_interfaces__rosidl_generator_cExport-noconfig.cmake
[30.421s] -- Installing: /home/foxy/ros2_ws/install/tutorial_interfaces/share/tutorial_interfaces/cmake/tutorial_interfaces__rosidl_typesupport_introspection_cExport.cmake
[30.422s] -- Installing: /home/foxy/ros2_ws/install/tutorial_interfaces/share/tutorial_interfaces/cmake/tutorial_interfaces__rosidl_typesupport_introspection_cExport-noconfig.cmake
[30.422s] -- Installing: /home/foxy/ros2_ws/install/tutorial_interfaces/share/tutorial_interfaces/cmake/tutorial_interfaces__rosidl_typesupport_cExport.cmake
[30.422s] -- Installing: /home/foxy/ros2_ws/install/tutorial_interfaces/share/tutorial_interfaces/cmake/tutorial_interfaces__rosidl_typesupport_cExport-noconfig.cmake
[30.422s] -- Installing: /home/foxy/ros2_ws/install/tutorial_interfaces/share/tutorial_interfaces/cmake/tutorial_interfaces__rosidl_generator_cppExport.cmake
[30.422s] -- Installing: /home/foxy/ros2_ws/install/tutorial_interfaces/share/tutorial_interfaces/cmake/tutorial_interfaces__rosidl_typesupport_introspection_cppExport.cmake
[30.423s] -- Installing: /home/foxy/ros2_ws/install/tutorial_interfaces/share/tutorial_interfaces/cmake/tutorial_interfaces__rosidl_typesupport_introspection_cppExport-noconfig.cmake
[30.423s] -- Installing: /home/foxy/ros2_ws/install/tutorial_interfaces/share/tutorial_interfaces/cmake/tutorial_interfaces__rosidl_typesupport_cppExport.cmake
[30.432s] -- Installing: /home/foxy/ros2_ws/install/tutorial_interfaces/share/tutorial_interfaces/cmake/tutorial_interfaces__rosidl_typesupport_cppExport-noconfig.cmake
[30.433s] Invoked command in '/home/foxy/ros2_ws/build/tutorial_interfaces' returned '0': CMAKE_PREFIX_PATH=${CMAKE_PREFIX_PATH}:/home/foxy/ros2_ws/install/py_srvcli:/home/foxy/ros2_ws/install/examples_rclpy_minimal_subscriber:/home/foxy/ros2_ws/install/examples_rclpy_minimal_service:/home/foxy/ros2_ws/install/examples_rclpy_minimal_publisher:/home/foxy/ros2_ws/install/examples_rclpy_minimal_client:/home/foxy/ros2_ws/install/examples_rclpy_minimal_action_server:/home/foxy/ros2_ws/install/examples_rclpy_minimal_action_client:/home/foxy/ros2_ws/install/examples_rclpy_executors:/opt/ros/foxy /usr/bin/cmake --install /home/foxy/ros2_ws/build/tutorial_interfaces
