-- Found ament_cmake: 0.9.11 (/opt/ros/foxy/share/ament_cmake/cmake)
-- Using PYTHON_EXECUTABLE: /usr/bin/python3
-- Override CMake install command with custom implementation using symlinks instead of copying resources
-- Found geometry_msgs: 2.0.5 (/opt/ros/foxy/share/geometry_msgs/cmake)
-- Using all available rosidl_typesupport_c: rosidl_typesupport_fastrtps_c;rosidl_typesupport_introspection_c
-- Found rosidl_adapter: 1.3.0 (/opt/ros/foxy/share/rosidl_adapter/cmake)
-- Using all available rosidl_typesupport_cpp: rosidl_typesupport_fastrtps_cpp;rosidl_typesupport_introspection_cpp
CMake Error at CMakeLists.txt:25 (find_package):
  By not providing "Findrosidl_default_generatorss.cmake" in
  CMAKE_MODULE_PATH this project has asked CMake to find a package
  configuration file provided by "rosidl_default_generatorss", but CMake did
  not find one.

  Could not find a package configuration file provided by
  "rosidl_default_generatorss" with any of the following names:

    rosidl_default_generatorssConfig.cmake
    rosidl_default_generatorss-config.cmake

  Add the installation prefix of "rosidl_default_generatorss" to
  CMAKE_PREFIX_PATH or set "rosidl_default_generatorss_DIR" to a directory
  containing one of the above files.  If "rosidl_default_generatorss"
  provides a separate development package or SDK, be sure it has been
  installed.


-- Configuring incomplete, errors occurred!
See also "/home/foxy/ros2_ws/build/tutorial_interfaces/CMakeFiles/CMakeOutput.log".
