[0.084s] Invoking command in '/home/foxy/ros2_ws/src/build/tutorial_interfaces': /usr/bin/cmake /home/foxy/ros2_ws/src/tutorial_interfaces -DCMAKE_INSTALL_PREFIX=/home/foxy/ros2_ws/src/install/tutorial_interfaces
[0.374s] -- The C compiler identification is GNU 9.4.0
[0.779s] -- The CXX compiler identification is GNU 9.4.0
[0.792s] -- Check for working C compiler: /usr/bin/cc
[1.101s] -- Check for working C compiler: /usr/bin/cc -- works
[1.104s] -- Detecting C compiler ABI info
[1.403s] -- Detecting C compiler ABI info - done
[1.458s] -- Detecting C compile features
[1.458s] -- Detecting C compile features - done
[1.458s] -- Check for working CXX compiler: /usr/bin/c++
[1.750s] -- Check for working CXX compiler: /usr/bin/c++ -- works
[1.752s] -- Detecting CXX compiler ABI info
[1.961s] -- Detecting CXX compiler ABI info - done
[1.997s] -- Detecting CXX compile features
[1.999s] -- Detecting CXX compile features - done
[2.005s] -- Found ament_cmake: 0.9.11 (/opt/ros/foxy/share/ament_cmake/cmake)
[2.083s] -- Found PythonInterp: /usr/bin/python3 (found suitable version "3.8.10", minimum required is "3") 
[2.083s] -- Using PYTHON_EXECUTABLE: /usr/bin/python3
[2.725s] -- Found geometry_msgs: 2.0.5 (/opt/ros/foxy/share/geometry_msgs/cmake)
[2.789s] -- Using all available rosidl_typesupport_c: rosidl_typesupport_fastrtps_c;rosidl_typesupport_introspection_c
[2.803s] -- Found rosidl_adapter: 1.3.0 (/opt/ros/foxy/share/rosidl_adapter/cmake)
[3.002s] -- Found OpenSSL: /usr/lib/x86_64-linux-gnu/libcrypto.so (found version "1.1.1f")  
[3.090s] -- Found FastRTPS: /opt/ros/foxy/include  
[3.284s] -- Using all available rosidl_typesupport_cpp: rosidl_typesupport_fastrtps_cpp;rosidl_typesupport_introspection_cpp
[3.533s] -- Found rosidl_default_generators: 1.0.1 (/opt/ros/foxy/share/rosidl_default_generators/cmake)
[3.566s] -- Found rclcpp: 2.4.2 (/opt/ros/foxy/share/rclcpp/cmake)
[3.679s] -- Found rmw_implementation_cmake: 1.0.3 (/opt/ros/foxy/share/rmw_implementation_cmake/cmake)
[3.686s] -- Using RMW implementation 'rmw_fastrtps_cpp' as default
[3.689s] -- Looking for pthread.h
[3.881s] -- Looking for pthread.h - found
[3.883s] -- Performing Test CMAKE_HAVE_LIBC_PTHREAD
[4.083s] -- Performing Test CMAKE_HAVE_LIBC_PTHREAD - Failed
[4.084s] -- Looking for pthread_create in pthreads
[4.239s] -- Looking for pthread_create in pthreads - not found
[4.240s] -- Looking for pthread_create in pthread
[4.455s] -- Looking for pthread_create in pthread - found
[4.456s] -- Found Threads: TRUE  
[4.902s] CMake Error at CMakeLists.txt:25 (find_package):
[4.903s]   By not providing "Findtutorial_interfaces.cmake" in CMAKE_MODULE_PATH this
[4.903s]   project has asked CMake to find a package configuration file provided by
[4.903s]   "tutorial_interfaces", but CMake did not find one.
[4.903s] 
[4.904s]   Could not find a package configuration file provided by
[4.904s]   "tutorial_interfaces" with any of the following names:
[4.904s] 
[4.904s]     tutorial_interfacesConfig.cmake
[4.904s]     tutorial_interfaces-config.cmake
[4.904s] 
[4.904s]   Add the installation prefix of "tutorial_interfaces" to CMAKE_PREFIX_PATH
[4.904s]   or set "tutorial_interfaces_DIR" to a directory containing one of the above
[4.905s]   files.  If "tutorial_interfaces" provides a separate development package or
[4.905s]   SDK, be sure it has been installed.
[4.905s] 
[4.906s] 
[4.910s] -- Configuring incomplete, errors occurred!
[4.910s] See also "/home/foxy/ros2_ws/src/build/tutorial_interfaces/CMakeFiles/CMakeOutput.log".
[4.911s] See also "/home/foxy/ros2_ws/src/build/tutorial_interfaces/CMakeFiles/CMakeError.log".
[4.929s] Invoked command in '/home/foxy/ros2_ws/src/build/tutorial_interfaces' returned '1': /usr/bin/cmake /home/foxy/ros2_ws/src/tutorial_interfaces -DCMAKE_INSTALL_PREFIX=/home/foxy/ros2_ws/src/install/tutorial_interfaces
