[0.128s] Invoking command in '/home/foxy/ros2_ws/build/tutorial_interfaces': /usr/bin/cmake --build /home/foxy/ros2_ws/build/tutorial_interfaces -- -j2 -l2
[0.284s] -- Found ament_cmake: 0.9.11 (/opt/ros/foxy/share/ament_cmake/cmake)
[0.485s] -- Found PythonInterp: /usr/bin/python3 (found suitable version "3.8.10", minimum required is "3") 
[0.485s] -- Using PYTHON_EXECUTABLE: /usr/bin/python3
[1.318s] -- Override CMake install command with custom implementation using symlinks instead of copying resources
[1.346s] -- Found geometry_msgs: 2.0.5 (/opt/ros/foxy/share/geometry_msgs/cmake)
[1.403s] -- Using all available rosidl_typesupport_c: rosidl_typesupport_fastrtps_c;rosidl_typesupport_introspection_c
[1.412s] -- Found rosidl_adapter: 1.3.0 (/opt/ros/foxy/share/rosidl_adapter/cmake)
[1.864s] -- Using all available rosidl_typesupport_cpp: rosidl_typesupport_fastrtps_cpp;rosidl_typesupport_introspection_cpp
[2.302s] -- Found rosidl_default_generators: 1.0.1 (/opt/ros/foxy/share/rosidl_default_generators/cmake)
[2.348s] -- Found rclcpp: 2.4.2 (/opt/ros/foxy/share/rclcpp/cmake)
[2.564s] -- Found rmw_implementation_cmake: 1.0.3 (/opt/ros/foxy/share/rmw_implementation_cmake/cmake)
[2.571s] -- Using RMW implementation 'rmw_fastrtps_cpp' as default
[3.158s] -- Found tutorial_interfaces: 0.0.0 (/home/foxy/ros2_ws/install/tutorial_interfaces/share/tutorial_interfaces/cmake)
[3.550s] -- Found PythonInterp: /usr/bin/python3 (found version "3.8.10") 
[3.953s] Error parsing '/home/foxy/ros2_ws/src/tutorial_interfaces/package.xml':
[4.522s] Traceback (most recent call last):
[4.522s]   File "/opt/ros/foxy/share/ament_cmake_core/cmake/core/package_xml_2_cmake.py", line 143, in <module>
[4.522s]     main()
[4.523s]   File "/opt/ros/foxy/share/ament_cmake_core/cmake/core/package_xml_2_cmake.py", line 52, in main
[4.523s]     raise e
[4.524s]   File "/opt/ros/foxy/share/ament_cmake_core/cmake/core/package_xml_2_cmake.py", line 48, in main
[4.524s]     package = parse_package_string(
[4.524s]   File "/usr/lib/python3/dist-packages/catkin_pkg/package.py", line 788, in parse_package_string
[4.524s]     pkg.validate(warnings=warnings)
[4.525s]   File "/usr/lib/python3/dist-packages/catkin_pkg/package.py", line 330, in validate
[4.525s]     raise InvalidPackage('\n'.join(errors), self.filename)
[4.525s] catkin_pkg.package.InvalidPackage: Error(s) in package '/home/foxy/ros2_ws/src/tutorial_interfaces/package.xml':
[4.525s] The package "tutorial_interfaces" must not "build_depend" on a package with the same name as this package
[4.525s] The package "tutorial_interfaces" must not "build_export_depend" on a package with the same name as this package
[4.525s] The package "tutorial_interfaces" must not "exec_depend" on a package with the same name as this package
[4.598s] CMake Error at /opt/ros/foxy/share/ament_cmake_core/cmake/core/ament_package_xml.cmake:94 (message):
[4.599s]   execute_process(/usr/bin/python3
[4.600s]   /opt/ros/foxy/share/ament_cmake_core/cmake/core/package_xml_2_cmake.py
[4.600s]   /home/foxy/ros2_ws/src/tutorial_interfaces/package.xml
[4.600s]   /home/foxy/ros2_ws/build/tutorial_interfaces/ament_cmake_core/package.cmake)
[4.600s]   returned error code 1
[4.600s] Call Stack (most recent call first):
[4.600s]   /opt/ros/foxy/share/ament_cmake_core/cmake/core/ament_package_xml.cmake:49 (_ament_package_xml)
[4.600s]   /opt/ros/foxy/share/rosidl_cmake/cmake/rosidl_generate_interfaces.cmake:226 (ament_package_xml)
[4.600s]   CMakeLists.txt:33 (rosidl_generate_interfaces)
[4.601s] 
[4.601s] 
[4.602s] -- Configuring incomplete, errors occurred!
[4.602s] See also "/home/foxy/ros2_ws/build/tutorial_interfaces/CMakeFiles/CMakeOutput.log".
[4.603s] See also "/home/foxy/ros2_ws/build/tutorial_interfaces/CMakeFiles/CMakeError.log".
[4.618s] make: *** [Makefile:1228: cmake_check_build_system] Error 1
[4.625s] Invoked command in '/home/foxy/ros2_ws/build/tutorial_interfaces' returned '2': /usr/bin/cmake --build /home/foxy/ros2_ws/build/tutorial_interfaces -- -j2 -l2
