[1.638s] Invoking command in '/home/foxy/launch_tutorial': PYTHONPATH=/home/foxy/launch_tutorial/install/launch_tutorial/lib/python3.8/site-packages:${PYTHONPATH} /usr/bin/python3 setup.py egg_info --egg-base build/launch_tutorial build --build-base /home/foxy/launch_tutorial/build/launch_tutorial/build install --prefix /home/foxy/launch_tutorial/install/launch_tutorial --record /home/foxy/launch_tutorial/build/launch_tutorial/install.log --single-version-externally-managed
[2.136s] running egg_info
[2.137s] writing build/launch_tutorial/launch_tutorial.egg-info/PKG-INFO
[2.138s] writing dependency_links to build/launch_tutorial/launch_tutorial.egg-info/dependency_links.txt
[2.139s] writing entry points to build/launch_tutorial/launch_tutorial.egg-info/entry_points.txt
[2.140s] writing requirements to build/launch_tutorial/launch_tutorial.egg-info/requires.txt
[2.141s] writing top-level names to build/launch_tutorial/launch_tutorial.egg-info/top_level.txt
[2.224s] reading manifest file 'build/launch_tutorial/launch_tutorial.egg-info/SOURCES.txt'
[2.226s] writing manifest file 'build/launch_tutorial/launch_tutorial.egg-info/SOURCES.txt'
[2.227s] running build
[2.227s] running build_py
[2.227s] running install
[2.229s] running install_lib
[2.232s] running install_data
[2.233s] running install_egg_info
[2.237s] removing '/home/foxy/launch_tutorial/install/launch_tutorial/lib/python3.8/site-packages/launch_tutorial-0.0.0-py3.8.egg-info' (and everything under it)
[2.237s] Copying build/launch_tutorial/launch_tutorial.egg-info to /home/foxy/launch_tutorial/install/launch_tutorial/lib/python3.8/site-packages/launch_tutorial-0.0.0-py3.8.egg-info
[2.248s] running install_scripts
[2.319s] writing list of installed files to '/home/foxy/launch_tutorial/build/launch_tutorial/install.log'
[2.364s] Invoked command in '/home/foxy/launch_tutorial' returned '0': PYTHONPATH=/home/foxy/launch_tutorial/install/launch_tutorial/lib/python3.8/site-packages:${PYTHONPATH} /usr/bin/python3 setup.py egg_info --egg-base build/launch_tutorial build --build-base /home/foxy/launch_tutorial/build/launch_tutorial/build install --prefix /home/foxy/launch_tutorial/install/launch_tutorial --record /home/foxy/launch_tutorial/build/launch_tutorial/install.log --single-version-externally-managed
