[2.059s] Invoking command in '/home/foxy/ros2_ws/build/examples_rclpy_minimal_action_server': PYTHONPATH=/home/foxy/ros2_ws/install/examples_rclpy_minimal_action_server/lib/python3.8/site-packages:${PYTHONPATH} /usr/bin/python3 setup.py develop --prefix /home/foxy/ros2_ws/install/examples_rclpy_minimal_action_server --editable --build-directory /home/foxy/ros2_ws/build/examples_rclpy_minimal_action_server/build --no-deps install_data --install-dir /home/foxy/ros2_ws/install/examples_rclpy_minimal_action_server
[2.784s] running develop
[3.197s] running egg_info
[3.197s] creating examples_rclpy_minimal_action_server.egg-info
[3.197s] writing examples_rclpy_minimal_action_server.egg-info/PKG-INFO
[3.200s] writing dependency_links to examples_rclpy_minimal_action_server.egg-info/dependency_links.txt
[3.202s] writing entry points to examples_rclpy_minimal_action_server.egg-info/entry_points.txt
[3.206s] writing requirements to examples_rclpy_minimal_action_server.egg-info/requires.txt
[3.207s] writing top-level names to examples_rclpy_minimal_action_server.egg-info/top_level.txt
[3.216s] writing manifest file 'examples_rclpy_minimal_action_server.egg-info/SOURCES.txt'
[3.301s] reading manifest file 'examples_rclpy_minimal_action_server.egg-info/SOURCES.txt'
[3.304s] writing manifest file 'examples_rclpy_minimal_action_server.egg-info/SOURCES.txt'
[3.432s] running build_ext
[3.439s] Creating /home/foxy/ros2_ws/install/examples_rclpy_minimal_action_server/lib/python3.8/site-packages/site.py
[3.444s] Creating /home/foxy/ros2_ws/install/examples_rclpy_minimal_action_server/lib/python3.8/site-packages/examples-rclpy-minimal-action-server.egg-link (link to .)
[3.447s] Installing server script to /home/foxy/ros2_ws/install/examples_rclpy_minimal_action_server/lib/examples_rclpy_minimal_action_server
[3.447s] Installing server_defer script to /home/foxy/ros2_ws/install/examples_rclpy_minimal_action_server/lib/examples_rclpy_minimal_action_server
[3.448s] Installing server_not_composable script to /home/foxy/ros2_ws/install/examples_rclpy_minimal_action_server/lib/examples_rclpy_minimal_action_server
[3.449s] Installing server_queue_goals script to /home/foxy/ros2_ws/install/examples_rclpy_minimal_action_server/lib/examples_rclpy_minimal_action_server
[3.450s] Installing server_single_goal script to /home/foxy/ros2_ws/install/examples_rclpy_minimal_action_server/lib/examples_rclpy_minimal_action_server
[3.452s] 
[3.452s] Installed /home/foxy/ros2_ws/build/examples_rclpy_minimal_action_server
[3.453s] running install_data
[3.454s] creating /home/foxy/ros2_ws/install/examples_rclpy_minimal_action_server/share/ament_index
[3.454s] creating /home/foxy/ros2_ws/install/examples_rclpy_minimal_action_server/share/ament_index/resource_index
[3.454s] creating /home/foxy/ros2_ws/install/examples_rclpy_minimal_action_server/share/ament_index/resource_index/packages
[3.455s] copying resource/examples_rclpy_minimal_action_server -> /home/foxy/ros2_ws/install/examples_rclpy_minimal_action_server/share/ament_index/resource_index/packages
[3.455s] copying package.xml -> /home/foxy/ros2_ws/install/examples_rclpy_minimal_action_server/share/examples_rclpy_minimal_action_server
[3.573s] Invoked command in '/home/foxy/ros2_ws/build/examples_rclpy_minimal_action_server' returned '0': PYTHONPATH=/home/foxy/ros2_ws/install/examples_rclpy_minimal_action_server/lib/python3.8/site-packages:${PYTHONPATH} /usr/bin/python3 setup.py develop --prefix /home/foxy/ros2_ws/install/examples_rclpy_minimal_action_server --editable --build-directory /home/foxy/ros2_ws/build/examples_rclpy_minimal_action_server/build --no-deps install_data --install-dir /home/foxy/ros2_ws/install/examples_rclpy_minimal_action_server
