[0.054s] Invoking command in '/home/foxy/ros2_ws/build/examples_rclcpp_multithreaded_executor': CMAKE_PREFIX_PATH=/opt/ros/foxy /usr/bin/cmake /home/foxy/ros2_ws/src/examples/rclcpp/executors/multithreaded_executor -DAMENT_CMAKE_SYMLINK_INSTALL=1 -DCMAKE_INSTALL_PREFIX=/home/foxy/ros2_ws/install/examples_rclcpp_multithreaded_executor
[0.277s] -- The C compiler identification is GNU 9.4.0
[0.436s] -- The CXX compiler identification is GNU 9.4.0
[0.452s] -- Check for working C compiler: /usr/bin/cc
[0.681s] -- Check for working C compiler: /usr/bin/cc -- works
[0.686s] -- Detecting C compiler ABI info
[0.881s] -- Detecting C compiler ABI info - done
[0.918s] -- Detecting C compile features
[0.919s] -- Detecting C compile features - done
[0.927s] -- Check for working CXX compiler: /usr/bin/c++
[1.134s] -- Check for working CXX compiler: /usr/bin/c++ -- works
[1.137s] -- Detecting CXX compiler ABI info
[1.353s] -- Detecting CXX compiler ABI info - done
[1.390s] -- Detecting CXX compile features
[1.392s] -- Detecting CXX compile features - done
[1.398s] -- Found ament_cmake: 0.9.11 (/opt/ros/foxy/share/ament_cmake/cmake)
[1.464s] -- Found PythonInterp: /usr/bin/python3 (found suitable version "3.8.10", minimum required is "3") 
[1.465s] -- Using PYTHON_EXECUTABLE: /usr/bin/python3
[2.114s] -- Override CMake install command with custom implementation using symlinks instead of copying resources
[2.167s] -- Found rclcpp: 2.4.2 (/opt/ros/foxy/share/rclcpp/cmake)
[2.288s] -- Using all available rosidl_typesupport_c: rosidl_typesupport_fastrtps_c;rosidl_typesupport_introspection_c
[2.318s] -- Found rosidl_adapter: 1.3.0 (/opt/ros/foxy/share/rosidl_adapter/cmake)
[2.532s] -- Found OpenSSL: /usr/lib/x86_64-linux-gnu/libcrypto.so (found version "1.1.1f")  
[2.619s] -- Found FastRTPS: /opt/ros/foxy/include  
[2.842s] -- Using all available rosidl_typesupport_cpp: rosidl_typesupport_fastrtps_cpp;rosidl_typesupport_introspection_cpp
[3.018s] -- Found rmw_implementation_cmake: 1.0.3 (/opt/ros/foxy/share/rmw_implementation_cmake/cmake)
[3.023s] -- Using RMW implementation 'rmw_fastrtps_cpp' as default
[3.026s] -- Looking for pthread.h
[3.233s] -- Looking for pthread.h - found
[3.235s] -- Performing Test CMAKE_HAVE_LIBC_PTHREAD
[3.436s] -- Performing Test CMAKE_HAVE_LIBC_PTHREAD - Failed
[3.437s] -- Looking for pthread_create in pthreads
[3.642s] -- Looking for pthread_create in pthreads - not found
[3.643s] -- Looking for pthread_create in pthread
[3.933s] -- Looking for pthread_create in pthread - found
[3.936s] -- Found Threads: TRUE  
[4.427s] -- Found ament_lint_auto: 0.9.7 (/opt/ros/foxy/share/ament_lint_auto/cmake)
[4.692s] -- Added test 'copyright' to check source files copyright and LICENSE
[4.697s] -- Added test 'cppcheck' to perform static code analysis on C / C++ code
[4.698s] -- Configured cppcheck include dirs: 
[4.699s] -- Configured cppcheck exclude dirs and/or files: 
[4.701s] -- Added test 'cpplint' to check C / C++ code against the Google style
[4.701s] -- Configured cpplint exclude dirs and/or files: 
[4.704s] -- Added test 'lint_cmake' to check CMake code style
[4.707s] -- Added test 'uncrustify' to check C / C++ code style
[4.707s] -- Configured uncrustify additional arguments: 
[4.709s] -- Added test 'xmllint' to check XML markup files
[4.717s] -- Configuring done
[4.746s] -- Generating done
[4.752s] -- Build files have been written to: /home/foxy/ros2_ws/build/examples_rclcpp_multithreaded_executor
[4.777s] Invoked command in '/home/foxy/ros2_ws/build/examples_rclcpp_multithreaded_executor' returned '0': CMAKE_PREFIX_PATH=/opt/ros/foxy /usr/bin/cmake /home/foxy/ros2_ws/src/examples/rclcpp/executors/multithreaded_executor -DAMENT_CMAKE_SYMLINK_INSTALL=1 -DCMAKE_INSTALL_PREFIX=/home/foxy/ros2_ws/install/examples_rclcpp_multithreaded_executor
[4.782s] Invoking command in '/home/foxy/ros2_ws/build/examples_rclcpp_multithreaded_executor': CMAKE_PREFIX_PATH=/opt/ros/foxy /usr/bin/cmake --build /home/foxy/ros2_ws/build/examples_rclcpp_multithreaded_executor -- -j2 -l2
[4.903s] [35m[1mScanning dependencies of target multithreaded_executor[0m
[5.006s] [ 50%] [32mBuilding CXX object CMakeFiles/multithreaded_executor.dir/multithreaded_executor.cpp.o[0m
[22.009s] [100%] [32m[1mLinking CXX executable multithreaded_executor[0m
[22.725s] [100%] Built target multithreaded_executor
[22.757s] Invoked command in '/home/foxy/ros2_ws/build/examples_rclcpp_multithreaded_executor' returned '0': CMAKE_PREFIX_PATH=/opt/ros/foxy /usr/bin/cmake --build /home/foxy/ros2_ws/build/examples_rclcpp_multithreaded_executor -- -j2 -l2
[22.848s] Invoking command in '/home/foxy/ros2_ws/build/examples_rclcpp_multithreaded_executor': CMAKE_PREFIX_PATH=/opt/ros/foxy /usr/bin/cmake --install /home/foxy/ros2_ws/build/examples_rclcpp_multithreaded_executor
[22.877s] -- Install configuration: ""
[22.878s] -- Execute custom install script
[22.880s] -- Symlinking: /home/foxy/ros2_ws/install/examples_rclcpp_multithreaded_executor/lib/examples_rclcpp_multithreaded_executor/multithreaded_executor
[22.904s] -- Symlinking: /home/foxy/ros2_ws/install/examples_rclcpp_multithreaded_executor/share/ament_index/resource_index/package_run_dependencies/examples_rclcpp_multithreaded_executor
[22.934s] -- Symlinking: /home/foxy/ros2_ws/install/examples_rclcpp_multithreaded_executor/share/ament_index/resource_index/parent_prefix_path/examples_rclcpp_multithreaded_executor
[22.960s] -- Symlinking: /home/foxy/ros2_ws/install/examples_rclcpp_multithreaded_executor/share/examples_rclcpp_multithreaded_executor/environment/ament_prefix_path.sh
[22.988s] -- Symlinking: /home/foxy/ros2_ws/install/examples_rclcpp_multithreaded_executor/share/examples_rclcpp_multithreaded_executor/environment/ament_prefix_path.dsv
[23.012s] -- Symlinking: /home/foxy/ros2_ws/install/examples_rclcpp_multithreaded_executor/share/examples_rclcpp_multithreaded_executor/environment/path.sh
[23.039s] -- Symlinking: /home/foxy/ros2_ws/install/examples_rclcpp_multithreaded_executor/share/examples_rclcpp_multithreaded_executor/environment/path.dsv
[23.064s] -- Symlinking: /home/foxy/ros2_ws/install/examples_rclcpp_multithreaded_executor/share/examples_rclcpp_multithreaded_executor/local_setup.bash
[23.088s] -- Symlinking: /home/foxy/ros2_ws/install/examples_rclcpp_multithreaded_executor/share/examples_rclcpp_multithreaded_executor/local_setup.sh
[23.112s] -- Symlinking: /home/foxy/ros2_ws/install/examples_rclcpp_multithreaded_executor/share/examples_rclcpp_multithreaded_executor/local_setup.zsh
[23.139s] -- Symlinking: /home/foxy/ros2_ws/install/examples_rclcpp_multithreaded_executor/share/examples_rclcpp_multithreaded_executor/local_setup.dsv
[23.166s] -- Symlinking: /home/foxy/ros2_ws/install/examples_rclcpp_multithreaded_executor/share/examples_rclcpp_multithreaded_executor/package.dsv
[23.189s] -- Symlinking: /home/foxy/ros2_ws/install/examples_rclcpp_multithreaded_executor/share/ament_index/resource_index/packages/examples_rclcpp_multithreaded_executor
[23.212s] -- Symlinking: /home/foxy/ros2_ws/install/examples_rclcpp_multithreaded_executor/share/examples_rclcpp_multithreaded_executor/cmake/examples_rclcpp_multithreaded_executorConfig.cmake
[23.239s] -- Symlinking: /home/foxy/ros2_ws/install/examples_rclcpp_multithreaded_executor/share/examples_rclcpp_multithreaded_executor/cmake/examples_rclcpp_multithreaded_executorConfig-version.cmake
[23.266s] -- Symlinking: /home/foxy/ros2_ws/install/examples_rclcpp_multithreaded_executor/share/examples_rclcpp_multithreaded_executor/package.xml
[23.297s] Invoked command in '/home/foxy/ros2_ws/build/examples_rclcpp_multithreaded_executor' returned '0': CMAKE_PREFIX_PATH=/opt/ros/foxy /usr/bin/cmake --install /home/foxy/ros2_ws/build/examples_rclcpp_multithreaded_executor
