[1.975s] Invoking command in '/home/foxy/ros2_ws/build/examples_rclpy_minimal_client': PYTHONPATH=/home/foxy/ros2_ws/install/examples_rclpy_minimal_client/lib/python3.8/site-packages:${PYTHONPATH} /usr/bin/python3 setup.py develop --prefix /home/foxy/ros2_ws/install/examples_rclpy_minimal_client --editable --build-directory /home/foxy/ros2_ws/build/examples_rclpy_minimal_client/build --no-deps install_data --install-dir /home/foxy/ros2_ws/install/examples_rclpy_minimal_client
[2.607s] running develop
[2.994s] running egg_info
[2.995s] creating examples_rclpy_minimal_client.egg-info
[2.995s] writing examples_rclpy_minimal_client.egg-info/PKG-INFO
[2.996s] writing dependency_links to examples_rclpy_minimal_client.egg-info/dependency_links.txt
[2.997s] writing entry points to examples_rclpy_minimal_client.egg-info/entry_points.txt
[2.997s] writing requirements to examples_rclpy_minimal_client.egg-info/requires.txt
[2.998s] writing top-level names to examples_rclpy_minimal_client.egg-info/top_level.txt
[3.003s] writing manifest file 'examples_rclpy_minimal_client.egg-info/SOURCES.txt'
[3.084s] reading manifest file 'examples_rclpy_minimal_client.egg-info/SOURCES.txt'
[3.086s] writing manifest file 'examples_rclpy_minimal_client.egg-info/SOURCES.txt'
[3.191s] running build_ext
[3.193s] Creating /home/foxy/ros2_ws/install/examples_rclpy_minimal_client/lib/python3.8/site-packages/site.py
[3.198s] Creating /home/foxy/ros2_ws/install/examples_rclpy_minimal_client/lib/python3.8/site-packages/examples-rclpy-minimal-client.egg-link (link to .)
[3.202s] Installing client script to /home/foxy/ros2_ws/install/examples_rclpy_minimal_client/lib/examples_rclpy_minimal_client
[3.203s] Installing client_async script to /home/foxy/ros2_ws/install/examples_rclpy_minimal_client/lib/examples_rclpy_minimal_client
[3.204s] Installing client_async_callback script to /home/foxy/ros2_ws/install/examples_rclpy_minimal_client/lib/examples_rclpy_minimal_client
[3.204s] Installing client_async_member_function script to /home/foxy/ros2_ws/install/examples_rclpy_minimal_client/lib/examples_rclpy_minimal_client
[3.205s] 
[3.206s] Installed /home/foxy/ros2_ws/build/examples_rclpy_minimal_client
[3.206s] running install_data
[3.207s] creating /home/foxy/ros2_ws/install/examples_rclpy_minimal_client/share/ament_index
[3.207s] creating /home/foxy/ros2_ws/install/examples_rclpy_minimal_client/share/ament_index/resource_index
[3.208s] creating /home/foxy/ros2_ws/install/examples_rclpy_minimal_client/share/ament_index/resource_index/packages
[3.208s] copying resource/examples_rclpy_minimal_client -> /home/foxy/ros2_ws/install/examples_rclpy_minimal_client/share/ament_index/resource_index/packages
[3.208s] copying package.xml -> /home/foxy/ros2_ws/install/examples_rclpy_minimal_client/share/examples_rclpy_minimal_client
[3.291s] Invoked command in '/home/foxy/ros2_ws/build/examples_rclpy_minimal_client' returned '0': PYTHONPATH=/home/foxy/ros2_ws/install/examples_rclpy_minimal_client/lib/python3.8/site-packages:${PYTHONPATH} /usr/bin/python3 setup.py develop --prefix /home/foxy/ros2_ws/install/examples_rclpy_minimal_client --editable --build-directory /home/foxy/ros2_ws/build/examples_rclpy_minimal_client/build --no-deps install_data --install-dir /home/foxy/ros2_ws/install/examples_rclpy_minimal_client
