[2.138s] Invoking command in '/home/foxy/ros2_ws/build/examples_rclpy_minimal_action_client': PYTHONPATH=/home/foxy/ros2_ws/install/examples_rclpy_minimal_action_client/lib/python3.8/site-packages:${PYTHONPATH} /usr/bin/python3 setup.py develop --prefix /home/foxy/ros2_ws/install/examples_rclpy_minimal_action_client --editable --build-directory /home/foxy/ros2_ws/build/examples_rclpy_minimal_action_client/build --no-deps install_data --install-dir /home/foxy/ros2_ws/install/examples_rclpy_minimal_action_client
[3.090s] running develop
[3.504s] running egg_info
[3.505s] creating examples_rclpy_minimal_action_client.egg-info
[3.505s] writing examples_rclpy_minimal_action_client.egg-info/PKG-INFO
[3.506s] writing dependency_links to examples_rclpy_minimal_action_client.egg-info/dependency_links.txt
[3.508s] writing entry points to examples_rclpy_minimal_action_client.egg-info/entry_points.txt
[3.509s] writing requirements to examples_rclpy_minimal_action_client.egg-info/requires.txt
[3.509s] writing top-level names to examples_rclpy_minimal_action_client.egg-info/top_level.txt
[3.513s] writing manifest file 'examples_rclpy_minimal_action_client.egg-info/SOURCES.txt'
[3.632s] reading manifest file 'examples_rclpy_minimal_action_client.egg-info/SOURCES.txt'
[3.635s] writing manifest file 'examples_rclpy_minimal_action_client.egg-info/SOURCES.txt'
[3.754s] running build_ext
[3.755s] Creating /home/foxy/ros2_ws/install/examples_rclpy_minimal_action_client/lib/python3.8/site-packages/site.py
[3.760s] Creating /home/foxy/ros2_ws/install/examples_rclpy_minimal_action_client/lib/python3.8/site-packages/examples-rclpy-minimal-action-client.egg-link (link to .)
[3.762s] Installing client script to /home/foxy/ros2_ws/install/examples_rclpy_minimal_action_client/lib/examples_rclpy_minimal_action_client
[3.762s] Installing client_cancel script to /home/foxy/ros2_ws/install/examples_rclpy_minimal_action_client/lib/examples_rclpy_minimal_action_client
[3.763s] Installing client_not_composable script to /home/foxy/ros2_ws/install/examples_rclpy_minimal_action_client/lib/examples_rclpy_minimal_action_client
[3.764s] 
[3.764s] Installed /home/foxy/ros2_ws/build/examples_rclpy_minimal_action_client
[3.765s] running install_data
[3.765s] creating /home/foxy/ros2_ws/install/examples_rclpy_minimal_action_client/share/ament_index
[3.765s] creating /home/foxy/ros2_ws/install/examples_rclpy_minimal_action_client/share/ament_index/resource_index
[3.766s] creating /home/foxy/ros2_ws/install/examples_rclpy_minimal_action_client/share/ament_index/resource_index/packages
[3.766s] copying resource/examples_rclpy_minimal_action_client -> /home/foxy/ros2_ws/install/examples_rclpy_minimal_action_client/share/ament_index/resource_index/packages
[3.766s] copying package.xml -> /home/foxy/ros2_ws/install/examples_rclpy_minimal_action_client/share/examples_rclpy_minimal_action_client
[3.871s] Invoked command in '/home/foxy/ros2_ws/build/examples_rclpy_minimal_action_client' returned '0': PYTHONPATH=/home/foxy/ros2_ws/install/examples_rclpy_minimal_action_client/lib/python3.8/site-packages:${PYTHONPATH} /usr/bin/python3 setup.py develop --prefix /home/foxy/ros2_ws/install/examples_rclpy_minimal_action_client --editable --build-directory /home/foxy/ros2_ws/build/examples_rclpy_minimal_action_client/build --no-deps install_data --install-dir /home/foxy/ros2_ws/install/examples_rclpy_minimal_action_client
