[0.091s] Invoking command in '/home/foxy/ros2_ws/build/tutorial_interfaces': CMAKE_PREFIX_PATH=/opt/ros/foxy /usr/bin/cmake /home/foxy/ros2_ws/src/tutorial_interfaces -DAMENT_CMAKE_SYMLINK_INSTALL=1 -DCMAKE_INSTALL_PREFIX=/home/foxy/ros2_ws/install/tutorial_interfaces
[0.175s] -- Found ament_cmake: 0.9.11 (/opt/ros/foxy/share/ament_cmake/cmake)
[0.281s] -- Found PythonInterp: /usr/bin/python3 (found suitable version "3.8.10", minimum required is "3") 
[0.283s] -- Using PYTHON_EXECUTABLE: /usr/bin/python3
[0.791s] -- Override CMake install command with custom implementation using symlinks instead of copying resources
[0.877s] -- Found ament_lint_auto: 0.9.7 (/opt/ros/foxy/share/ament_lint_auto/cmake)
[1.128s] -- Found geometry_msgs: 2.0.5 (/opt/ros/foxy/share/geometry_msgs/cmake)
[1.182s] -- Using all available rosidl_typesupport_c: rosidl_typesupport_fastrtps_c;rosidl_typesupport_introspection_c
[1.193s] -- Found rosidl_adapter: 1.3.0 (/opt/ros/foxy/share/rosidl_adapter/cmake)
[1.470s] -- Using all available rosidl_typesupport_cpp: rosidl_typesupport_fastrtps_cpp;rosidl_typesupport_introspection_cpp
[1.711s] -- Found rosidl_default_generators: 1.0.1 (/opt/ros/foxy/share/rosidl_default_generators/cmake)
[1.792s] -- Found PythonInterp: /usr/bin/python3 (found version "3.8.10") 
[2.327s] CMake Error at /opt/ros/foxy/share/rosidl_adapter/cmake/rosidl_adapt_interfaces.cmake:60 (message):
[2.327s]   execute_process(/usr/bin/python3 -m rosidl_adapter --package-name
[2.327s]   tutorial_interfaces --arguments-file
[2.328s]   /home/foxy/ros2_ws/build/tutorial_interfaces/rosidl_adapter__arguments__tutorial_interfaces.json
[2.328s]   --output-dir
[2.328s]   /home/foxy/ros2_ws/build/tutorial_interfaces/rosidl_adapter/tutorial_interfaces
[2.328s]   --output-file
[2.328s]   /home/foxy/ros2_ws/build/tutorial_interfaces/rosidl_adapter/tutorial_interfaces.idls)
[2.328s]   returned error code 1:
[2.328s] 
[2.329s]   Error processing ' int64 num' of 'tutorial_interfaces/Num': 'string index
[2.330s]   out of range'
[2.330s] 
[2.331s]   Traceback (most recent call last):
[2.332s] 
[2.332s]     File "/usr/lib/python3.8/runpy.py", line 194, in _run_module_as_main
[2.332s]       return _run_code(code, main_globals, None,
[2.332s]     File "/usr/lib/python3.8/runpy.py", line 87, in _run_code
[2.333s]       exec(code, run_globals)
[2.333s]     File "/opt/ros/foxy/lib/python3.8/site-packages/rosidl_adapter/__main__.py", line 19, in <module>
[2.333s]       sys.exit(main())
[2.333s]     File "/opt/ros/foxy/lib/python3.8/site-packages/rosidl_adapter/main.py", line 53, in main
[2.333s]       abs_idl_file = convert_to_idl(
[2.333s]     File "/opt/ros/foxy/lib/python3.8/site-packages/rosidl_adapter/__init__.py", line 19, in convert_to_idl
[2.333s]       return convert_msg_to_idl(
[2.333s]     File "/opt/ros/foxy/lib/python3.8/site-packages/rosidl_adapter/msg/__init__.py", line 28, in convert_msg_to_idl
[2.334s]       msg = parse_message_string(package_name, input_file.stem, content)
[2.334s]     File "/opt/ros/foxy/lib/python3.8/site-packages/rosidl_adapter/parser.py", line 516, in parse_message_string
[2.334s]       Type(type_string, context_package_name=pkg_name),
[2.334s]     File "/opt/ros/foxy/lib/python3.8/site-packages/rosidl_adapter/parser.py", line 240, in __init__
[2.334s]       self.is_array = type_string[-1] == ']'
[2.334s] 
[2.334s]   IndexError: string index out of range
[2.334s] 
[2.335s] Call Stack (most recent call first):
[2.335s]   /opt/ros/foxy/share/rosidl_cmake/cmake/rosidl_generate_interfaces.cmake:130 (rosidl_adapt_interfaces)
[2.335s]   CMakeLists.txt:38 (rosidl_generate_interfaces)
[2.335s] 
[2.335s] 
[2.336s] -- Configuring incomplete, errors occurred!
[2.336s] See also "/home/foxy/ros2_ws/build/tutorial_interfaces/CMakeFiles/CMakeOutput.log".
[2.349s] Invoked command in '/home/foxy/ros2_ws/build/tutorial_interfaces' returned '1': CMAKE_PREFIX_PATH=/opt/ros/foxy /usr/bin/cmake /home/foxy/ros2_ws/src/tutorial_interfaces -DAMENT_CMAKE_SYMLINK_INSTALL=1 -DCMAKE_INSTALL_PREFIX=/home/foxy/ros2_ws/install/tutorial_interfaces
