[0.066s] Invoking command in '/home/foxy/ros2_ws/build/tutorial_interfaces': /usr/bin/cmake /home/foxy/ros2_ws/src/tutorial_interfaces -DCMAKE_INSTALL_PREFIX=/home/foxy/ros2_ws/install/tutorial_interfaces
[0.902s] -- The C compiler identification is GNU 9.4.0
[1.796s] -- The CXX compiler identification is GNU 9.4.0
[1.826s] -- Check for working C compiler: /usr/bin/cc
[2.408s] -- Check for working C compiler: /usr/bin/cc -- works
[2.475s] -- Detecting C compiler ABI info
[2.895s] -- Detecting C compiler ABI info - done
[2.923s] -- Detecting C compile features
[2.931s] -- Detecting C compile features - done
[2.941s] -- Check for working CXX compiler: /usr/bin/c++
[3.423s] -- Check for working CXX compiler: /usr/bin/c++ -- works
[3.423s] -- Detecting CXX compiler ABI info
[3.775s] -- Detecting CXX compiler ABI info - done
[3.844s] -- Detecting CXX compile features
[3.850s] -- Detecting CXX compile features - done
[3.877s] -- Found ament_cmake: 0.9.11 (/opt/ros/foxy/share/ament_cmake/cmake)
[3.953s] -- Found PythonInterp: /usr/bin/python3 (found suitable version "3.8.10", minimum required is "3") 
[3.953s] -- Using PYTHON_EXECUTABLE: /usr/bin/python3
[4.766s] -- Found geometry_msgs: 2.0.5 (/opt/ros/foxy/share/geometry_msgs/cmake)
[4.877s] -- Using all available rosidl_typesupport_c: rosidl_typesupport_fastrtps_c;rosidl_typesupport_introspection_c
[4.904s] -- Found rosidl_adapter: 1.3.0 (/opt/ros/foxy/share/rosidl_adapter/cmake)
[5.261s] -- Found OpenSSL: /usr/lib/x86_64-linux-gnu/libcrypto.so (found version "1.1.1f")  
[5.329s] -- Found FastRTPS: /opt/ros/foxy/include  
[5.569s] -- Using all available rosidl_typesupport_cpp: rosidl_typesupport_fastrtps_cpp;rosidl_typesupport_introspection_cpp
[5.895s] -- Found rosidl_default_generators: 1.0.1 (/opt/ros/foxy/share/rosidl_default_generators/cmake)
[5.993s] -- Found PythonInterp: /usr/bin/python3 (found version "3.8.10") 
[6.674s] CMake Error at /opt/ros/foxy/share/rosidl_adapter/cmake/rosidl_adapt_interfaces.cmake:60 (message):
[6.675s]   execute_process(/usr/bin/python3 -m rosidl_adapter --package-name
[6.675s]   tutorial_interfaces --arguments-file
[6.675s]   /home/foxy/ros2_ws/build/tutorial_interfaces/rosidl_adapter__arguments__tutorial_interfaces.json
[6.675s]   --output-dir
[6.675s]   /home/foxy/ros2_ws/build/tutorial_interfaces/rosidl_adapter/tutorial_interfaces
[6.675s]   --output-file
[6.675s]   /home/foxy/ros2_ws/build/tutorial_interfaces/rosidl_adapter/tutorial_interfaces.idls)
[6.675s]   returned error code 1:
[6.676s] 
[6.676s]   Error processing ' int64 num' of 'tutorial_interfaces/Num': 'string index
[6.676s]   out of range'
[6.676s] 
[6.676s]   Traceback (most recent call last):
[6.676s] 
[6.676s]     File "/usr/lib/python3.8/runpy.py", line 194, in _run_module_as_main
[6.677s]       return _run_code(code, main_globals, None,
[6.677s]     File "/usr/lib/python3.8/runpy.py", line 87, in _run_code
[6.677s]       exec(code, run_globals)
[6.677s]     File "/opt/ros/foxy/lib/python3.8/site-packages/rosidl_adapter/__main__.py", line 19, in <module>
[6.677s]       sys.exit(main())
[6.677s]     File "/opt/ros/foxy/lib/python3.8/site-packages/rosidl_adapter/main.py", line 53, in main
[6.677s]       abs_idl_file = convert_to_idl(
[6.678s]     File "/opt/ros/foxy/lib/python3.8/site-packages/rosidl_adapter/__init__.py", line 19, in convert_to_idl
[6.678s]       return convert_msg_to_idl(
[6.678s]     File "/opt/ros/foxy/lib/python3.8/site-packages/rosidl_adapter/msg/__init__.py", line 28, in convert_msg_to_idl
[6.678s]       msg = parse_message_string(package_name, input_file.stem, content)
[6.678s]     File "/opt/ros/foxy/lib/python3.8/site-packages/rosidl_adapter/parser.py", line 516, in parse_message_string
[6.679s]       Type(type_string, context_package_name=pkg_name),
[6.679s]     File "/opt/ros/foxy/lib/python3.8/site-packages/rosidl_adapter/parser.py", line 240, in __init__
[6.679s]       self.is_array = type_string[-1] == ']'
[6.680s] 
[6.680s]   IndexError: string index out of range
[6.680s] 
[6.680s] Call Stack (most recent call first):
[6.681s]   /opt/ros/foxy/share/rosidl_cmake/cmake/rosidl_generate_interfaces.cmake:130 (rosidl_adapt_interfaces)
[6.682s]   CMakeLists.txt:27 (rosidl_generate_interfaces)
[6.682s] 
[6.683s] 
[6.683s] -- Configuring incomplete, errors occurred!
[6.683s] See also "/home/foxy/ros2_ws/build/tutorial_interfaces/CMakeFiles/CMakeOutput.log".
[6.695s] Invoked command in '/home/foxy/ros2_ws/build/tutorial_interfaces' returned '1': /usr/bin/cmake /home/foxy/ros2_ws/src/tutorial_interfaces -DCMAKE_INSTALL_PREFIX=/home/foxy/ros2_ws/install/tutorial_interfaces
