[0.206s] Invoking command in '/home/foxy/ros2_ws/build/action_tutorials_interfaces': CMAKE_PREFIX_PATH=/opt/ros/foxy /usr/bin/cmake /home/foxy/ros2_ws/src/action_tutorials_interfaces -DCMAKE_INSTALL_PREFIX=/home/foxy/ros2_ws/install/action_tutorials_interfaces
[2.070s] -- The C compiler identification is GNU 9.4.0
[2.912s] -- The CXX compiler identification is GNU 9.4.0
[2.925s] -- Check for working C compiler: /usr/bin/cc
[3.286s] -- Check for working C compiler: /usr/bin/cc -- works
[3.293s] -- Detecting C compiler ABI info
[3.621s] -- Detecting C compiler ABI info - done
[3.703s] -- Detecting C compile features
[3.705s] -- Detecting C compile features - done
[3.719s] -- Check for working CXX compiler: /usr/bin/c++
[4.043s] -- Check for working CXX compiler: /usr/bin/c++ -- works
[4.046s] -- Detecting CXX compiler ABI info
[4.253s] -- Detecting CXX compiler ABI info - done
[4.286s] -- Detecting CXX compile features
[4.295s] -- Detecting CXX compile features - done
[4.305s] -- Found ament_cmake: 0.9.11 (/opt/ros/foxy/share/ament_cmake/cmake)
[4.492s] -- Found PythonInterp: /usr/bin/python3 (found suitable version "3.8.10", minimum required is "3") 
[4.492s] -- Using PYTHON_EXECUTABLE: /usr/bin/python3
[5.233s] -- Found ament_lint_auto: 0.9.7 (/opt/ros/foxy/share/ament_lint_auto/cmake)
[5.664s] -- Found rosidl_default_generators: 1.0.1 (/opt/ros/foxy/share/rosidl_default_generators/cmake)
[5.673s] -- Using all available rosidl_typesupport_c: rosidl_typesupport_fastrtps_c;rosidl_typesupport_introspection_c
[5.693s] -- Found rosidl_adapter: 1.3.0 (/opt/ros/foxy/share/rosidl_adapter/cmake)
[5.950s] -- Found OpenSSL: /usr/lib/x86_64-linux-gnu/libcrypto.so (found version "1.1.1f")  
[6.021s] -- Found FastRTPS: /opt/ros/foxy/include  
[6.267s] -- Using all available rosidl_typesupport_cpp: rosidl_typesupport_fastrtps_cpp;rosidl_typesupport_introspection_cpp
[6.470s] -- Found PythonInterp: /usr/bin/python3 (found version "3.8.10") 
[6.920s] -- Found ament_cmake_ros: 0.9.2 (/opt/ros/foxy/share/ament_cmake_ros/cmake)
[7.253s] -- Using all available rosidl_typesupport_c: rosidl_typesupport_fastrtps_c;rosidl_typesupport_introspection_c
[7.327s] -- Using all available rosidl_typesupport_cpp: rosidl_typesupport_fastrtps_cpp;rosidl_typesupport_introspection_cpp
[7.390s] -- Found PythonInterp: /usr/bin/python3 (found suitable version "3.8.10", minimum required is "3.5") 
[7.395s] -- Found python_cmake_module: 0.8.1 (/opt/ros/foxy/share/python_cmake_module/cmake)
[7.533s] -- Found PythonLibs: /usr/lib/x86_64-linux-gnu/libpython3.8.so (found suitable version "3.8.10", minimum required is "3.5") 
[7.574s] -- Using PYTHON_EXECUTABLE: /usr/bin/python3
[7.574s] -- Using PYTHON_INCLUDE_DIRS: /usr/include/python3.8
[7.575s] -- Using PYTHON_LIBRARIES: /usr/lib/x86_64-linux-gnu/libpython3.8.so
[7.601s] -- Found PythonExtra: .so  
[7.739s] -- Added test 'copyright' to check source files copyright and LICENSE
[7.747s] -- Added test 'lint_cmake' to check CMake code style
[7.752s] -- Added test 'xmllint' to check XML markup files
[7.781s] -- Configuring done
[7.916s] -- Generating done
[7.923s] -- Build files have been written to: /home/foxy/ros2_ws/build/action_tutorials_interfaces
