[3.985s] Invoking command in '/home/foxy/ros2_ws/build/examples_rclpy_executors': PYTHONPATH=/home/foxy/ros2_ws/install/examples_rclpy_executors/lib/python3.8/site-packages:${PYTHONPATH} /usr/bin/python3 setup.py develop --prefix /home/foxy/ros2_ws/install/examples_rclpy_executors --uninstall --editable --build-directory /home/foxy/ros2_ws/build/examples_rclpy_executors/build
[6.076s] running develop
[7.261s] Invoked command in '/home/foxy/ros2_ws/build/examples_rclpy_executors' returned '0': PYTHONPATH=/home/foxy/ros2_ws/install/examples_rclpy_executors/lib/python3.8/site-packages:${PYTHONPATH} /usr/bin/python3 setup.py develop --prefix /home/foxy/ros2_ws/install/examples_rclpy_executors --uninstall --editable --build-directory /home/foxy/ros2_ws/build/examples_rclpy_executors/build
[7.282s] Invoking command in '/home/foxy/ros2_ws/src/examples/rclpy/executors': PYTHONPATH=/home/foxy/ros2_ws/install/examples_rclpy_executors/lib/python3.8/site-packages:${PYTHONPATH} /usr/bin/python3 setup.py egg_info --egg-base ../../../../build/examples_rclpy_executors build --build-base /home/foxy/ros2_ws/build/examples_rclpy_executors/build install --prefix /home/foxy/ros2_ws/install/examples_rclpy_executors --record /home/foxy/ros2_ws/build/examples_rclpy_executors/install.log --single-version-externally-managed
[8.947s] running egg_info
[8.947s] writing ../../../../build/examples_rclpy_executors/examples_rclpy_executors.egg-info/PKG-INFO
[8.947s] writing dependency_links to ../../../../build/examples_rclpy_executors/examples_rclpy_executors.egg-info/dependency_links.txt
[8.947s] writing entry points to ../../../../build/examples_rclpy_executors/examples_rclpy_executors.egg-info/entry_points.txt
[8.948s] writing requirements to ../../../../build/examples_rclpy_executors/examples_rclpy_executors.egg-info/requires.txt
[8.948s] writing top-level names to ../../../../build/examples_rclpy_executors/examples_rclpy_executors.egg-info/top_level.txt
[9.259s] reading manifest file '../../../../build/examples_rclpy_executors/examples_rclpy_executors.egg-info/SOURCES.txt'
[9.259s] writing manifest file '../../../../build/examples_rclpy_executors/examples_rclpy_executors.egg-info/SOURCES.txt'
[9.259s] running build
[9.259s] running build_py
[9.260s] running install
[9.260s] running install_lib
[9.260s] running install_data
[9.260s] running install_egg_info
[9.316s] removing '/home/foxy/ros2_ws/install/examples_rclpy_executors/lib/python3.8/site-packages/examples_rclpy_executors-0.9.4-py3.8.egg-info' (and everything under it)
[9.316s] Copying ../../../../build/examples_rclpy_executors/examples_rclpy_executors.egg-info to /home/foxy/ros2_ws/install/examples_rclpy_executors/lib/python3.8/site-packages/examples_rclpy_executors-0.9.4-py3.8.egg-info
[9.524s] running install_scripts
[9.644s] Installing callback_group script to /home/foxy/ros2_ws/install/examples_rclpy_executors/lib/examples_rclpy_executors
[9.644s] Installing composed script to /home/foxy/ros2_ws/install/examples_rclpy_executors/lib/examples_rclpy_executors
[9.644s] Installing custom_callback_group script to /home/foxy/ros2_ws/install/examples_rclpy_executors/lib/examples_rclpy_executors
[9.644s] Installing custom_executor script to /home/foxy/ros2_ws/install/examples_rclpy_executors/lib/examples_rclpy_executors
[9.645s] Installing listener script to /home/foxy/ros2_ws/install/examples_rclpy_executors/lib/examples_rclpy_executors
[9.645s] Installing talker script to /home/foxy/ros2_ws/install/examples_rclpy_executors/lib/examples_rclpy_executors
[9.645s] writing list of installed files to '/home/foxy/ros2_ws/build/examples_rclpy_executors/install.log'
[9.791s] Invoked command in '/home/foxy/ros2_ws/src/examples/rclpy/executors' returned '0': PYTHONPATH=/home/foxy/ros2_ws/install/examples_rclpy_executors/lib/python3.8/site-packages:${PYTHONPATH} /usr/bin/python3 setup.py egg_info --egg-base ../../../../build/examples_rclpy_executors build --build-base /home/foxy/ros2_ws/build/examples_rclpy_executors/build install --prefix /home/foxy/ros2_ws/install/examples_rclpy_executors --record /home/foxy/ros2_ws/build/examples_rclpy_executors/install.log --single-version-externally-managed
