[2.347s] Invoking command in '/home/foxy/ros2_ws/src/py_srvcli': PYTHONPATH=/home/foxy/ros2_ws/install/py_srvcli/lib/python3.8/site-packages:${PYTHONPATH} /usr/bin/python3 setup.py egg_info --egg-base ../../build/py_srvcli build --build-base /home/foxy/ros2_ws/build/py_srvcli/build install --prefix /home/foxy/ros2_ws/install/py_srvcli --record /home/foxy/ros2_ws/build/py_srvcli/install.log --single-version-externally-managed
[3.057s] running egg_info
[3.059s] creating ../../build/py_srvcli/py_srvcli.egg-info
[3.060s] writing ../../build/py_srvcli/py_srvcli.egg-info/PKG-INFO
[3.062s] writing dependency_links to ../../build/py_srvcli/py_srvcli.egg-info/dependency_links.txt
[3.063s] writing entry points to ../../build/py_srvcli/py_srvcli.egg-info/entry_points.txt
[3.064s] writing requirements to ../../build/py_srvcli/py_srvcli.egg-info/requires.txt
[3.065s] writing top-level names to ../../build/py_srvcli/py_srvcli.egg-info/top_level.txt
[3.078s] writing manifest file '../../build/py_srvcli/py_srvcli.egg-info/SOURCES.txt'
[3.174s] reading manifest file '../../build/py_srvcli/py_srvcli.egg-info/SOURCES.txt'
[3.177s] writing manifest file '../../build/py_srvcli/py_srvcli.egg-info/SOURCES.txt'
[3.179s] running build
[3.180s] running build_py
[3.181s] creating /home/foxy/ros2_ws/build/py_srvcli/build
[3.182s] creating /home/foxy/ros2_ws/build/py_srvcli/build/lib
[3.183s] creating /home/foxy/ros2_ws/build/py_srvcli/build/lib/py_srvcli
[3.183s] copying py_srvcli/service_member_function.py -> /home/foxy/ros2_ws/build/py_srvcli/build/lib/py_srvcli
[3.184s] copying py_srvcli/__init__.py -> /home/foxy/ros2_ws/build/py_srvcli/build/lib/py_srvcli
[3.184s] copying py_srvcli/client_member_function.py -> /home/foxy/ros2_ws/build/py_srvcli/build/lib/py_srvcli
[3.184s] running install
[3.187s] running install_lib
[3.189s] creating /home/foxy/ros2_ws/install/py_srvcli/lib/python3.8/site-packages/py_srvcli
[3.190s] copying /home/foxy/ros2_ws/build/py_srvcli/build/lib/py_srvcli/service_member_function.py -> /home/foxy/ros2_ws/install/py_srvcli/lib/python3.8/site-packages/py_srvcli
[3.190s] copying /home/foxy/ros2_ws/build/py_srvcli/build/lib/py_srvcli/__init__.py -> /home/foxy/ros2_ws/install/py_srvcli/lib/python3.8/site-packages/py_srvcli
[3.190s] copying /home/foxy/ros2_ws/build/py_srvcli/build/lib/py_srvcli/client_member_function.py -> /home/foxy/ros2_ws/install/py_srvcli/lib/python3.8/site-packages/py_srvcli
[3.192s] byte-compiling /home/foxy/ros2_ws/install/py_srvcli/lib/python3.8/site-packages/py_srvcli/service_member_function.py to service_member_function.cpython-38.pyc
[3.195s] byte-compiling /home/foxy/ros2_ws/install/py_srvcli/lib/python3.8/site-packages/py_srvcli/__init__.py to __init__.cpython-38.pyc
[3.197s] byte-compiling /home/foxy/ros2_ws/install/py_srvcli/lib/python3.8/site-packages/py_srvcli/client_member_function.py to client_member_function.cpython-38.pyc
[3.200s] running install_data
[3.201s] creating /home/foxy/ros2_ws/install/py_srvcli/share/ament_index
[3.201s] creating /home/foxy/ros2_ws/install/py_srvcli/share/ament_index/resource_index
[3.201s] creating /home/foxy/ros2_ws/install/py_srvcli/share/ament_index/resource_index/packages
[3.203s] copying resource/py_srvcli -> /home/foxy/ros2_ws/install/py_srvcli/share/ament_index/resource_index/packages
[3.203s] copying package.xml -> /home/foxy/ros2_ws/install/py_srvcli/share/py_srvcli
[3.204s] running install_egg_info
[3.210s] Copying ../../build/py_srvcli/py_srvcli.egg-info to /home/foxy/ros2_ws/install/py_srvcli/lib/python3.8/site-packages/py_srvcli-0.0.0-py3.8.egg-info
[3.214s] running install_scripts
[3.264s] Installing client script to /home/foxy/ros2_ws/install/py_srvcli/lib/py_srvcli
[3.264s] Installing service script to /home/foxy/ros2_ws/install/py_srvcli/lib/py_srvcli
[3.265s] writing list of installed files to '/home/foxy/ros2_ws/build/py_srvcli/install.log'
[3.320s] Invoked command in '/home/foxy/ros2_ws/src/py_srvcli' returned '0': PYTHONPATH=/home/foxy/ros2_ws/install/py_srvcli/lib/python3.8/site-packages:${PYTHONPATH} /usr/bin/python3 setup.py egg_info --egg-base ../../build/py_srvcli build --build-base /home/foxy/ros2_ws/build/py_srvcli/build install --prefix /home/foxy/ros2_ws/install/py_srvcli --record /home/foxy/ros2_ws/build/py_srvcli/install.log --single-version-externally-managed
