[0.043s] Invoking command in '/home/foxy/ros2_ws/build/tutorial_interfaces': CMAKE_PREFIX_PATH=/opt/ros/foxy /usr/bin/cmake /home/foxy/ros2_ws/src/tutorial_interfaces -DCMAKE_INSTALL_PREFIX=/home/foxy/ros2_ws/install/tutorial_interfaces
[0.091s] -- Found ament_cmake: 0.9.11 (/opt/ros/foxy/share/ament_cmake/cmake)
[0.165s] -- Using PYTHON_EXECUTABLE: /usr/bin/python3
[0.636s] -- Override CMake install command with custom implementation using symlinks instead of copying resources
[0.668s] -- Found geometry_msgs: 2.0.5 (/opt/ros/foxy/share/geometry_msgs/cmake)
[0.773s] -- Using all available rosidl_typesupport_c: rosidl_typesupport_fastrtps_c;rosidl_typesupport_introspection_c
[0.780s] -- Found rosidl_adapter: 1.3.0 (/opt/ros/foxy/share/rosidl_adapter/cmake)
[1.353s] -- Using all available rosidl_typesupport_cpp: rosidl_typesupport_fastrtps_cpp;rosidl_typesupport_introspection_cpp
[1.712s] CMake Error at CMakeLists.txt:25 (find_package):
[1.712s]   By not providing "Findrosidl_default_generatorss.cmake" in
[1.713s]   CMAKE_MODULE_PATH this project has asked CMake to find a package
[1.713s]   configuration file provided by "rosidl_default_generatorss", but CMake did
[1.713s]   not find one.
[1.713s] 
[1.713s]   Could not find a package configuration file provided by
[1.713s]   "rosidl_default_generatorss" with any of the following names:
[1.713s] 
[1.713s]     rosidl_default_generatorssConfig.cmake
[1.714s]     rosidl_default_generatorss-config.cmake
[1.714s] 
[1.714s]   Add the installation prefix of "rosidl_default_generatorss" to
[1.714s]   CMAKE_PREFIX_PATH or set "rosidl_default_generatorss_DIR" to a directory
[1.714s]   containing one of the above files.  If "rosidl_default_generatorss"
[1.714s]   provides a separate development package or SDK, be sure it has been
[1.714s]   installed.
[1.714s] 
[1.715s] 
[1.715s] -- Configuring incomplete, errors occurred!
[1.715s] See also "/home/foxy/ros2_ws/build/tutorial_interfaces/CMakeFiles/CMakeOutput.log".
[1.787s] Invoked command in '/home/foxy/ros2_ws/build/tutorial_interfaces' returned '1': CMAKE_PREFIX_PATH=/opt/ros/foxy /usr/bin/cmake /home/foxy/ros2_ws/src/tutorial_interfaces -DCMAKE_INSTALL_PREFIX=/home/foxy/ros2_ws/install/tutorial_interfaces
