[0.054s] Invoking command in '/home/foxy/ros2_ws/build/cpp_pubsub': CMAKE_PREFIX_PATH=/opt/ros/foxy /usr/bin/cmake /home/foxy/ros2_ws/src/cpp_pubsub -DCMAKE_INSTALL_PREFIX=/home/foxy/ros2_ws/install/cpp_pubsub
[0.624s] -- The C compiler identification is GNU 9.4.0
[0.875s] -- The CXX compiler identification is GNU 9.4.0
[0.892s] -- Check for working C compiler: /usr/bin/cc
[1.078s] -- Check for working C compiler: /usr/bin/cc -- works
[1.082s] -- Detecting C compiler ABI info
[1.235s] -- Detecting C compiler ABI info - done
[1.263s] -- Detecting C compile features
[1.264s] -- Detecting C compile features - done
[1.272s] -- Check for working CXX compiler: /usr/bin/c++
[1.473s] -- Check for working CXX compiler: /usr/bin/c++ -- works
[1.473s] -- Detecting CXX compiler ABI info
[1.674s] -- Detecting CXX compiler ABI info - done
[1.707s] -- Detecting CXX compile features
[1.708s] -- Detecting CXX compile features - done
[1.715s] -- Found ament_cmake: 0.9.11 (/opt/ros/foxy/share/ament_cmake/cmake)
[1.774s] -- Found PythonInterp: /usr/bin/python3 (found suitable version "3.8.10", minimum required is "3") 
[1.774s] -- Using PYTHON_EXECUTABLE: /usr/bin/python3
[2.258s] -- Found rclcpp: 2.4.2 (/opt/ros/foxy/share/rclcpp/cmake)
[2.377s] -- Using all available rosidl_typesupport_c: rosidl_typesupport_fastrtps_c;rosidl_typesupport_introspection_c
[2.393s] -- Found rosidl_adapter: 1.3.0 (/opt/ros/foxy/share/rosidl_adapter/cmake)
[2.627s] -- Found OpenSSL: /usr/lib/x86_64-linux-gnu/libcrypto.so (found version "1.1.1f")  
[2.694s] -- Found FastRTPS: /opt/ros/foxy/include  
[2.871s] -- Using all available rosidl_typesupport_cpp: rosidl_typesupport_fastrtps_cpp;rosidl_typesupport_introspection_cpp
[3.010s] -- Found rmw_implementation_cmake: 1.0.3 (/opt/ros/foxy/share/rmw_implementation_cmake/cmake)
[3.016s] -- Using RMW implementation 'rmw_fastrtps_cpp' as default
[3.019s] -- Looking for pthread.h
[3.185s] -- Looking for pthread.h - found
[3.186s] -- Performing Test CMAKE_HAVE_LIBC_PTHREAD
[3.357s] -- Performing Test CMAKE_HAVE_LIBC_PTHREAD - Failed
[3.358s] -- Looking for pthread_create in pthreads
[3.509s] -- Looking for pthread_create in pthreads - not found
[3.509s] -- Looking for pthread_create in pthread
[3.676s] -- Looking for pthread_create in pthread - found
[3.678s] -- Found Threads: TRUE  
[4.224s] -- Configuring done
[4.254s] -- Generating done
[4.258s] -- Build files have been written to: /home/foxy/ros2_ws/build/cpp_pubsub
[4.277s] Invoked command in '/home/foxy/ros2_ws/build/cpp_pubsub' returned '0': CMAKE_PREFIX_PATH=/opt/ros/foxy /usr/bin/cmake /home/foxy/ros2_ws/src/cpp_pubsub -DCMAKE_INSTALL_PREFIX=/home/foxy/ros2_ws/install/cpp_pubsub
[4.280s] Invoking command in '/home/foxy/ros2_ws/build/cpp_pubsub': CMAKE_PREFIX_PATH=/opt/ros/foxy /usr/bin/cmake --build /home/foxy/ros2_ws/build/cpp_pubsub -- -j2 -l2
[4.372s] [35m[1mScanning dependencies of target listener[0m
[4.373s] [35m[1mScanning dependencies of target talker[0m
[4.573s] [ 25%] [32mBuilding CXX object CMakeFiles/talker.dir/src/publisher_member_function.cpp.o[0m
[4.583s] [ 50%] [32mBuilding CXX object CMakeFiles/listener.dir/src/subscriber_member_function.cpp.o[0m
[20.295s] [ 75%] [32m[1mLinking CXX executable talker[0m
[20.995s] [ 75%] Built target talker
[25.553s] [100%] [32m[1mLinking CXX executable listener[0m
[26.137s] [100%] Built target listener
[26.175s] Invoked command in '/home/foxy/ros2_ws/build/cpp_pubsub' returned '0': CMAKE_PREFIX_PATH=/opt/ros/foxy /usr/bin/cmake --build /home/foxy/ros2_ws/build/cpp_pubsub -- -j2 -l2
[26.289s] Invoking command in '/home/foxy/ros2_ws/build/cpp_pubsub': CMAKE_PREFIX_PATH=/opt/ros/foxy /usr/bin/cmake --install /home/foxy/ros2_ws/build/cpp_pubsub
[26.312s] -- Install configuration: ""
[26.314s] -- Installing: /home/foxy/ros2_ws/install/cpp_pubsub/lib/cpp_pubsub/talker
[26.317s] -- Set runtime path of "/home/foxy/ros2_ws/install/cpp_pubsub/lib/cpp_pubsub/talker" to ""
[26.317s] -- Installing: /home/foxy/ros2_ws/install/cpp_pubsub/share/ament_index/resource_index/package_run_dependencies/cpp_pubsub
[26.318s] -- Installing: /home/foxy/ros2_ws/install/cpp_pubsub/share/ament_index/resource_index/parent_prefix_path/cpp_pubsub
[26.319s] -- Installing: /home/foxy/ros2_ws/install/cpp_pubsub/share/cpp_pubsub/environment/ament_prefix_path.sh
[26.319s] -- Installing: /home/foxy/ros2_ws/install/cpp_pubsub/share/cpp_pubsub/environment/ament_prefix_path.dsv
[26.320s] -- Installing: /home/foxy/ros2_ws/install/cpp_pubsub/share/cpp_pubsub/environment/path.sh
[26.320s] -- Installing: /home/foxy/ros2_ws/install/cpp_pubsub/share/cpp_pubsub/environment/path.dsv
[26.321s] -- Installing: /home/foxy/ros2_ws/install/cpp_pubsub/share/cpp_pubsub/local_setup.bash
[26.321s] -- Installing: /home/foxy/ros2_ws/install/cpp_pubsub/share/cpp_pubsub/local_setup.sh
[26.322s] -- Installing: /home/foxy/ros2_ws/install/cpp_pubsub/share/cpp_pubsub/local_setup.zsh
[26.322s] -- Installing: /home/foxy/ros2_ws/install/cpp_pubsub/share/cpp_pubsub/local_setup.dsv
[26.323s] -- Installing: /home/foxy/ros2_ws/install/cpp_pubsub/share/cpp_pubsub/package.dsv
[26.324s] -- Installing: /home/foxy/ros2_ws/install/cpp_pubsub/share/ament_index/resource_index/packages/cpp_pubsub
[26.324s] -- Installing: /home/foxy/ros2_ws/install/cpp_pubsub/share/cpp_pubsub/cmake/cpp_pubsubConfig.cmake
[26.325s] -- Installing: /home/foxy/ros2_ws/install/cpp_pubsub/share/cpp_pubsub/cmake/cpp_pubsubConfig-version.cmake
[26.325s] -- Installing: /home/foxy/ros2_ws/install/cpp_pubsub/share/cpp_pubsub/package.xml
[26.326s] -- Up-to-date: /home/foxy/ros2_ws/install/cpp_pubsub/lib/cpp_pubsub/talker
[26.326s] -- Installing: /home/foxy/ros2_ws/install/cpp_pubsub/lib/cpp_pubsub/listener
[26.331s] -- Set runtime path of "/home/foxy/ros2_ws/install/cpp_pubsub/lib/cpp_pubsub/listener" to ""
[26.339s] Invoked command in '/home/foxy/ros2_ws/build/cpp_pubsub' returned '0': CMAKE_PREFIX_PATH=/opt/ros/foxy /usr/bin/cmake --install /home/foxy/ros2_ws/build/cpp_pubsub
