[0.039s] Invoking command in '/home/foxy/ros2_ws/build/examples_rclcpp_minimal_action_server': CMAKE_PREFIX_PATH=/opt/ros/foxy /usr/bin/cmake /home/foxy/ros2_ws/src/examples/rclcpp/actions/minimal_action_server -DCMAKE_INSTALL_PREFIX=/home/foxy/ros2_ws/install/examples_rclcpp_minimal_action_server
[0.112s] -- Found ament_cmake: 0.9.11 (/opt/ros/foxy/share/ament_cmake/cmake)
[0.253s] -- Using PYTHON_EXECUTABLE: /usr/bin/python3
[1.102s] -- Override CMake install command with custom implementation using symlinks instead of copying resources
[1.135s] -- Found example_interfaces: 0.9.1 (/opt/ros/foxy/share/example_interfaces/cmake)
[1.239s] -- Using all available rosidl_typesupport_c: rosidl_typesupport_fastrtps_c;rosidl_typesupport_introspection_c
[1.250s] -- Found rosidl_adapter: 1.3.0 (/opt/ros/foxy/share/rosidl_adapter/cmake)
[1.708s] -- Using all available rosidl_typesupport_cpp: rosidl_typesupport_fastrtps_cpp;rosidl_typesupport_introspection_cpp
[2.252s] -- Found rclcpp: 2.4.2 (/opt/ros/foxy/share/rclcpp/cmake)
[2.378s] -- Found rmw_implementation_cmake: 1.0.3 (/opt/ros/foxy/share/rmw_implementation_cmake/cmake)
[2.384s] -- Using RMW implementation 'rmw_fastrtps_cpp' as default
[2.876s] -- Found rclcpp_action: 2.4.2 (/opt/ros/foxy/share/rclcpp_action/cmake)
[3.041s] -- Found ament_lint_auto: 0.9.7 (/opt/ros/foxy/share/ament_lint_auto/cmake)
[3.815s] -- Added test 'copyright' to check source files copyright and LICENSE
[3.832s] -- Added test 'cppcheck' to perform static code analysis on C / C++ code
[3.833s] -- Configured cppcheck include dirs: 
[3.834s] -- Configured cppcheck exclude dirs and/or files: 
[3.836s] -- Added test 'cpplint' to check C / C++ code against the Google style
[3.837s] -- Configured cpplint exclude dirs and/or files: 
[3.839s] -- Added test 'lint_cmake' to check CMake code style
[3.842s] -- Added test 'uncrustify' to check C / C++ code style
[3.844s] -- Configured uncrustify additional arguments: 
[3.845s] -- Added test 'xmllint' to check XML markup files
[4.099s] -- Configuring done
[4.461s] -- Generating done
[4.503s] -- Build files have been written to: /home/foxy/ros2_ws/build/examples_rclcpp_minimal_action_server
[4.547s] Invoked command in '/home/foxy/ros2_ws/build/examples_rclcpp_minimal_action_server' returned '0': CMAKE_PREFIX_PATH=/opt/ros/foxy /usr/bin/cmake /home/foxy/ros2_ws/src/examples/rclcpp/actions/minimal_action_server -DCMAKE_INSTALL_PREFIX=/home/foxy/ros2_ws/install/examples_rclcpp_minimal_action_server
[4.588s] Invoking command in '/home/foxy/ros2_ws/build/examples_rclcpp_minimal_action_server': CMAKE_PREFIX_PATH=/opt/ros/foxy /usr/bin/cmake --build /home/foxy/ros2_ws/build/examples_rclcpp_minimal_action_server -- -j2 -l2
[5.070s] [ 50%] Built target action_server_member_functions
[5.073s] [100%] Built target action_server_not_composable
[5.114s] Invoked command in '/home/foxy/ros2_ws/build/examples_rclcpp_minimal_action_server' returned '0': CMAKE_PREFIX_PATH=/opt/ros/foxy /usr/bin/cmake --build /home/foxy/ros2_ws/build/examples_rclcpp_minimal_action_server -- -j2 -l2
[5.225s] Invoking command in '/home/foxy/ros2_ws/build/examples_rclcpp_minimal_action_server': CMAKE_PREFIX_PATH=/opt/ros/foxy /usr/bin/cmake --install /home/foxy/ros2_ws/build/examples_rclcpp_minimal_action_server
[5.255s] -- Install configuration: ""
[5.259s] -- Execute custom install script
[5.262s] -- Up-to-date symlink: /home/foxy/ros2_ws/install/examples_rclcpp_minimal_action_server/lib/examples_rclcpp_minimal_action_server/action_server_not_composable
[5.263s] -- Up-to-date symlink: /home/foxy/ros2_ws/install/examples_rclcpp_minimal_action_server/lib/examples_rclcpp_minimal_action_server/action_server_member_functions
[5.271s] -- Up-to-date symlink: /home/foxy/ros2_ws/install/examples_rclcpp_minimal_action_server/share/ament_index/resource_index/package_run_dependencies/examples_rclcpp_minimal_action_server
[5.273s] -- Up-to-date symlink: /home/foxy/ros2_ws/install/examples_rclcpp_minimal_action_server/share/ament_index/resource_index/parent_prefix_path/examples_rclcpp_minimal_action_server
[5.277s] -- Up-to-date symlink: /home/foxy/ros2_ws/install/examples_rclcpp_minimal_action_server/share/examples_rclcpp_minimal_action_server/environment/ament_prefix_path.sh
[5.279s] -- Up-to-date symlink: /home/foxy/ros2_ws/install/examples_rclcpp_minimal_action_server/share/examples_rclcpp_minimal_action_server/environment/ament_prefix_path.dsv
[5.283s] -- Up-to-date symlink: /home/foxy/ros2_ws/install/examples_rclcpp_minimal_action_server/share/examples_rclcpp_minimal_action_server/environment/path.sh
[5.285s] -- Up-to-date symlink: /home/foxy/ros2_ws/install/examples_rclcpp_minimal_action_server/share/examples_rclcpp_minimal_action_server/environment/path.dsv
[5.288s] -- Up-to-date symlink: /home/foxy/ros2_ws/install/examples_rclcpp_minimal_action_server/share/examples_rclcpp_minimal_action_server/local_setup.bash
[5.290s] -- Up-to-date symlink: /home/foxy/ros2_ws/install/examples_rclcpp_minimal_action_server/share/examples_rclcpp_minimal_action_server/local_setup.sh
[5.291s] -- Up-to-date symlink: /home/foxy/ros2_ws/install/examples_rclcpp_minimal_action_server/share/examples_rclcpp_minimal_action_server/local_setup.zsh
[5.295s] -- Up-to-date symlink: /home/foxy/ros2_ws/install/examples_rclcpp_minimal_action_server/share/examples_rclcpp_minimal_action_server/local_setup.dsv
[5.296s] -- Symlinking: /home/foxy/ros2_ws/install/examples_rclcpp_minimal_action_server/share/examples_rclcpp_minimal_action_server/package.dsv
[5.334s] -- Up-to-date symlink: /home/foxy/ros2_ws/install/examples_rclcpp_minimal_action_server/share/ament_index/resource_index/packages/examples_rclcpp_minimal_action_server
[5.336s] -- Up-to-date symlink: /home/foxy/ros2_ws/install/examples_rclcpp_minimal_action_server/share/examples_rclcpp_minimal_action_server/cmake/examples_rclcpp_minimal_action_serverConfig.cmake
[5.338s] -- Up-to-date symlink: /home/foxy/ros2_ws/install/examples_rclcpp_minimal_action_server/share/examples_rclcpp_minimal_action_server/cmake/examples_rclcpp_minimal_action_serverConfig-version.cmake
[5.344s] -- Up-to-date symlink: /home/foxy/ros2_ws/install/examples_rclcpp_minimal_action_server/share/examples_rclcpp_minimal_action_server/package.xml
[5.354s] Invoked command in '/home/foxy/ros2_ws/build/examples_rclcpp_minimal_action_server' returned '0': CMAKE_PREFIX_PATH=/opt/ros/foxy /usr/bin/cmake --install /home/foxy/ros2_ws/build/examples_rclcpp_minimal_action_server
