[4.318s] Invoking command in '/home/foxy/ros2_ws/build/examples_rclpy_minimal_action_client': PYTHONPATH=/home/foxy/ros2_ws/install/examples_rclpy_minimal_action_client/lib/python3.8/site-packages:${PYTHONPATH} /usr/bin/python3 setup.py develop --prefix /home/foxy/ros2_ws/install/examples_rclpy_minimal_action_client --uninstall --editable --build-directory /home/foxy/ros2_ws/build/examples_rclpy_minimal_action_client/build
[5.975s] running develop
[7.456s] Invoked command in '/home/foxy/ros2_ws/build/examples_rclpy_minimal_action_client' returned '0': PYTHONPATH=/home/foxy/ros2_ws/install/examples_rclpy_minimal_action_client/lib/python3.8/site-packages:${PYTHONPATH} /usr/bin/python3 setup.py develop --prefix /home/foxy/ros2_ws/install/examples_rclpy_minimal_action_client --uninstall --editable --build-directory /home/foxy/ros2_ws/build/examples_rclpy_minimal_action_client/build
[7.458s] Invoking command in '/home/foxy/ros2_ws/src/examples/rclpy/actions/minimal_action_client': PYTHONPATH=/home/foxy/ros2_ws/install/examples_rclpy_minimal_action_client/lib/python3.8/site-packages:${PYTHONPATH} /usr/bin/python3 setup.py egg_info --egg-base ../../../../../build/examples_rclpy_minimal_action_client build --build-base /home/foxy/ros2_ws/build/examples_rclpy_minimal_action_client/build install --prefix /home/foxy/ros2_ws/install/examples_rclpy_minimal_action_client --record /home/foxy/ros2_ws/build/examples_rclpy_minimal_action_client/install.log --single-version-externally-managed
[9.602s] running egg_info
[9.604s] writing ../../../../../build/examples_rclpy_minimal_action_client/examples_rclpy_minimal_action_client.egg-info/PKG-INFO
[9.711s] writing dependency_links to ../../../../../build/examples_rclpy_minimal_action_client/examples_rclpy_minimal_action_client.egg-info/dependency_links.txt
[9.711s] writing entry points to ../../../../../build/examples_rclpy_minimal_action_client/examples_rclpy_minimal_action_client.egg-info/entry_points.txt
[9.712s] writing requirements to ../../../../../build/examples_rclpy_minimal_action_client/examples_rclpy_minimal_action_client.egg-info/requires.txt
[9.712s] writing top-level names to ../../../../../build/examples_rclpy_minimal_action_client/examples_rclpy_minimal_action_client.egg-info/top_level.txt
[10.262s] reading manifest file '../../../../../build/examples_rclpy_minimal_action_client/examples_rclpy_minimal_action_client.egg-info/SOURCES.txt'
[10.273s] writing manifest file '../../../../../build/examples_rclpy_minimal_action_client/examples_rclpy_minimal_action_client.egg-info/SOURCES.txt'
[10.273s] running build
[10.274s] running build_py
[10.285s] running install
[10.313s] running install_lib
[10.472s] running install_data
[10.780s] running install_egg_info
[10.780s] removing '/home/foxy/ros2_ws/install/examples_rclpy_minimal_action_client/lib/python3.8/site-packages/examples_rclpy_minimal_action_client-0.9.4-py3.8.egg-info' (and everything under it)
[10.780s] Copying ../../../../../build/examples_rclpy_minimal_action_client/examples_rclpy_minimal_action_client.egg-info to /home/foxy/ros2_ws/install/examples_rclpy_minimal_action_client/lib/python3.8/site-packages/examples_rclpy_minimal_action_client-0.9.4-py3.8.egg-info
[10.828s] running install_scripts
[11.035s] Installing client script to /home/foxy/ros2_ws/install/examples_rclpy_minimal_action_client/lib/examples_rclpy_minimal_action_client
[11.036s] Installing client_cancel script to /home/foxy/ros2_ws/install/examples_rclpy_minimal_action_client/lib/examples_rclpy_minimal_action_client
[11.036s] Installing client_not_composable script to /home/foxy/ros2_ws/install/examples_rclpy_minimal_action_client/lib/examples_rclpy_minimal_action_client
[11.036s] writing list of installed files to '/home/foxy/ros2_ws/build/examples_rclpy_minimal_action_client/install.log'
[11.357s] Invoked command in '/home/foxy/ros2_ws/src/examples/rclpy/actions/minimal_action_client' returned '0': PYTHONPATH=/home/foxy/ros2_ws/install/examples_rclpy_minimal_action_client/lib/python3.8/site-packages:${PYTHONPATH} /usr/bin/python3 setup.py egg_info --egg-base ../../../../../build/examples_rclpy_minimal_action_client build --build-base /home/foxy/ros2_ws/build/examples_rclpy_minimal_action_client/build install --prefix /home/foxy/ros2_ws/install/examples_rclpy_minimal_action_client --record /home/foxy/ros2_ws/build/examples_rclpy_minimal_action_client/install.log --single-version-externally-managed
