[0.084s] Invoking command in '/home/foxy/ros2_ws/build/tutorial_interfaces': CMAKE_PREFIX_PATH=/opt/ros/foxy /usr/bin/cmake /home/foxy/ros2_ws/src/tutorial_interfaces -DCMAKE_INSTALL_PREFIX=/home/foxy/ros2_ws/install/tutorial_interfaces
[0.159s] -- Found ament_cmake: 0.9.11 (/opt/ros/foxy/share/ament_cmake/cmake)
[0.248s] -- Using PYTHON_EXECUTABLE: /usr/bin/python3
[0.977s] -- Override CMake install command with custom implementation using symlinks instead of copying resources
[1.052s] -- Found ament_lint_auto: 0.9.7 (/opt/ros/foxy/share/ament_lint_auto/cmake)
[1.328s] -- Added test 'copyright' to check source files copyright and LICENSE
[1.333s] -- Added test 'lint_cmake' to check CMake code style
[1.346s] -- Added test 'xmllint' to check XML markup files
[1.355s] -- Configuring done
[1.363s] -- Generating done
[1.368s] -- Build files have been written to: /home/foxy/ros2_ws/build/tutorial_interfaces
[1.377s] Invoked command in '/home/foxy/ros2_ws/build/tutorial_interfaces' returned '0': CMAKE_PREFIX_PATH=/opt/ros/foxy /usr/bin/cmake /home/foxy/ros2_ws/src/tutorial_interfaces -DCMAKE_INSTALL_PREFIX=/home/foxy/ros2_ws/install/tutorial_interfaces
[1.394s] Invoking command in '/home/foxy/ros2_ws/build/tutorial_interfaces': CMAKE_PREFIX_PATH=/opt/ros/foxy /usr/bin/cmake --build /home/foxy/ros2_ws/build/tutorial_interfaces -- -j2 -l2
[1.555s] Invoked command in '/home/foxy/ros2_ws/build/tutorial_interfaces' returned '0': CMAKE_PREFIX_PATH=/opt/ros/foxy /usr/bin/cmake --build /home/foxy/ros2_ws/build/tutorial_interfaces -- -j2 -l2
[1.650s] Invoking command in '/home/foxy/ros2_ws/build/tutorial_interfaces': CMAKE_PREFIX_PATH=/opt/ros/foxy /usr/bin/cmake --install /home/foxy/ros2_ws/build/tutorial_interfaces
[1.673s] -- Install configuration: ""
[1.673s] -- Execute custom install script
[1.678s] -- Symlinking: /home/foxy/ros2_ws/install/tutorial_interfaces/share/ament_index/resource_index/package_run_dependencies/tutorial_interfaces
[1.708s] -- Symlinking: /home/foxy/ros2_ws/install/tutorial_interfaces/share/ament_index/resource_index/parent_prefix_path/tutorial_interfaces
[1.742s] -- Symlinking: /home/foxy/ros2_ws/install/tutorial_interfaces/share/tutorial_interfaces/environment/ament_prefix_path.sh
[1.772s] -- Symlinking: /home/foxy/ros2_ws/install/tutorial_interfaces/share/tutorial_interfaces/environment/ament_prefix_path.dsv
[1.805s] -- Symlinking: /home/foxy/ros2_ws/install/tutorial_interfaces/share/tutorial_interfaces/environment/path.sh
[1.837s] -- Symlinking: /home/foxy/ros2_ws/install/tutorial_interfaces/share/tutorial_interfaces/environment/path.dsv
[1.866s] -- Symlinking: /home/foxy/ros2_ws/install/tutorial_interfaces/share/tutorial_interfaces/local_setup.bash
[1.932s] -- Symlinking: /home/foxy/ros2_ws/install/tutorial_interfaces/share/tutorial_interfaces/local_setup.sh
[1.957s] -- Symlinking: /home/foxy/ros2_ws/install/tutorial_interfaces/share/tutorial_interfaces/local_setup.zsh
[1.989s] -- Symlinking: /home/foxy/ros2_ws/install/tutorial_interfaces/share/tutorial_interfaces/local_setup.dsv
[2.017s] -- Symlinking: /home/foxy/ros2_ws/install/tutorial_interfaces/share/tutorial_interfaces/package.dsv
[2.040s] -- Symlinking: /home/foxy/ros2_ws/install/tutorial_interfaces/share/ament_index/resource_index/packages/tutorial_interfaces
[2.064s] -- Symlinking: /home/foxy/ros2_ws/install/tutorial_interfaces/share/tutorial_interfaces/cmake/tutorial_interfacesConfig.cmake
[2.091s] -- Symlinking: /home/foxy/ros2_ws/install/tutorial_interfaces/share/tutorial_interfaces/cmake/tutorial_interfacesConfig-version.cmake
[2.225s] -- Symlinking: /home/foxy/ros2_ws/install/tutorial_interfaces/share/tutorial_interfaces/package.xml
[2.266s] Invoked command in '/home/foxy/ros2_ws/build/tutorial_interfaces' returned '0': CMAKE_PREFIX_PATH=/opt/ros/foxy /usr/bin/cmake --install /home/foxy/ros2_ws/build/tutorial_interfaces
