[2.607s] Invoking command in '/home/foxy/ros2_ws/build/examples_rclpy_minimal_client': PYTHONPATH=/home/foxy/ros2_ws/install/examples_rclpy_minimal_client/lib/python3.8/site-packages:${PYTHONPATH} /usr/bin/python3 setup.py develop --prefix /home/foxy/ros2_ws/install/examples_rclpy_minimal_client --uninstall --editable --build-directory /home/foxy/ros2_ws/build/examples_rclpy_minimal_client/build
[3.402s] running develop
[3.979s] Removing /home/foxy/ros2_ws/install/examples_rclpy_minimal_client/lib/python3.8/site-packages/examples-rclpy-minimal-client.egg-link (link to .)
[4.049s] Invoked command in '/home/foxy/ros2_ws/build/examples_rclpy_minimal_client' returned '0': PYTHONPATH=/home/foxy/ros2_ws/install/examples_rclpy_minimal_client/lib/python3.8/site-packages:${PYTHONPATH} /usr/bin/python3 setup.py develop --prefix /home/foxy/ros2_ws/install/examples_rclpy_minimal_client --uninstall --editable --build-directory /home/foxy/ros2_ws/build/examples_rclpy_minimal_client/build
[4.057s] Invoking command in '/home/foxy/ros2_ws/src/examples/rclpy/services/minimal_client': PYTHONPATH=/home/foxy/ros2_ws/install/examples_rclpy_minimal_client/lib/python3.8/site-packages:${PYTHONPATH} /usr/bin/python3 setup.py egg_info --egg-base ../../../../../build/examples_rclpy_minimal_client build --build-base /home/foxy/ros2_ws/build/examples_rclpy_minimal_client/build install --prefix /home/foxy/ros2_ws/install/examples_rclpy_minimal_client --record /home/foxy/ros2_ws/build/examples_rclpy_minimal_client/install.log --single-version-externally-managed
[4.918s] running egg_info
[4.922s] writing ../../../../../build/examples_rclpy_minimal_client/examples_rclpy_minimal_client.egg-info/PKG-INFO
[4.925s] writing dependency_links to ../../../../../build/examples_rclpy_minimal_client/examples_rclpy_minimal_client.egg-info/dependency_links.txt
[4.926s] writing entry points to ../../../../../build/examples_rclpy_minimal_client/examples_rclpy_minimal_client.egg-info/entry_points.txt
[4.928s] writing requirements to ../../../../../build/examples_rclpy_minimal_client/examples_rclpy_minimal_client.egg-info/requires.txt
[4.929s] writing top-level names to ../../../../../build/examples_rclpy_minimal_client/examples_rclpy_minimal_client.egg-info/top_level.txt
[5.073s] reading manifest file '../../../../../build/examples_rclpy_minimal_client/examples_rclpy_minimal_client.egg-info/SOURCES.txt'
[5.077s] writing manifest file '../../../../../build/examples_rclpy_minimal_client/examples_rclpy_minimal_client.egg-info/SOURCES.txt'
[5.079s] running build
[5.079s] running build_py
[5.080s] creating /home/foxy/ros2_ws/build/examples_rclpy_minimal_client/build
[5.083s] creating /home/foxy/ros2_ws/build/examples_rclpy_minimal_client/build/lib
[5.085s] creating /home/foxy/ros2_ws/build/examples_rclpy_minimal_client/build/lib/examples_rclpy_minimal_client
[5.086s] copying examples_rclpy_minimal_client/client_async.py -> /home/foxy/ros2_ws/build/examples_rclpy_minimal_client/build/lib/examples_rclpy_minimal_client
[5.087s] copying examples_rclpy_minimal_client/client.py -> /home/foxy/ros2_ws/build/examples_rclpy_minimal_client/build/lib/examples_rclpy_minimal_client
[5.089s] copying examples_rclpy_minimal_client/__init__.py -> /home/foxy/ros2_ws/build/examples_rclpy_minimal_client/build/lib/examples_rclpy_minimal_client
[5.093s] copying examples_rclpy_minimal_client/client_async_member_function.py -> /home/foxy/ros2_ws/build/examples_rclpy_minimal_client/build/lib/examples_rclpy_minimal_client
[5.097s] copying examples_rclpy_minimal_client/client_async_callback.py -> /home/foxy/ros2_ws/build/examples_rclpy_minimal_client/build/lib/examples_rclpy_minimal_client
[5.107s] running install
[5.109s] running install_lib
[5.111s] creating /home/foxy/ros2_ws/install/examples_rclpy_minimal_client/lib/python3.8/site-packages/examples_rclpy_minimal_client
[5.113s] copying /home/foxy/ros2_ws/build/examples_rclpy_minimal_client/build/lib/examples_rclpy_minimal_client/client_async.py -> /home/foxy/ros2_ws/install/examples_rclpy_minimal_client/lib/python3.8/site-packages/examples_rclpy_minimal_client
[5.114s] copying /home/foxy/ros2_ws/build/examples_rclpy_minimal_client/build/lib/examples_rclpy_minimal_client/client.py -> /home/foxy/ros2_ws/install/examples_rclpy_minimal_client/lib/python3.8/site-packages/examples_rclpy_minimal_client
[5.117s] copying /home/foxy/ros2_ws/build/examples_rclpy_minimal_client/build/lib/examples_rclpy_minimal_client/__init__.py -> /home/foxy/ros2_ws/install/examples_rclpy_minimal_client/lib/python3.8/site-packages/examples_rclpy_minimal_client
[5.117s] copying /home/foxy/ros2_ws/build/examples_rclpy_minimal_client/build/lib/examples_rclpy_minimal_client/client_async_member_function.py -> /home/foxy/ros2_ws/install/examples_rclpy_minimal_client/lib/python3.8/site-packages/examples_rclpy_minimal_client
[5.118s] copying /home/foxy/ros2_ws/build/examples_rclpy_minimal_client/build/lib/examples_rclpy_minimal_client/client_async_callback.py -> /home/foxy/ros2_ws/install/examples_rclpy_minimal_client/lib/python3.8/site-packages/examples_rclpy_minimal_client
[5.118s] byte-compiling /home/foxy/ros2_ws/install/examples_rclpy_minimal_client/lib/python3.8/site-packages/examples_rclpy_minimal_client/client_async.py to client_async.cpython-38.pyc
[5.131s] byte-compiling /home/foxy/ros2_ws/install/examples_rclpy_minimal_client/lib/python3.8/site-packages/examples_rclpy_minimal_client/client.py to client.cpython-38.pyc
[5.134s] byte-compiling /home/foxy/ros2_ws/install/examples_rclpy_minimal_client/lib/python3.8/site-packages/examples_rclpy_minimal_client/__init__.py to __init__.cpython-38.pyc
[5.135s] byte-compiling /home/foxy/ros2_ws/install/examples_rclpy_minimal_client/lib/python3.8/site-packages/examples_rclpy_minimal_client/client_async_member_function.py to client_async_member_function.cpython-38.pyc
[5.136s] byte-compiling /home/foxy/ros2_ws/install/examples_rclpy_minimal_client/lib/python3.8/site-packages/examples_rclpy_minimal_client/client_async_callback.py to client_async_callback.cpython-38.pyc
[5.146s] running install_data
[5.209s] running install_egg_info
[5.214s] Copying ../../../../../build/examples_rclpy_minimal_client/examples_rclpy_minimal_client.egg-info to /home/foxy/ros2_ws/install/examples_rclpy_minimal_client/lib/python3.8/site-packages/examples_rclpy_minimal_client-0.9.4-py3.8.egg-info
[5.373s] running install_scripts
[5.445s] Installing client script to /home/foxy/ros2_ws/install/examples_rclpy_minimal_client/lib/examples_rclpy_minimal_client
[5.449s] Installing client_async script to /home/foxy/ros2_ws/install/examples_rclpy_minimal_client/lib/examples_rclpy_minimal_client
[5.455s] Installing client_async_callback script to /home/foxy/ros2_ws/install/examples_rclpy_minimal_client/lib/examples_rclpy_minimal_client
[5.456s] Installing client_async_member_function script to /home/foxy/ros2_ws/install/examples_rclpy_minimal_client/lib/examples_rclpy_minimal_client
[5.470s] writing list of installed files to '/home/foxy/ros2_ws/build/examples_rclpy_minimal_client/install.log'
[5.556s] Invoked command in '/home/foxy/ros2_ws/src/examples/rclpy/services/minimal_client' returned '0': PYTHONPATH=/home/foxy/ros2_ws/install/examples_rclpy_minimal_client/lib/python3.8/site-packages:${PYTHONPATH} /usr/bin/python3 setup.py egg_info --egg-base ../../../../../build/examples_rclpy_minimal_client build --build-base /home/foxy/ros2_ws/build/examples_rclpy_minimal_client/build install --prefix /home/foxy/ros2_ws/install/examples_rclpy_minimal_client --record /home/foxy/ros2_ws/build/examples_rclpy_minimal_client/install.log --single-version-externally-managed
