[2.588s] Invoking command in '/home/foxy/ros2_ws/build/examples_rclpy_executors': PYTHONPATH=/home/foxy/ros2_ws/install/examples_rclpy_executors/lib/python3.8/site-packages:${PYTHONPATH} /usr/bin/python3 setup.py develop --prefix /home/foxy/ros2_ws/install/examples_rclpy_executors --editable --build-directory /home/foxy/ros2_ws/build/examples_rclpy_executors/build --no-deps install_data --install-dir /home/foxy/ros2_ws/install/examples_rclpy_executors
[3.331s] running develop
[3.691s] running egg_info
[3.693s] writing examples_rclpy_executors.egg-info/PKG-INFO
[3.695s] writing dependency_links to examples_rclpy_executors.egg-info/dependency_links.txt
[3.697s] writing entry points to examples_rclpy_executors.egg-info/entry_points.txt
[3.699s] writing requirements to examples_rclpy_executors.egg-info/requires.txt
[3.700s] writing top-level names to examples_rclpy_executors.egg-info/top_level.txt
[3.885s] reading manifest file 'examples_rclpy_executors.egg-info/SOURCES.txt'
[3.885s] writing manifest file 'examples_rclpy_executors.egg-info/SOURCES.txt'
[3.987s] running build_ext
[3.991s] Creating /home/foxy/ros2_ws/install/examples_rclpy_executors/lib/python3.8/site-packages/examples-rclpy-executors.egg-link (link to .)
[3.995s] Installing callback_group script to /home/foxy/ros2_ws/install/examples_rclpy_executors/lib/examples_rclpy_executors
[3.996s] Installing composed script to /home/foxy/ros2_ws/install/examples_rclpy_executors/lib/examples_rclpy_executors
[3.997s] Installing custom_callback_group script to /home/foxy/ros2_ws/install/examples_rclpy_executors/lib/examples_rclpy_executors
[3.998s] Installing custom_executor script to /home/foxy/ros2_ws/install/examples_rclpy_executors/lib/examples_rclpy_executors
[3.999s] Installing listener script to /home/foxy/ros2_ws/install/examples_rclpy_executors/lib/examples_rclpy_executors
[4.000s] Installing talker script to /home/foxy/ros2_ws/install/examples_rclpy_executors/lib/examples_rclpy_executors
[4.001s] 
[4.001s] Installed /home/foxy/ros2_ws/build/examples_rclpy_executors
[4.002s] running install_data
[4.108s] Invoked command in '/home/foxy/ros2_ws/build/examples_rclpy_executors' returned '0': PYTHONPATH=/home/foxy/ros2_ws/install/examples_rclpy_executors/lib/python3.8/site-packages:${PYTHONPATH} /usr/bin/python3 setup.py develop --prefix /home/foxy/ros2_ws/install/examples_rclpy_executors --editable --build-directory /home/foxy/ros2_ws/build/examples_rclpy_executors/build --no-deps install_data --install-dir /home/foxy/ros2_ws/install/examples_rclpy_executors
