[0.081s] Invoking command in '/home/foxy/ros2_ws/build/tutorial_interfaces': CMAKE_PREFIX_PATH=${CMAKE_PREFIX_PATH}:/home/foxy/ros2_ws/install/py_srvcli:/home/foxy/ros2_ws/install/examples_rclpy_minimal_subscriber:/home/foxy/ros2_ws/install/examples_rclpy_minimal_service:/home/foxy/ros2_ws/install/examples_rclpy_minimal_publisher:/home/foxy/ros2_ws/install/examples_rclpy_minimal_client:/home/foxy/ros2_ws/install/examples_rclpy_minimal_action_server:/home/foxy/ros2_ws/install/examples_rclpy_minimal_action_client:/home/foxy/ros2_ws/install/examples_rclpy_executors:/opt/ros/foxy /usr/bin/cmake /home/foxy/ros2_ws/src/tutorial_interfaces -DCMAKE_INSTALL_PREFIX=/home/foxy/ros2_ws/install/tutorial_interfaces
[0.138s] -- Found ament_cmake: 0.9.11 (/opt/ros/foxy/share/ament_cmake/cmake)
[0.278s] -- Found PythonInterp: /usr/bin/python3 (found suitable version "3.8.10", minimum required is "3") 
[0.279s] -- Using PYTHON_EXECUTABLE: /usr/bin/python3
[0.796s] -- Override CMake install command with custom implementation using symlinks instead of copying resources
[0.821s] -- Found geometry_msgs: 2.0.5 (/opt/ros/foxy/share/geometry_msgs/cmake)
[0.899s] -- Using all available rosidl_typesupport_c: rosidl_typesupport_fastrtps_c;rosidl_typesupport_introspection_c
[0.913s] -- Found rosidl_adapter: 1.3.0 (/opt/ros/foxy/share/rosidl_adapter/cmake)
[1.413s] -- Using all available rosidl_typesupport_cpp: rosidl_typesupport_fastrtps_cpp;rosidl_typesupport_introspection_cpp
[1.635s] -- Found rosidl_default_generators: 1.0.1 (/opt/ros/foxy/share/rosidl_default_generators/cmake)
[1.785s] -- Found PythonInterp: /usr/bin/python3 (found version "3.8.10") 
[2.632s] CMake Error at /opt/ros/foxy/share/rosidl_adapter/cmake/rosidl_adapt_interfaces.cmake:60 (message):
[2.633s]   execute_process(/usr/bin/python3 -m rosidl_adapter --package-name
[2.633s]   tutorial_interfaces --arguments-file
[2.633s]   /home/foxy/ros2_ws/build/tutorial_interfaces/rosidl_adapter__arguments__tutorial_interfaces.json
[2.633s]   --output-dir
[2.633s]   /home/foxy/ros2_ws/build/tutorial_interfaces/rosidl_adapter/tutorial_interfaces
[2.633s]   --output-file
[2.633s]   /home/foxy/ros2_ws/build/tutorial_interfaces/rosidl_adapter/tutorial_interfaces.idls)
[2.634s]   returned error code 1:
[2.634s] 
[2.634s]   Error processing ' 'int64 num'' of 'tutorial_interfaces/Num': 'string index
[2.634s]   out of range'
[2.634s] 
[2.634s]   Traceback (most recent call last):
[2.634s] 
[2.634s]     File "/usr/lib/python3.8/runpy.py", line 194, in _run_module_as_main
[2.634s]       return _run_code(code, main_globals, None,
[2.635s]     File "/usr/lib/python3.8/runpy.py", line 87, in _run_code
[2.635s]       exec(code, run_globals)
[2.636s]     File "/opt/ros/foxy/lib/python3.8/site-packages/rosidl_adapter/__main__.py", line 19, in <module>
[2.636s]       sys.exit(main())
[2.636s]     File "/opt/ros/foxy/lib/python3.8/site-packages/rosidl_adapter/main.py", line 53, in main
[2.637s]       abs_idl_file = convert_to_idl(
[2.637s]     File "/opt/ros/foxy/lib/python3.8/site-packages/rosidl_adapter/__init__.py", line 19, in convert_to_idl
[2.637s]       return convert_msg_to_idl(
[2.637s]     File "/opt/ros/foxy/lib/python3.8/site-packages/rosidl_adapter/msg/__init__.py", line 28, in convert_msg_to_idl
[2.637s]       msg = parse_message_string(package_name, input_file.stem, content)
[2.638s]     File "/opt/ros/foxy/lib/python3.8/site-packages/rosidl_adapter/parser.py", line 516, in parse_message_string
[2.638s]       Type(type_string, context_package_name=pkg_name),
[2.638s]     File "/opt/ros/foxy/lib/python3.8/site-packages/rosidl_adapter/parser.py", line 240, in __init__
[2.638s]       self.is_array = type_string[-1] == ']'
[2.638s] 
[2.638s]   IndexError: string index out of range
[2.638s] 
[2.638s] Call Stack (most recent call first):
[2.639s]   /opt/ros/foxy/share/rosidl_cmake/cmake/rosidl_generate_interfaces.cmake:130 (rosidl_adapt_interfaces)
[2.639s]   CMakeLists.txt:28 (rosidl_generate_interfaces)
[2.639s] 
[2.639s] 
[2.640s] -- Configuring incomplete, errors occurred!
[2.640s] See also "/home/foxy/ros2_ws/build/tutorial_interfaces/CMakeFiles/CMakeOutput.log".
[2.651s] Invoked command in '/home/foxy/ros2_ws/build/tutorial_interfaces' returned '1': CMAKE_PREFIX_PATH=${CMAKE_PREFIX_PATH}:/home/foxy/ros2_ws/install/py_srvcli:/home/foxy/ros2_ws/install/examples_rclpy_minimal_subscriber:/home/foxy/ros2_ws/install/examples_rclpy_minimal_service:/home/foxy/ros2_ws/install/examples_rclpy_minimal_publisher:/home/foxy/ros2_ws/install/examples_rclpy_minimal_client:/home/foxy/ros2_ws/install/examples_rclpy_minimal_action_server:/home/foxy/ros2_ws/install/examples_rclpy_minimal_action_client:/home/foxy/ros2_ws/install/examples_rclpy_executors:/opt/ros/foxy /usr/bin/cmake /home/foxy/ros2_ws/src/tutorial_interfaces -DCMAKE_INSTALL_PREFIX=/home/foxy/ros2_ws/install/tutorial_interfaces
