[0.060s] Invoking command in '/home/foxy/ros2_ws/build/examples_rclcpp_minimal_publisher': CMAKE_PREFIX_PATH=/opt/ros/foxy /usr/bin/cmake /home/foxy/ros2_ws/src/examples/rclcpp/topics/minimal_publisher -DAMENT_CMAKE_SYMLINK_INSTALL=1 -DCMAKE_INSTALL_PREFIX=/home/foxy/ros2_ws/install/examples_rclcpp_minimal_publisher
[0.241s] -- The C compiler identification is GNU 9.4.0
[0.409s] -- The CXX compiler identification is GNU 9.4.0
[0.424s] -- Check for working C compiler: /usr/bin/cc
[0.622s] -- Check for working C compiler: /usr/bin/cc -- works
[0.627s] -- Detecting C compiler ABI info
[0.886s] -- Detecting C compiler ABI info - done
[0.886s] -- Detecting C compile features
[0.887s] -- Detecting C compile features - done
[0.887s] -- Check for working CXX compiler: /usr/bin/c++
[1.148s] -- Check for working CXX compiler: /usr/bin/c++ -- works
[1.153s] -- Detecting CXX compiler ABI info
[1.481s] -- Detecting CXX compiler ABI info - done
[1.513s] -- Detecting CXX compile features
[1.515s] -- Detecting CXX compile features - done
[1.525s] -- Found ament_cmake: 0.9.11 (/opt/ros/foxy/share/ament_cmake/cmake)
[1.590s] -- Found PythonInterp: /usr/bin/python3 (found suitable version "3.8.10", minimum required is "3") 
[1.593s] -- Using PYTHON_EXECUTABLE: /usr/bin/python3
[2.191s] -- Override CMake install command with custom implementation using symlinks instead of copying resources
[2.253s] -- Found rclcpp: 2.4.2 (/opt/ros/foxy/share/rclcpp/cmake)
[2.382s] -- Using all available rosidl_typesupport_c: rosidl_typesupport_fastrtps_c;rosidl_typesupport_introspection_c
[2.398s] -- Found rosidl_adapter: 1.3.0 (/opt/ros/foxy/share/rosidl_adapter/cmake)
[2.625s] -- Found OpenSSL: /usr/lib/x86_64-linux-gnu/libcrypto.so (found version "1.1.1f")  
[2.709s] -- Found FastRTPS: /opt/ros/foxy/include  
[3.078s] -- Using all available rosidl_typesupport_cpp: rosidl_typesupport_fastrtps_cpp;rosidl_typesupport_introspection_cpp
[3.249s] -- Found rmw_implementation_cmake: 1.0.3 (/opt/ros/foxy/share/rmw_implementation_cmake/cmake)
[3.253s] -- Using RMW implementation 'rmw_fastrtps_cpp' as default
[3.257s] -- Looking for pthread.h
[3.473s] -- Looking for pthread.h - found
[3.475s] -- Performing Test CMAKE_HAVE_LIBC_PTHREAD
[3.708s] -- Performing Test CMAKE_HAVE_LIBC_PTHREAD - Failed
[3.710s] -- Looking for pthread_create in pthreads
[4.013s] -- Looking for pthread_create in pthreads - not found
[4.014s] -- Looking for pthread_create in pthread
[4.210s] -- Looking for pthread_create in pthread - found
[4.212s] -- Found Threads: TRUE  
[4.693s] -- Found ament_lint_auto: 0.9.7 (/opt/ros/foxy/share/ament_lint_auto/cmake)
[5.189s] -- Added test 'copyright' to check source files copyright and LICENSE
[5.192s] -- Added test 'cppcheck' to perform static code analysis on C / C++ code
[5.195s] -- Configured cppcheck include dirs: 
[5.195s] -- Configured cppcheck exclude dirs and/or files: 
[5.198s] -- Added test 'cpplint' to check C / C++ code against the Google style
[5.199s] -- Configured cpplint exclude dirs and/or files: 
[5.204s] -- Added test 'lint_cmake' to check CMake code style
[5.208s] -- Added test 'uncrustify' to check C / C++ code style
[5.208s] -- Configured uncrustify additional arguments: 
[5.210s] -- Added test 'xmllint' to check XML markup files
[5.220s] -- Configuring done
[5.259s] -- Generating done
[5.264s] -- Build files have been written to: /home/foxy/ros2_ws/build/examples_rclcpp_minimal_publisher
[5.291s] Invoked command in '/home/foxy/ros2_ws/build/examples_rclcpp_minimal_publisher' returned '0': CMAKE_PREFIX_PATH=/opt/ros/foxy /usr/bin/cmake /home/foxy/ros2_ws/src/examples/rclcpp/topics/minimal_publisher -DAMENT_CMAKE_SYMLINK_INSTALL=1 -DCMAKE_INSTALL_PREFIX=/home/foxy/ros2_ws/install/examples_rclcpp_minimal_publisher
[5.294s] Invoking command in '/home/foxy/ros2_ws/build/examples_rclcpp_minimal_publisher': CMAKE_PREFIX_PATH=/opt/ros/foxy /usr/bin/cmake --build /home/foxy/ros2_ws/build/examples_rclcpp_minimal_publisher -- -j2 -l2
[5.432s] [35m[1mScanning dependencies of target publisher_not_composable[0m
[5.537s] [ 16%] [32mBuilding CXX object CMakeFiles/publisher_not_composable.dir/not_composable.cpp.o[0m
[16.249s] [ 33%] [32m[1mLinking CXX executable publisher_not_composable[0m
[16.705s] [ 33%] Built target publisher_not_composable
[16.735s] [35m[1mScanning dependencies of target publisher_member_function[0m
[16.894s] [ 50%] [32mBuilding CXX object CMakeFiles/publisher_member_function.dir/member_function.cpp.o[0m
[27.984s] [ 66%] [32m[1mLinking CXX executable publisher_member_function[0m
[28.471s] [ 66%] Built target publisher_member_function
[28.499s] [35m[1mScanning dependencies of target publisher_lambda[0m
[28.615s] [ 83%] [32mBuilding CXX object CMakeFiles/publisher_lambda.dir/lambda.cpp.o[0m
[39.472s] [100%] [32m[1mLinking CXX executable publisher_lambda[0m
[39.971s] [100%] Built target publisher_lambda
[40.007s] Invoked command in '/home/foxy/ros2_ws/build/examples_rclcpp_minimal_publisher' returned '0': CMAKE_PREFIX_PATH=/opt/ros/foxy /usr/bin/cmake --build /home/foxy/ros2_ws/build/examples_rclcpp_minimal_publisher -- -j2 -l2
[40.151s] Invoking command in '/home/foxy/ros2_ws/build/examples_rclcpp_minimal_publisher': CMAKE_PREFIX_PATH=/opt/ros/foxy /usr/bin/cmake --install /home/foxy/ros2_ws/build/examples_rclcpp_minimal_publisher
[40.198s] -- Install configuration: ""
[40.200s] -- Execute custom install script
[40.204s] -- Symlinking: /home/foxy/ros2_ws/install/examples_rclcpp_minimal_publisher/lib/examples_rclcpp_minimal_publisher/publisher_lambda
[40.244s] -- Symlinking: /home/foxy/ros2_ws/install/examples_rclcpp_minimal_publisher/lib/examples_rclcpp_minimal_publisher/publisher_member_function
[40.278s] -- Symlinking: /home/foxy/ros2_ws/install/examples_rclcpp_minimal_publisher/lib/examples_rclcpp_minimal_publisher/publisher_not_composable
[40.314s] -- Symlinking: /home/foxy/ros2_ws/install/examples_rclcpp_minimal_publisher/share/ament_index/resource_index/package_run_dependencies/examples_rclcpp_minimal_publisher
[40.346s] -- Symlinking: /home/foxy/ros2_ws/install/examples_rclcpp_minimal_publisher/share/ament_index/resource_index/parent_prefix_path/examples_rclcpp_minimal_publisher
[40.373s] -- Symlinking: /home/foxy/ros2_ws/install/examples_rclcpp_minimal_publisher/share/examples_rclcpp_minimal_publisher/environment/ament_prefix_path.sh
[40.399s] -- Symlinking: /home/foxy/ros2_ws/install/examples_rclcpp_minimal_publisher/share/examples_rclcpp_minimal_publisher/environment/ament_prefix_path.dsv
[40.424s] -- Symlinking: /home/foxy/ros2_ws/install/examples_rclcpp_minimal_publisher/share/examples_rclcpp_minimal_publisher/environment/path.sh
[40.456s] -- Symlinking: /home/foxy/ros2_ws/install/examples_rclcpp_minimal_publisher/share/examples_rclcpp_minimal_publisher/environment/path.dsv
[40.484s] -- Symlinking: /home/foxy/ros2_ws/install/examples_rclcpp_minimal_publisher/share/examples_rclcpp_minimal_publisher/local_setup.bash
[40.509s] -- Symlinking: /home/foxy/ros2_ws/install/examples_rclcpp_minimal_publisher/share/examples_rclcpp_minimal_publisher/local_setup.sh
[40.535s] -- Symlinking: /home/foxy/ros2_ws/install/examples_rclcpp_minimal_publisher/share/examples_rclcpp_minimal_publisher/local_setup.zsh
[40.566s] -- Symlinking: /home/foxy/ros2_ws/install/examples_rclcpp_minimal_publisher/share/examples_rclcpp_minimal_publisher/local_setup.dsv
[40.593s] -- Symlinking: /home/foxy/ros2_ws/install/examples_rclcpp_minimal_publisher/share/examples_rclcpp_minimal_publisher/package.dsv
[40.618s] -- Symlinking: /home/foxy/ros2_ws/install/examples_rclcpp_minimal_publisher/share/ament_index/resource_index/packages/examples_rclcpp_minimal_publisher
[40.648s] -- Symlinking: /home/foxy/ros2_ws/install/examples_rclcpp_minimal_publisher/share/examples_rclcpp_minimal_publisher/cmake/examples_rclcpp_minimal_publisherConfig.cmake
[40.678s] -- Symlinking: /home/foxy/ros2_ws/install/examples_rclcpp_minimal_publisher/share/examples_rclcpp_minimal_publisher/cmake/examples_rclcpp_minimal_publisherConfig-version.cmake
[40.702s] -- Symlinking: /home/foxy/ros2_ws/install/examples_rclcpp_minimal_publisher/share/examples_rclcpp_minimal_publisher/package.xml
[40.731s] Invoked command in '/home/foxy/ros2_ws/build/examples_rclcpp_minimal_publisher' returned '0': CMAKE_PREFIX_PATH=/opt/ros/foxy /usr/bin/cmake --install /home/foxy/ros2_ws/build/examples_rclcpp_minimal_publisher
