[0.272s] Invoking command in '/home/foxy/ros2_ws/build/examples_rclcpp_minimal_action_server': CMAKE_PREFIX_PATH=/opt/ros/foxy /usr/bin/cmake --build /home/foxy/ros2_ws/build/examples_rclcpp_minimal_action_server -- -j2 -l2
[0.974s] [ 50%] Built target action_server_member_functions
[1.032s] [100%] Built target action_server_not_composable
[1.124s] Invoked command in '/home/foxy/ros2_ws/build/examples_rclcpp_minimal_action_server' returned '0': CMAKE_PREFIX_PATH=/opt/ros/foxy /usr/bin/cmake --build /home/foxy/ros2_ws/build/examples_rclcpp_minimal_action_server -- -j2 -l2
[2.052s] Invoking command in '/home/foxy/ros2_ws/build/examples_rclcpp_minimal_action_server': CMAKE_PREFIX_PATH=/opt/ros/foxy /usr/bin/cmake --install /home/foxy/ros2_ws/build/examples_rclcpp_minimal_action_server
[2.190s] -- Install configuration: ""
[2.193s] -- Execute custom install script
[2.193s] -- Up-to-date symlink: /home/foxy/ros2_ws/install/examples_rclcpp_minimal_action_server/lib/examples_rclcpp_minimal_action_server/action_server_not_composable
[2.193s] -- Up-to-date symlink: /home/foxy/ros2_ws/install/examples_rclcpp_minimal_action_server/lib/examples_rclcpp_minimal_action_server/action_server_member_functions
[2.193s] -- Up-to-date symlink: /home/foxy/ros2_ws/install/examples_rclcpp_minimal_action_server/share/ament_index/resource_index/package_run_dependencies/examples_rclcpp_minimal_action_server
[2.193s] -- Up-to-date symlink: /home/foxy/ros2_ws/install/examples_rclcpp_minimal_action_server/share/ament_index/resource_index/parent_prefix_path/examples_rclcpp_minimal_action_server
[2.194s] -- Up-to-date symlink: /home/foxy/ros2_ws/install/examples_rclcpp_minimal_action_server/share/examples_rclcpp_minimal_action_server/environment/ament_prefix_path.sh
[2.194s] -- Up-to-date symlink: /home/foxy/ros2_ws/install/examples_rclcpp_minimal_action_server/share/examples_rclcpp_minimal_action_server/environment/ament_prefix_path.dsv
[2.194s] -- Up-to-date symlink: /home/foxy/ros2_ws/install/examples_rclcpp_minimal_action_server/share/examples_rclcpp_minimal_action_server/environment/path.sh
[2.194s] -- Up-to-date symlink: /home/foxy/ros2_ws/install/examples_rclcpp_minimal_action_server/share/examples_rclcpp_minimal_action_server/environment/path.dsv
[2.194s] -- Up-to-date symlink: /home/foxy/ros2_ws/install/examples_rclcpp_minimal_action_server/share/examples_rclcpp_minimal_action_server/local_setup.bash
[2.194s] -- Up-to-date symlink: /home/foxy/ros2_ws/install/examples_rclcpp_minimal_action_server/share/examples_rclcpp_minimal_action_server/local_setup.sh
[2.194s] -- Up-to-date symlink: /home/foxy/ros2_ws/install/examples_rclcpp_minimal_action_server/share/examples_rclcpp_minimal_action_server/local_setup.zsh
[2.194s] -- Up-to-date symlink: /home/foxy/ros2_ws/install/examples_rclcpp_minimal_action_server/share/examples_rclcpp_minimal_action_server/local_setup.dsv
[2.195s] -- Symlinking: /home/foxy/ros2_ws/install/examples_rclcpp_minimal_action_server/share/examples_rclcpp_minimal_action_server/package.dsv
[2.195s] -- Up-to-date symlink: /home/foxy/ros2_ws/install/examples_rclcpp_minimal_action_server/share/ament_index/resource_index/packages/examples_rclcpp_minimal_action_server
[2.195s] -- Up-to-date symlink: /home/foxy/ros2_ws/install/examples_rclcpp_minimal_action_server/share/examples_rclcpp_minimal_action_server/cmake/examples_rclcpp_minimal_action_serverConfig.cmake
[2.195s] -- Up-to-date symlink: /home/foxy/ros2_ws/install/examples_rclcpp_minimal_action_server/share/examples_rclcpp_minimal_action_server/cmake/examples_rclcpp_minimal_action_serverConfig-version.cmake
[2.195s] -- Up-to-date symlink: /home/foxy/ros2_ws/install/examples_rclcpp_minimal_action_server/share/examples_rclcpp_minimal_action_server/package.xml
[2.335s] Invoked command in '/home/foxy/ros2_ws/build/examples_rclcpp_minimal_action_server' returned '0': CMAKE_PREFIX_PATH=/opt/ros/foxy /usr/bin/cmake --install /home/foxy/ros2_ws/build/examples_rclcpp_minimal_action_server
