[0.125s] Invoking command in '/home/foxy/ros2_ws/build/examples_rclcpp_minimal_service': CMAKE_PREFIX_PATH=/opt/ros/foxy /usr/bin/cmake /home/foxy/ros2_ws/src/examples/rclcpp/services/minimal_service -DCMAKE_INSTALL_PREFIX=/home/foxy/ros2_ws/install/examples_rclcpp_minimal_service
[0.188s] -- Found ament_cmake: 0.9.11 (/opt/ros/foxy/share/ament_cmake/cmake)
[0.276s] -- Using PYTHON_EXECUTABLE: /usr/bin/python3
[1.320s] -- Override CMake install command with custom implementation using symlinks instead of copying resources
[1.363s] -- Found example_interfaces: 0.9.1 (/opt/ros/foxy/share/example_interfaces/cmake)
[1.487s] -- Using all available rosidl_typesupport_c: rosidl_typesupport_fastrtps_c;rosidl_typesupport_introspection_c
[1.505s] -- Found rosidl_adapter: 1.3.0 (/opt/ros/foxy/share/rosidl_adapter/cmake)
[1.969s] -- Using all available rosidl_typesupport_cpp: rosidl_typesupport_fastrtps_cpp;rosidl_typesupport_introspection_cpp
[2.505s] -- Found rclcpp: 2.4.2 (/opt/ros/foxy/share/rclcpp/cmake)
[2.694s] -- Found rmw_implementation_cmake: 1.0.3 (/opt/ros/foxy/share/rmw_implementation_cmake/cmake)
[2.706s] -- Using RMW implementation 'rmw_fastrtps_cpp' as default
[3.456s] -- Found ament_lint_auto: 0.9.7 (/opt/ros/foxy/share/ament_lint_auto/cmake)
[4.170s] -- Added test 'copyright' to check source files copyright and LICENSE
[4.181s] -- Added test 'cppcheck' to perform static code analysis on C / C++ code
[4.182s] -- Configured cppcheck include dirs: 
[4.185s] -- Configured cppcheck exclude dirs and/or files: 
[4.188s] -- Added test 'cpplint' to check C / C++ code against the Google style
[4.189s] -- Configured cpplint exclude dirs and/or files: 
[4.197s] -- Added test 'lint_cmake' to check CMake code style
[4.199s] -- Added test 'uncrustify' to check C / C++ code style
[4.202s] -- Configured uncrustify additional arguments: 
[4.205s] -- Added test 'xmllint' to check XML markup files
[4.230s] -- Configuring done
[4.337s] -- Generating done
[4.361s] -- Build files have been written to: /home/foxy/ros2_ws/build/examples_rclcpp_minimal_service
[4.390s] Invoked command in '/home/foxy/ros2_ws/build/examples_rclcpp_minimal_service' returned '0': CMAKE_PREFIX_PATH=/opt/ros/foxy /usr/bin/cmake /home/foxy/ros2_ws/src/examples/rclcpp/services/minimal_service -DCMAKE_INSTALL_PREFIX=/home/foxy/ros2_ws/install/examples_rclcpp_minimal_service
[4.402s] Invoking command in '/home/foxy/ros2_ws/build/examples_rclcpp_minimal_service': CMAKE_PREFIX_PATH=/opt/ros/foxy /usr/bin/cmake --build /home/foxy/ros2_ws/build/examples_rclcpp_minimal_service -- -j2 -l2
[4.705s] [100%] Built target service_main
[4.792s] Invoked command in '/home/foxy/ros2_ws/build/examples_rclcpp_minimal_service' returned '0': CMAKE_PREFIX_PATH=/opt/ros/foxy /usr/bin/cmake --build /home/foxy/ros2_ws/build/examples_rclcpp_minimal_service -- -j2 -l2
[5.034s] Invoking command in '/home/foxy/ros2_ws/build/examples_rclcpp_minimal_service': CMAKE_PREFIX_PATH=/opt/ros/foxy /usr/bin/cmake --install /home/foxy/ros2_ws/build/examples_rclcpp_minimal_service
[5.099s] -- Install configuration: ""
[5.105s] -- Execute custom install script
[5.118s] -- Up-to-date symlink: /home/foxy/ros2_ws/install/examples_rclcpp_minimal_service/lib/examples_rclcpp_minimal_service/service_main
[5.122s] -- Up-to-date symlink: /home/foxy/ros2_ws/install/examples_rclcpp_minimal_service/share/ament_index/resource_index/package_run_dependencies/examples_rclcpp_minimal_service
[5.126s] -- Up-to-date symlink: /home/foxy/ros2_ws/install/examples_rclcpp_minimal_service/share/ament_index/resource_index/parent_prefix_path/examples_rclcpp_minimal_service
[5.133s] -- Up-to-date symlink: /home/foxy/ros2_ws/install/examples_rclcpp_minimal_service/share/examples_rclcpp_minimal_service/environment/ament_prefix_path.sh
[5.144s] -- Up-to-date symlink: /home/foxy/ros2_ws/install/examples_rclcpp_minimal_service/share/examples_rclcpp_minimal_service/environment/ament_prefix_path.dsv
[5.152s] -- Up-to-date symlink: /home/foxy/ros2_ws/install/examples_rclcpp_minimal_service/share/examples_rclcpp_minimal_service/environment/path.sh
[5.161s] -- Up-to-date symlink: /home/foxy/ros2_ws/install/examples_rclcpp_minimal_service/share/examples_rclcpp_minimal_service/environment/path.dsv
[5.163s] -- Up-to-date symlink: /home/foxy/ros2_ws/install/examples_rclcpp_minimal_service/share/examples_rclcpp_minimal_service/local_setup.bash
[5.178s] -- Up-to-date symlink: /home/foxy/ros2_ws/install/examples_rclcpp_minimal_service/share/examples_rclcpp_minimal_service/local_setup.sh
[5.179s] -- Up-to-date symlink: /home/foxy/ros2_ws/install/examples_rclcpp_minimal_service/share/examples_rclcpp_minimal_service/local_setup.zsh
[5.179s] -- Up-to-date symlink: /home/foxy/ros2_ws/install/examples_rclcpp_minimal_service/share/examples_rclcpp_minimal_service/local_setup.dsv
[5.187s] -- Symlinking: /home/foxy/ros2_ws/install/examples_rclcpp_minimal_service/share/examples_rclcpp_minimal_service/package.dsv
[5.244s] -- Up-to-date symlink: /home/foxy/ros2_ws/install/examples_rclcpp_minimal_service/share/ament_index/resource_index/packages/examples_rclcpp_minimal_service
[5.251s] -- Up-to-date symlink: /home/foxy/ros2_ws/install/examples_rclcpp_minimal_service/share/examples_rclcpp_minimal_service/cmake/examples_rclcpp_minimal_serviceConfig.cmake
[5.259s] -- Up-to-date symlink: /home/foxy/ros2_ws/install/examples_rclcpp_minimal_service/share/examples_rclcpp_minimal_service/cmake/examples_rclcpp_minimal_serviceConfig-version.cmake
[5.260s] -- Up-to-date symlink: /home/foxy/ros2_ws/install/examples_rclcpp_minimal_service/share/examples_rclcpp_minimal_service/package.xml
[5.292s] Invoked command in '/home/foxy/ros2_ws/build/examples_rclcpp_minimal_service' returned '0': CMAKE_PREFIX_PATH=/opt/ros/foxy /usr/bin/cmake --install /home/foxy/ros2_ws/build/examples_rclcpp_minimal_service
