[0.053s] Invoking command in '/home/foxy/ros2_ws/build/tutorial_interfaces': CMAKE_PREFIX_PATH=/opt/ros/foxy /usr/bin/cmake /home/foxy/ros2_ws/src/tutorial_interfaces -DCMAKE_INSTALL_PREFIX=/home/foxy/ros2_ws/install/tutorial_interfaces
[0.197s] -- Found ament_cmake: 0.9.11 (/opt/ros/foxy/share/ament_cmake/cmake)
[0.262s] -- Found PythonInterp: /usr/bin/python3 (found suitable version "3.8.10", minimum required is "3") 
[0.263s] -- Using PYTHON_EXECUTABLE: /usr/bin/python3
[0.722s] -- Override CMake install command with custom implementation using symlinks instead of copying resources
[0.736s] -- Found ament_lint_auto: 0.9.7 (/opt/ros/foxy/share/ament_lint_auto/cmake)
[0.887s] -- Found geometry_msgs: 2.0.5 (/opt/ros/foxy/share/geometry_msgs/cmake)
[0.935s] -- Using all available rosidl_typesupport_c: rosidl_typesupport_fastrtps_c;rosidl_typesupport_introspection_c
[0.945s] -- Found rosidl_adapter: 1.3.0 (/opt/ros/foxy/share/rosidl_adapter/cmake)
[1.220s] -- Using all available rosidl_typesupport_cpp: rosidl_typesupport_fastrtps_cpp;rosidl_typesupport_introspection_cpp
[1.422s] -- Found rosidl_default_generators: 1.0.1 (/opt/ros/foxy/share/rosidl_default_generators/cmake)
[1.499s] -- Found PythonInterp: /usr/bin/python3 (found version "3.8.10") 
[2.012s] CMake Error at /opt/ros/foxy/share/rosidl_adapter/cmake/rosidl_adapt_interfaces.cmake:60 (message):
[2.013s]   execute_process(/usr/bin/python3 -m rosidl_adapter --package-name
[2.013s]   tutorial_interfaces --arguments-file
[2.013s]   /home/foxy/ros2_ws/build/tutorial_interfaces/rosidl_adapter__arguments__tutorial_interfaces.json
[2.013s]   --output-dir
[2.013s]   /home/foxy/ros2_ws/build/tutorial_interfaces/rosidl_adapter/tutorial_interfaces
[2.013s]   --output-file
[2.013s]   /home/foxy/ros2_ws/build/tutorial_interfaces/rosidl_adapter/tutorial_interfaces.idls)
[2.013s]   returned error code 1:
[2.014s] 
[2.014s]   Error processing ' int64 num' of 'tutorial_interfaces/Num': 'string index
[2.014s]   out of range'
[2.014s] 
[2.014s]   Traceback (most recent call last):
[2.014s] 
[2.014s]     File "/usr/lib/python3.8/runpy.py", line 194, in _run_module_as_main
[2.014s]       return _run_code(code, main_globals, None,
[2.015s]     File "/usr/lib/python3.8/runpy.py", line 87, in _run_code
[2.015s]       exec(code, run_globals)
[2.015s]     File "/opt/ros/foxy/lib/python3.8/site-packages/rosidl_adapter/__main__.py", line 19, in <module>
[2.015s]       sys.exit(main())
[2.015s]     File "/opt/ros/foxy/lib/python3.8/site-packages/rosidl_adapter/main.py", line 53, in main
[2.015s]       abs_idl_file = convert_to_idl(
[2.015s]     File "/opt/ros/foxy/lib/python3.8/site-packages/rosidl_adapter/__init__.py", line 19, in convert_to_idl
[2.016s]       return convert_msg_to_idl(
[2.016s]     File "/opt/ros/foxy/lib/python3.8/site-packages/rosidl_adapter/msg/__init__.py", line 28, in convert_msg_to_idl
[2.016s]       msg = parse_message_string(package_name, input_file.stem, content)
[2.016s]     File "/opt/ros/foxy/lib/python3.8/site-packages/rosidl_adapter/parser.py", line 516, in parse_message_string
[2.016s]       Type(type_string, context_package_name=pkg_name),
[2.016s]     File "/opt/ros/foxy/lib/python3.8/site-packages/rosidl_adapter/parser.py", line 240, in __init__
[2.017s]       self.is_array = type_string[-1] == ']'
[2.017s] 
[2.017s]   IndexError: string index out of range
[2.017s] 
[2.017s] Call Stack (most recent call first):
[2.018s]   /opt/ros/foxy/share/rosidl_cmake/cmake/rosidl_generate_interfaces.cmake:130 (rosidl_adapt_interfaces)
[2.018s]   CMakeLists.txt:38 (rosidl_generate_interfaces)
[2.018s] 
[2.018s] 
[2.018s] -- Configuring incomplete, errors occurred!
[2.018s] See also "/home/foxy/ros2_ws/build/tutorial_interfaces/CMakeFiles/CMakeOutput.log".
[2.030s] Invoked command in '/home/foxy/ros2_ws/build/tutorial_interfaces' returned '1': CMAKE_PREFIX_PATH=/opt/ros/foxy /usr/bin/cmake /home/foxy/ros2_ws/src/tutorial_interfaces -DCMAKE_INSTALL_PREFIX=/home/foxy/ros2_ws/install/tutorial_interfaces
