[0.074s] Invoking command in '/home/foxy/ros2_ws/build/examples_rclcpp_minimal_client': CMAKE_PREFIX_PATH=/opt/ros/foxy /usr/bin/cmake --build /home/foxy/ros2_ws/build/examples_rclcpp_minimal_client -- -j2 -l2
[0.282s] [100%] Built target client_main
[0.314s] Invoked command in '/home/foxy/ros2_ws/build/examples_rclcpp_minimal_client' returned '0': CMAKE_PREFIX_PATH=/opt/ros/foxy /usr/bin/cmake --build /home/foxy/ros2_ws/build/examples_rclcpp_minimal_client -- -j2 -l2
[0.413s] Invoking command in '/home/foxy/ros2_ws/build/examples_rclcpp_minimal_client': CMAKE_PREFIX_PATH=/opt/ros/foxy /usr/bin/cmake --install /home/foxy/ros2_ws/build/examples_rclcpp_minimal_client
[0.467s] -- Install configuration: ""
[0.472s] -- Execute custom install script
[0.478s] -- Up-to-date symlink: /home/foxy/ros2_ws/install/examples_rclcpp_minimal_client/lib/examples_rclcpp_minimal_client/client_main
[0.482s] -- Up-to-date symlink: /home/foxy/ros2_ws/install/examples_rclcpp_minimal_client/share/ament_index/resource_index/package_run_dependencies/examples_rclcpp_minimal_client
[0.484s] -- Up-to-date symlink: /home/foxy/ros2_ws/install/examples_rclcpp_minimal_client/share/ament_index/resource_index/parent_prefix_path/examples_rclcpp_minimal_client
[0.489s] -- Up-to-date symlink: /home/foxy/ros2_ws/install/examples_rclcpp_minimal_client/share/examples_rclcpp_minimal_client/environment/ament_prefix_path.sh
[0.492s] -- Up-to-date symlink: /home/foxy/ros2_ws/install/examples_rclcpp_minimal_client/share/examples_rclcpp_minimal_client/environment/ament_prefix_path.dsv
[0.497s] -- Up-to-date symlink: /home/foxy/ros2_ws/install/examples_rclcpp_minimal_client/share/examples_rclcpp_minimal_client/environment/path.sh
[0.501s] -- Up-to-date symlink: /home/foxy/ros2_ws/install/examples_rclcpp_minimal_client/share/examples_rclcpp_minimal_client/environment/path.dsv
[0.504s] -- Up-to-date symlink: /home/foxy/ros2_ws/install/examples_rclcpp_minimal_client/share/examples_rclcpp_minimal_client/local_setup.bash
[0.505s] -- Up-to-date symlink: /home/foxy/ros2_ws/install/examples_rclcpp_minimal_client/share/examples_rclcpp_minimal_client/local_setup.sh
[0.507s] -- Up-to-date symlink: /home/foxy/ros2_ws/install/examples_rclcpp_minimal_client/share/examples_rclcpp_minimal_client/local_setup.zsh
[0.509s] -- Up-to-date symlink: /home/foxy/ros2_ws/install/examples_rclcpp_minimal_client/share/examples_rclcpp_minimal_client/local_setup.dsv
[0.511s] -- Symlinking: /home/foxy/ros2_ws/install/examples_rclcpp_minimal_client/share/examples_rclcpp_minimal_client/package.dsv
[0.564s] -- Up-to-date symlink: /home/foxy/ros2_ws/install/examples_rclcpp_minimal_client/share/ament_index/resource_index/packages/examples_rclcpp_minimal_client
[0.573s] -- Up-to-date symlink: /home/foxy/ros2_ws/install/examples_rclcpp_minimal_client/share/examples_rclcpp_minimal_client/cmake/examples_rclcpp_minimal_clientConfig.cmake
[0.578s] -- Up-to-date symlink: /home/foxy/ros2_ws/install/examples_rclcpp_minimal_client/share/examples_rclcpp_minimal_client/cmake/examples_rclcpp_minimal_clientConfig-version.cmake
[0.585s] -- Up-to-date symlink: /home/foxy/ros2_ws/install/examples_rclcpp_minimal_client/share/examples_rclcpp_minimal_client/package.xml
[0.606s] Invoked command in '/home/foxy/ros2_ws/build/examples_rclcpp_minimal_client' returned '0': CMAKE_PREFIX_PATH=/opt/ros/foxy /usr/bin/cmake --install /home/foxy/ros2_ws/build/examples_rclcpp_minimal_client
