[1.731s] Invoking command in '/home/foxy/ros2_ws/build/examples_rclpy_minimal_publisher': PYTHONPATH=/home/foxy/ros2_ws/install/examples_rclpy_minimal_publisher/lib/python3.8/site-packages:${PYTHONPATH} /usr/bin/python3 setup.py develop --prefix /home/foxy/ros2_ws/install/examples_rclpy_minimal_publisher --editable --build-directory /home/foxy/ros2_ws/build/examples_rclpy_minimal_publisher/build --no-deps install_data --install-dir /home/foxy/ros2_ws/install/examples_rclpy_minimal_publisher
[2.369s] running develop
[2.759s] running egg_info
[2.760s] creating examples_rclpy_minimal_publisher.egg-info
[2.760s] writing examples_rclpy_minimal_publisher.egg-info/PKG-INFO
[2.765s] writing dependency_links to examples_rclpy_minimal_publisher.egg-info/dependency_links.txt
[2.766s] writing entry points to examples_rclpy_minimal_publisher.egg-info/entry_points.txt
[2.767s] writing requirements to examples_rclpy_minimal_publisher.egg-info/requires.txt
[2.768s] writing top-level names to examples_rclpy_minimal_publisher.egg-info/top_level.txt
[2.770s] writing manifest file 'examples_rclpy_minimal_publisher.egg-info/SOURCES.txt'
[2.906s] reading manifest file 'examples_rclpy_minimal_publisher.egg-info/SOURCES.txt'
[2.908s] writing manifest file 'examples_rclpy_minimal_publisher.egg-info/SOURCES.txt'
[3.017s] running build_ext
[3.018s] Creating /home/foxy/ros2_ws/install/examples_rclpy_minimal_publisher/lib/python3.8/site-packages/site.py
[3.024s] Creating /home/foxy/ros2_ws/install/examples_rclpy_minimal_publisher/lib/python3.8/site-packages/examples-rclpy-minimal-publisher.egg-link (link to .)
[3.028s] Installing publisher_local_function script to /home/foxy/ros2_ws/install/examples_rclpy_minimal_publisher/lib/examples_rclpy_minimal_publisher
[3.031s] Installing publisher_member_function script to /home/foxy/ros2_ws/install/examples_rclpy_minimal_publisher/lib/examples_rclpy_minimal_publisher
[3.032s] Installing publisher_old_school script to /home/foxy/ros2_ws/install/examples_rclpy_minimal_publisher/lib/examples_rclpy_minimal_publisher
[3.034s] 
[3.035s] Installed /home/foxy/ros2_ws/build/examples_rclpy_minimal_publisher
[3.035s] running install_data
[3.036s] creating /home/foxy/ros2_ws/install/examples_rclpy_minimal_publisher/share/ament_index
[3.037s] creating /home/foxy/ros2_ws/install/examples_rclpy_minimal_publisher/share/ament_index/resource_index
[3.041s] creating /home/foxy/ros2_ws/install/examples_rclpy_minimal_publisher/share/ament_index/resource_index/packages
[3.041s] copying resource/examples_rclpy_minimal_publisher -> /home/foxy/ros2_ws/install/examples_rclpy_minimal_publisher/share/ament_index/resource_index/packages
[3.042s] copying package.xml -> /home/foxy/ros2_ws/install/examples_rclpy_minimal_publisher/share/examples_rclpy_minimal_publisher
[3.157s] Invoked command in '/home/foxy/ros2_ws/build/examples_rclpy_minimal_publisher' returned '0': PYTHONPATH=/home/foxy/ros2_ws/install/examples_rclpy_minimal_publisher/lib/python3.8/site-packages:${PYTHONPATH} /usr/bin/python3 setup.py develop --prefix /home/foxy/ros2_ws/install/examples_rclpy_minimal_publisher --editable --build-directory /home/foxy/ros2_ws/build/examples_rclpy_minimal_publisher/build --no-deps install_data --install-dir /home/foxy/ros2_ws/install/examples_rclpy_minimal_publisher
