[2.911s] Invoking command in '/home/foxy/ros2_ws/build/examples_rclpy_minimal_action_server': PYTHONPATH=/home/foxy/ros2_ws/install/examples_rclpy_minimal_action_server/lib/python3.8/site-packages:${PYTHONPATH} /usr/bin/python3 setup.py develop --prefix /home/foxy/ros2_ws/install/examples_rclpy_minimal_action_server --editable --build-directory /home/foxy/ros2_ws/build/examples_rclpy_minimal_action_server/build --no-deps install_data --install-dir /home/foxy/ros2_ws/install/examples_rclpy_minimal_action_server
[3.974s] running develop
[4.549s] running egg_info
[4.553s] writing examples_rclpy_minimal_action_server.egg-info/PKG-INFO
[4.554s] writing dependency_links to examples_rclpy_minimal_action_server.egg-info/dependency_links.txt
[4.555s] writing entry points to examples_rclpy_minimal_action_server.egg-info/entry_points.txt
[4.556s] writing requirements to examples_rclpy_minimal_action_server.egg-info/requires.txt
[4.577s] writing top-level names to examples_rclpy_minimal_action_server.egg-info/top_level.txt
[4.714s] reading manifest file 'examples_rclpy_minimal_action_server.egg-info/SOURCES.txt'
[4.717s] writing manifest file 'examples_rclpy_minimal_action_server.egg-info/SOURCES.txt'
[4.938s] running build_ext
[4.940s] Creating /home/foxy/ros2_ws/install/examples_rclpy_minimal_action_server/lib/python3.8/site-packages/examples-rclpy-minimal-action-server.egg-link (link to .)
[4.944s] Installing server script to /home/foxy/ros2_ws/install/examples_rclpy_minimal_action_server/lib/examples_rclpy_minimal_action_server
[4.945s] Installing server_defer script to /home/foxy/ros2_ws/install/examples_rclpy_minimal_action_server/lib/examples_rclpy_minimal_action_server
[4.946s] Installing server_not_composable script to /home/foxy/ros2_ws/install/examples_rclpy_minimal_action_server/lib/examples_rclpy_minimal_action_server
[4.953s] Installing server_queue_goals script to /home/foxy/ros2_ws/install/examples_rclpy_minimal_action_server/lib/examples_rclpy_minimal_action_server
[4.955s] Installing server_single_goal script to /home/foxy/ros2_ws/install/examples_rclpy_minimal_action_server/lib/examples_rclpy_minimal_action_server
[4.958s] 
[4.959s] Installed /home/foxy/ros2_ws/build/examples_rclpy_minimal_action_server
[4.960s] running install_data
[5.034s] Invoked command in '/home/foxy/ros2_ws/build/examples_rclpy_minimal_action_server' returned '0': PYTHONPATH=/home/foxy/ros2_ws/install/examples_rclpy_minimal_action_server/lib/python3.8/site-packages:${PYTHONPATH} /usr/bin/python3 setup.py develop --prefix /home/foxy/ros2_ws/install/examples_rclpy_minimal_action_server --editable --build-directory /home/foxy/ros2_ws/build/examples_rclpy_minimal_action_server/build --no-deps install_data --install-dir /home/foxy/ros2_ws/install/examples_rclpy_minimal_action_server
