[0.056s] Invoking command in '/home/foxy/ros2_ws/build/tutorial_interfaces': CMAKE_PREFIX_PATH=/opt/ros/foxy /usr/bin/cmake /home/foxy/ros2_ws/src/tutorial_interfaces -DCMAKE_INSTALL_PREFIX=/home/foxy/ros2_ws/install/tutorial_interfaces
[0.101s] -- Found ament_cmake: 0.9.11 (/opt/ros/foxy/share/ament_cmake/cmake)
[0.165s] -- Found PythonInterp: /usr/bin/python3 (found suitable version "3.8.10", minimum required is "3") 
[0.165s] -- Using PYTHON_EXECUTABLE: /usr/bin/python3
[0.633s] -- Found geometry_msgs: 2.0.5 (/opt/ros/foxy/share/geometry_msgs/cmake)
[0.690s] -- Using all available rosidl_typesupport_c: rosidl_typesupport_fastrtps_c;rosidl_typesupport_introspection_c
[0.698s] -- Found rosidl_adapter: 1.3.0 (/opt/ros/foxy/share/rosidl_adapter/cmake)
[0.996s] -- Using all available rosidl_typesupport_cpp: rosidl_typesupport_fastrtps_cpp;rosidl_typesupport_introspection_cpp
[1.202s] -- Found rosidl_default_generators: 1.0.1 (/opt/ros/foxy/share/rosidl_default_generators/cmake)
[1.283s] -- Found PythonInterp: /usr/bin/python3 (found version "3.8.10") 
[1.751s] CMake Error at /opt/ros/foxy/share/rosidl_adapter/cmake/rosidl_adapt_interfaces.cmake:60 (message):
[1.751s]   execute_process(/usr/bin/python3 -m rosidl_adapter --package-name
[1.751s]   tutorial_interfaces --arguments-file
[1.752s]   /home/foxy/ros2_ws/build/tutorial_interfaces/rosidl_adapter__arguments__tutorial_interfaces.json
[1.753s]   --output-dir
[1.753s]   /home/foxy/ros2_ws/build/tutorial_interfaces/rosidl_adapter/tutorial_interfaces
[1.753s]   --output-file
[1.754s]   /home/foxy/ros2_ws/build/tutorial_interfaces/rosidl_adapter/tutorial_interfaces.idls)
[1.754s]   returned error code 1:
[1.755s] 
[1.755s]   Error processing ' 'int64 num'' of 'tutorial_interfaces/Num': 'string index
[1.755s]   out of range'
[1.755s] 
[1.755s]   Traceback (most recent call last):
[1.755s] 
[1.755s]     File "/usr/lib/python3.8/runpy.py", line 194, in _run_module_as_main
[1.755s]       return _run_code(code, main_globals, None,
[1.756s]     File "/usr/lib/python3.8/runpy.py", line 87, in _run_code
[1.756s]       exec(code, run_globals)
[1.756s]     File "/opt/ros/foxy/lib/python3.8/site-packages/rosidl_adapter/__main__.py", line 19, in <module>
[1.756s]       sys.exit(main())
[1.756s]     File "/opt/ros/foxy/lib/python3.8/site-packages/rosidl_adapter/main.py", line 53, in main
[1.756s]       abs_idl_file = convert_to_idl(
[1.756s]     File "/opt/ros/foxy/lib/python3.8/site-packages/rosidl_adapter/__init__.py", line 19, in convert_to_idl
[1.756s]       return convert_msg_to_idl(
[1.757s]     File "/opt/ros/foxy/lib/python3.8/site-packages/rosidl_adapter/msg/__init__.py", line 28, in convert_msg_to_idl
[1.757s]       msg = parse_message_string(package_name, input_file.stem, content)
[1.757s]     File "/opt/ros/foxy/lib/python3.8/site-packages/rosidl_adapter/parser.py", line 516, in parse_message_string
[1.757s]       Type(type_string, context_package_name=pkg_name),
[1.757s]     File "/opt/ros/foxy/lib/python3.8/site-packages/rosidl_adapter/parser.py", line 240, in __init__
[1.757s]       self.is_array = type_string[-1] == ']'
[1.757s] 
[1.757s]   IndexError: string index out of range
[1.758s] 
[1.758s] Call Stack (most recent call first):
[1.758s]   /opt/ros/foxy/share/rosidl_cmake/cmake/rosidl_generate_interfaces.cmake:130 (rosidl_adapt_interfaces)
[1.758s]   CMakeLists.txt:28 (rosidl_generate_interfaces)
[1.758s] 
[1.758s] 
[1.758s] -- Configuring incomplete, errors occurred!
[1.758s] See also "/home/foxy/ros2_ws/build/tutorial_interfaces/CMakeFiles/CMakeOutput.log".
[1.766s] Invoked command in '/home/foxy/ros2_ws/build/tutorial_interfaces' returned '1': CMAKE_PREFIX_PATH=/opt/ros/foxy /usr/bin/cmake /home/foxy/ros2_ws/src/tutorial_interfaces -DCMAKE_INSTALL_PREFIX=/home/foxy/ros2_ws/install/tutorial_interfaces
