[0.135s] Invoking command in '/home/foxy/ros2_ws/build/cpp_pubsub': CMAKE_PREFIX_PATH=/opt/ros/foxy /usr/bin/cmake /home/foxy/ros2_ws/src/cpp_pubsub -DCMAKE_INSTALL_PREFIX=/home/foxy/ros2_ws/install/cpp_pubsub
[0.358s] -- Found ament_cmake: 0.9.11 (/opt/ros/foxy/share/ament_cmake/cmake)
[0.450s] -- Using PYTHON_EXECUTABLE: /usr/bin/python3
[1.063s] -- Override CMake install command with custom implementation using symlinks instead of copying resources
[1.149s] -- Found rclcpp: 2.4.2 (/opt/ros/foxy/share/rclcpp/cmake)
[1.434s] -- Using all available rosidl_typesupport_c: rosidl_typesupport_fastrtps_c;rosidl_typesupport_introspection_c
[1.445s] -- Found rosidl_adapter: 1.3.0 (/opt/ros/foxy/share/rosidl_adapter/cmake)
[1.835s] -- Using all available rosidl_typesupport_cpp: rosidl_typesupport_fastrtps_cpp;rosidl_typesupport_introspection_cpp
[2.115s] -- Found rmw_implementation_cmake: 1.0.3 (/opt/ros/foxy/share/rmw_implementation_cmake/cmake)
[2.126s] -- Using RMW implementation 'rmw_fastrtps_cpp' as default
[3.168s] -- Configuring done
[3.239s] -- Generating done
[3.294s] -- Build files have been written to: /home/foxy/ros2_ws/build/cpp_pubsub
[3.298s] Invoked command in '/home/foxy/ros2_ws/build/cpp_pubsub' returned '0': CMAKE_PREFIX_PATH=/opt/ros/foxy /usr/bin/cmake /home/foxy/ros2_ws/src/cpp_pubsub -DCMAKE_INSTALL_PREFIX=/home/foxy/ros2_ws/install/cpp_pubsub
[3.299s] Invoking command in '/home/foxy/ros2_ws/build/cpp_pubsub': CMAKE_PREFIX_PATH=/opt/ros/foxy /usr/bin/cmake --build /home/foxy/ros2_ws/build/cpp_pubsub -- -j2 -l2
[3.668s] [ 50%] Built target listener
[3.668s] [100%] Built target talker
[3.708s] Invoked command in '/home/foxy/ros2_ws/build/cpp_pubsub' returned '0': CMAKE_PREFIX_PATH=/opt/ros/foxy /usr/bin/cmake --build /home/foxy/ros2_ws/build/cpp_pubsub -- -j2 -l2
[3.912s] Invoking command in '/home/foxy/ros2_ws/build/cpp_pubsub': CMAKE_PREFIX_PATH=/opt/ros/foxy /usr/bin/cmake --install /home/foxy/ros2_ws/build/cpp_pubsub
[3.954s] -- Install configuration: ""
[3.955s] -- Execute custom install script
[3.955s] -- Up-to-date symlink: /home/foxy/ros2_ws/install/cpp_pubsub/lib/cpp_pubsub/talker
[3.965s] -- Up-to-date symlink: /home/foxy/ros2_ws/install/cpp_pubsub/share/ament_index/resource_index/package_run_dependencies/cpp_pubsub
[3.975s] -- Up-to-date symlink: /home/foxy/ros2_ws/install/cpp_pubsub/share/ament_index/resource_index/parent_prefix_path/cpp_pubsub
[3.978s] -- Up-to-date symlink: /home/foxy/ros2_ws/install/cpp_pubsub/share/cpp_pubsub/environment/ament_prefix_path.sh
[3.981s] -- Up-to-date symlink: /home/foxy/ros2_ws/install/cpp_pubsub/share/cpp_pubsub/environment/ament_prefix_path.dsv
[3.983s] -- Up-to-date symlink: /home/foxy/ros2_ws/install/cpp_pubsub/share/cpp_pubsub/environment/path.sh
[3.985s] -- Up-to-date symlink: /home/foxy/ros2_ws/install/cpp_pubsub/share/cpp_pubsub/environment/path.dsv
[3.986s] -- Up-to-date symlink: /home/foxy/ros2_ws/install/cpp_pubsub/share/cpp_pubsub/local_setup.bash
[3.988s] -- Up-to-date symlink: /home/foxy/ros2_ws/install/cpp_pubsub/share/cpp_pubsub/local_setup.sh
[3.989s] -- Up-to-date symlink: /home/foxy/ros2_ws/install/cpp_pubsub/share/cpp_pubsub/local_setup.zsh
[3.990s] -- Up-to-date symlink: /home/foxy/ros2_ws/install/cpp_pubsub/share/cpp_pubsub/local_setup.dsv
[3.992s] -- Symlinking: /home/foxy/ros2_ws/install/cpp_pubsub/share/cpp_pubsub/package.dsv
[4.034s] -- Up-to-date symlink: /home/foxy/ros2_ws/install/cpp_pubsub/share/ament_index/resource_index/packages/cpp_pubsub
[4.035s] -- Up-to-date symlink: /home/foxy/ros2_ws/install/cpp_pubsub/share/cpp_pubsub/cmake/cpp_pubsubConfig.cmake
[4.037s] -- Up-to-date symlink: /home/foxy/ros2_ws/install/cpp_pubsub/share/cpp_pubsub/cmake/cpp_pubsubConfig-version.cmake
[4.037s] -- Up-to-date symlink: /home/foxy/ros2_ws/install/cpp_pubsub/share/cpp_pubsub/package.xml
[4.039s] -- Up-to-date symlink: /home/foxy/ros2_ws/install/cpp_pubsub/lib/cpp_pubsub/talker
[4.040s] -- Up-to-date symlink: /home/foxy/ros2_ws/install/cpp_pubsub/lib/cpp_pubsub/listener
[4.048s] Invoked command in '/home/foxy/ros2_ws/build/cpp_pubsub' returned '0': CMAKE_PREFIX_PATH=/opt/ros/foxy /usr/bin/cmake --install /home/foxy/ros2_ws/build/cpp_pubsub
