[0.121s] Invoking command in '/home/foxy/ros2_ws/build/action_tutorials_interfaces': CMAKE_PREFIX_PATH=/opt/ros/foxy /usr/bin/cmake --build /home/foxy/ros2_ws/build/action_tutorials_interfaces -- -j2 -l2
[0.199s] -- Found ament_cmake: 0.9.11 (/opt/ros/foxy/share/ament_cmake/cmake)
[0.263s] -- Found PythonInterp: /usr/bin/python3 (found suitable version "3.8.10", minimum required is "3") 
[0.265s] -- Using PYTHON_EXECUTABLE: /usr/bin/python3
[1.070s] -- Found ament_lint_auto: 0.9.7 (/opt/ros/foxy/share/ament_lint_auto/cmake)
[1.342s] -- Found rosidl_default_generators: 1.0.1 (/opt/ros/foxy/share/rosidl_default_generators/cmake)
[1.342s] -- Using all available rosidl_typesupport_c: rosidl_typesupport_fastrtps_c;rosidl_typesupport_introspection_c
[1.349s] -- Found rosidl_adapter: 1.3.0 (/opt/ros/foxy/share/rosidl_adapter/cmake)
[1.948s] -- Using all available rosidl_typesupport_cpp: rosidl_typesupport_fastrtps_cpp;rosidl_typesupport_introspection_cpp
[2.069s] -- Found PythonInterp: /usr/bin/python3 (found version "3.8.10") 
[2.450s] -- Found ament_cmake_ros: 0.9.2 (/opt/ros/foxy/share/ament_cmake_ros/cmake)
[2.749s] -- Using all available rosidl_typesupport_c: rosidl_typesupport_fastrtps_c;rosidl_typesupport_introspection_c
[2.822s] -- Using all available rosidl_typesupport_cpp: rosidl_typesupport_fastrtps_cpp;rosidl_typesupport_introspection_cpp
[2.906s] -- Found PythonInterp: /usr/bin/python3 (found suitable version "3.8.10", minimum required is "3.5") 
[2.907s] -- Found python_cmake_module: 0.8.1 (/opt/ros/foxy/share/python_cmake_module/cmake)
[2.964s] -- Using PYTHON_EXECUTABLE: /usr/bin/python3
[2.966s] -- Using PYTHON_INCLUDE_DIRS: /usr/include/python3.8
[2.967s] -- Using PYTHON_LIBRARIES: /usr/lib/x86_64-linux-gnu/libpython3.8.so
[3.045s] -- Added test 'copyright' to check source files copyright and LICENSE
[3.063s] -- Added test 'lint_cmake' to check CMake code style
[3.068s] -- Added test 'xmllint' to check XML markup files
[3.109s] -- Configuring done
[3.276s] -- Generating done
[3.298s] -- Build files have been written to: /home/foxy/ros2_ws/build/action_tutorials_interfaces
[3.362s] [35m[1mScanning dependencies of target action_tutorials_interfaces__cpp[0m
[3.405s] [  3%] [34m[1mGenerating C code for ROS interfaces[0m
[3.469s] [  6%] [34m[1mGenerating C++ code for ROS interfaces[0m
[4.753s] [  6%] Built target action_tutorials_interfaces__cpp
[4.785s] [  9%] [34m[1mGenerating C++ introspection for ROS interfaces[0m
[4.902s] [35m[1mScanning dependencies of target action_tutorials_interfaces__rosidl_generator_c[0m
[4.957s] [ 12%] [32mBuilding C object CMakeFiles/action_tutorials_interfaces__rosidl_generator_c.dir/rosidl_generator_c/action_tutorials_interfaces/action/detail/fibonacci__functions.c.o[0m
[5.467s] [ 16%] [32m[1mLinking C shared library libaction_tutorials_interfaces__rosidl_generator_c.so[0m
[5.811s] [ 16%] Built target action_tutorials_interfaces__rosidl_generator_c
[5.832s] [35m[1mScanning dependencies of target action_tutorials_interfaces__rosidl_typesupport_introspection_cpp[0m
[5.852s] [ 19%] [34m[1mGenerating C++ type support for eProsima Fast-RTPS[0m
[5.944s] [ 22%] [32mBuilding CXX object CMakeFiles/action_tutorials_interfaces__rosidl_typesupport_introspection_cpp.dir/rosidl_typesupport_introspection_cpp/action_tutorials_interfaces/action/detail/fibonacci__type_support.cpp.o[0m
[7.303s] [35m[1mScanning dependencies of target action_tutorials_interfaces__rosidl_typesupport_fastrtps_cpp[0m
[7.471s] [ 25%] [32mBuilding CXX object CMakeFiles/action_tutorials_interfaces__rosidl_typesupport_fastrtps_cpp.dir/rosidl_typesupport_fastrtps_cpp/action_tutorials_interfaces/action/detail/dds_fastrtps/fibonacci__type_support.cpp.o[0m
[7.668s] [ 29%] [32m[1mLinking CXX shared library libaction_tutorials_interfaces__rosidl_typesupport_introspection_cpp.so[0m
[7.896s] [ 29%] Built target action_tutorials_interfaces__rosidl_typesupport_introspection_cpp
[7.921s] [ 32%] [34m[1mGenerating C++ type support dispatch for ROS interfaces[0m
[8.653s] [35m[1mScanning dependencies of target action_tutorials_interfaces__rosidl_typesupport_cpp[0m
[8.708s] [ 35%] [32mBuilding CXX object CMakeFiles/action_tutorials_interfaces__rosidl_typesupport_cpp.dir/rosidl_typesupport_cpp/action_tutorials_interfaces/action/fibonacci__type_support.cpp.o[0m
[10.293s] [ 38%] [32m[1mLinking CXX shared library libaction_tutorials_interfaces__rosidl_typesupport_fastrtps_cpp.so[0m
[10.746s] [ 38%] Built target action_tutorials_interfaces__rosidl_typesupport_fastrtps_cpp
[10.756s] [ 41%] [32m[1mLinking CXX shared library libaction_tutorials_interfaces__rosidl_typesupport_cpp.so[0m
[10.777s] [ 45%] [34m[1mGenerating C introspection for ROS interfaces[0m
[10.938s] [ 45%] Built target action_tutorials_interfaces__rosidl_typesupport_cpp
[10.960s] [ 48%] [34m[1mGenerating C type support dispatch for ROS interfaces[0m
[11.812s] [35m[1mScanning dependencies of target action_tutorials_interfaces__rosidl_typesupport_c[0m
[11.842s] [35m[1mScanning dependencies of target action_tutorials_interfaces__rosidl_typesupport_introspection_c[0m
[11.861s] [ 51%] [32mBuilding CXX object CMakeFiles/action_tutorials_interfaces__rosidl_typesupport_c.dir/rosidl_typesupport_c/action_tutorials_interfaces/action/fibonacci__type_support.cpp.o[0m
[11.894s] [ 54%] [32mBuilding C object CMakeFiles/action_tutorials_interfaces__rosidl_typesupport_introspection_c.dir/rosidl_typesupport_introspection_c/action_tutorials_interfaces/action/detail/fibonacci__type_support.c.o[0m
[11.996s] [ 58%] [32m[1mLinking CXX shared library libaction_tutorials_interfaces__rosidl_typesupport_c.so[0m
[12.021s] [ 61%] [32m[1mLinking C shared library libaction_tutorials_interfaces__rosidl_typesupport_introspection_c.so[0m
[12.121s] [ 61%] Built target action_tutorials_interfaces__rosidl_typesupport_introspection_c
[12.138s] [ 61%] Built target action_tutorials_interfaces__rosidl_typesupport_c
[12.149s] [ 64%] [34m[1mGenerating C type support for eProsima Fast-RTPS[0m
[13.167s] [35m[1mScanning dependencies of target action_tutorials_interfaces__rosidl_typesupport_fastrtps_c[0m
[13.211s] [ 67%] [32mBuilding CXX object CMakeFiles/action_tutorials_interfaces__rosidl_typesupport_fastrtps_c.dir/rosidl_typesupport_fastrtps_c/action_tutorials_interfaces/action/detail/fibonacci__type_support_c.cpp.o[0m
[14.296s] [ 70%] [32m[1mLinking CXX shared library libaction_tutorials_interfaces__rosidl_typesupport_fastrtps_c.so[0m
[14.573s] [ 70%] Built target action_tutorials_interfaces__rosidl_typesupport_fastrtps_c
[14.602s] [35m[1mScanning dependencies of target action_tutorials_interfaces[0m
[14.710s] [ 70%] Built target action_tutorials_interfaces
[14.733s] [35m[1mScanning dependencies of target action_tutorials_interfaces__py[0m
[14.775s] [ 74%] [34m[1mGenerating Python code for ROS interfaces[0m
[17.292s] [ 74%] Built target action_tutorials_interfaces__py
[17.316s] [35m[1mScanning dependencies of target action_tutorials_interfaces__python[0m
[17.415s] [ 77%] [32mBuilding C object CMakeFiles/action_tutorials_interfaces__python.dir/rosidl_generator_py/action_tutorials_interfaces/action/_fibonacci_s.c.o[0m
[17.820s] [ 80%] [32m[1mLinking C shared library rosidl_generator_py/action_tutorials_interfaces/libaction_tutorials_interfaces__python.so[0m
[17.936s] [ 80%] Built target action_tutorials_interfaces__python
[17.959s] [35m[1mScanning dependencies of target action_tutorials_interfaces__rosidl_typesupport_c__pyext[0m
[17.959s] [35m[1mScanning dependencies of target action_tutorials_interfaces__rosidl_typesupport_fastrtps_c__pyext[0m
[18.014s] [ 83%] [32mBuilding C object CMakeFiles/action_tutorials_interfaces__rosidl_typesupport_c__pyext.dir/rosidl_generator_py/action_tutorials_interfaces/_action_tutorials_interfaces_s.ep.rosidl_typesupport_c.c.o[0m
[18.018s] [ 87%] [32mBuilding C object CMakeFiles/action_tutorials_interfaces__rosidl_typesupport_fastrtps_c__pyext.dir/rosidl_generator_py/action_tutorials_interfaces/_action_tutorials_interfaces_s.ep.rosidl_typesupport_fastrtps_c.c.o[0m
[18.269s] [ 90%] [32m[1mLinking CXX shared library rosidl_generator_py/action_tutorials_interfaces/action_tutorials_interfaces_s__rosidl_typesupport_fastrtps_c.cpython-38-x86_64-linux-gnu.so[0m
[18.270s] [ 93%] [32m[1mLinking C shared library rosidl_generator_py/action_tutorials_interfaces/action_tutorials_interfaces_s__rosidl_typesupport_c.cpython-38-x86_64-linux-gnu.so[0m
[18.377s] [ 93%] Built target action_tutorials_interfaces__rosidl_typesupport_c__pyext
[18.405s] [35m[1mScanning dependencies of target action_tutorials_interfaces__rosidl_typesupport_introspection_c__pyext[0m
[18.454s] [ 96%] [32mBuilding C object CMakeFiles/action_tutorials_interfaces__rosidl_typesupport_introspection_c__pyext.dir/rosidl_generator_py/action_tutorials_interfaces/_action_tutorials_interfaces_s.ep.rosidl_typesupport_introspection_c.c.o[0m
[18.472s] [ 96%] Built target action_tutorials_interfaces__rosidl_typesupport_fastrtps_c__pyext
[18.728s] [100%] [32m[1mLinking C shared library rosidl_generator_py/action_tutorials_interfaces/action_tutorials_interfaces_s__rosidl_typesupport_introspection_c.cpython-38-x86_64-linux-gnu.so[0m
[18.826s] [100%] Built target action_tutorials_interfaces__rosidl_typesupport_introspection_c__pyext
