[0.049s] Invoking command in '/home/foxy/ros2_ws/build/examples_rclcpp_minimal_timer': CMAKE_PREFIX_PATH=/opt/ros/foxy /usr/bin/cmake /home/foxy/ros2_ws/src/examples/rclcpp/timers/minimal_timer -DAMENT_CMAKE_SYMLINK_INSTALL=1 -DCMAKE_INSTALL_PREFIX=/home/foxy/ros2_ws/install/examples_rclcpp_minimal_timer
[0.225s] -- The C compiler identification is GNU 9.4.0
[0.478s] -- The CXX compiler identification is GNU 9.4.0
[0.478s] -- Check for working C compiler: /usr/bin/cc
[0.714s] -- Check for working C compiler: /usr/bin/cc -- works
[0.717s] -- Detecting C compiler ABI info
[0.903s] -- Detecting C compiler ABI info - done
[0.936s] -- Detecting C compile features
[0.938s] -- Detecting C compile features - done
[0.946s] -- Check for working CXX compiler: /usr/bin/c++
[1.216s] -- Check for working CXX compiler: /usr/bin/c++ -- works
[1.218s] -- Detecting CXX compiler ABI info
[1.467s] -- Detecting CXX compiler ABI info - done
[1.513s] -- Detecting CXX compile features
[1.515s] -- Detecting CXX compile features - done
[1.520s] -- Found ament_cmake: 0.9.11 (/opt/ros/foxy/share/ament_cmake/cmake)
[1.620s] -- Found PythonInterp: /usr/bin/python3 (found suitable version "3.8.10", minimum required is "3") 
[1.621s] -- Using PYTHON_EXECUTABLE: /usr/bin/python3
[2.133s] -- Override CMake install command with custom implementation using symlinks instead of copying resources
[2.189s] -- Found rclcpp: 2.4.2 (/opt/ros/foxy/share/rclcpp/cmake)
[2.316s] -- Using all available rosidl_typesupport_c: rosidl_typesupport_fastrtps_c;rosidl_typesupport_introspection_c
[2.339s] -- Found rosidl_adapter: 1.3.0 (/opt/ros/foxy/share/rosidl_adapter/cmake)
[2.525s] -- Found OpenSSL: /usr/lib/x86_64-linux-gnu/libcrypto.so (found version "1.1.1f")  
[2.602s] -- Found FastRTPS: /opt/ros/foxy/include  
[2.806s] -- Using all available rosidl_typesupport_cpp: rosidl_typesupport_fastrtps_cpp;rosidl_typesupport_introspection_cpp
[2.965s] -- Found rmw_implementation_cmake: 1.0.3 (/opt/ros/foxy/share/rmw_implementation_cmake/cmake)
[2.970s] -- Using RMW implementation 'rmw_fastrtps_cpp' as default
[2.975s] -- Looking for pthread.h
[3.190s] -- Looking for pthread.h - found
[3.191s] -- Performing Test CMAKE_HAVE_LIBC_PTHREAD
[3.451s] -- Performing Test CMAKE_HAVE_LIBC_PTHREAD - Failed
[3.452s] -- Looking for pthread_create in pthreads
[3.628s] -- Looking for pthread_create in pthreads - not found
[3.629s] -- Looking for pthread_create in pthread
[3.863s] -- Looking for pthread_create in pthread - found
[3.867s] -- Found Threads: TRUE  
[4.399s] -- Found ament_lint_auto: 0.9.7 (/opt/ros/foxy/share/ament_lint_auto/cmake)
[4.815s] -- Added test 'copyright' to check source files copyright and LICENSE
[4.819s] -- Added test 'cppcheck' to perform static code analysis on C / C++ code
[4.820s] -- Configured cppcheck include dirs: 
[4.821s] -- Configured cppcheck exclude dirs and/or files: 
[4.823s] -- Added test 'cpplint' to check C / C++ code against the Google style
[4.824s] -- Configured cpplint exclude dirs and/or files: 
[4.826s] -- Added test 'lint_cmake' to check CMake code style
[4.830s] -- Added test 'uncrustify' to check C / C++ code style
[4.831s] -- Configured uncrustify additional arguments: 
[4.833s] -- Added test 'xmllint' to check XML markup files
[4.840s] -- Configuring done
[4.877s] -- Generating done
[4.882s] -- Build files have been written to: /home/foxy/ros2_ws/build/examples_rclcpp_minimal_timer
[4.913s] Invoked command in '/home/foxy/ros2_ws/build/examples_rclcpp_minimal_timer' returned '0': CMAKE_PREFIX_PATH=/opt/ros/foxy /usr/bin/cmake /home/foxy/ros2_ws/src/examples/rclcpp/timers/minimal_timer -DAMENT_CMAKE_SYMLINK_INSTALL=1 -DCMAKE_INSTALL_PREFIX=/home/foxy/ros2_ws/install/examples_rclcpp_minimal_timer
[4.916s] Invoking command in '/home/foxy/ros2_ws/build/examples_rclcpp_minimal_timer': CMAKE_PREFIX_PATH=/opt/ros/foxy /usr/bin/cmake --build /home/foxy/ros2_ws/build/examples_rclcpp_minimal_timer -- -j2 -l2
[5.041s] [35m[1mScanning dependencies of target timer_member_function[0m
[5.143s] [ 25%] [32mBuilding CXX object CMakeFiles/timer_member_function.dir/member_function.cpp.o[0m
[10.886s] [ 50%] [32m[1mLinking CXX executable timer_member_function[0m
[11.255s] [ 50%] Built target timer_member_function
[11.292s] [35m[1mScanning dependencies of target timer_lambda[0m
[11.424s] [ 75%] [32mBuilding CXX object CMakeFiles/timer_lambda.dir/lambda.cpp.o[0m
[17.251s] [100%] [32m[1mLinking CXX executable timer_lambda[0m
[17.712s] [100%] Built target timer_lambda
[17.747s] Invoked command in '/home/foxy/ros2_ws/build/examples_rclcpp_minimal_timer' returned '0': CMAKE_PREFIX_PATH=/opt/ros/foxy /usr/bin/cmake --build /home/foxy/ros2_ws/build/examples_rclcpp_minimal_timer -- -j2 -l2
[17.834s] Invoking command in '/home/foxy/ros2_ws/build/examples_rclcpp_minimal_timer': CMAKE_PREFIX_PATH=/opt/ros/foxy /usr/bin/cmake --install /home/foxy/ros2_ws/build/examples_rclcpp_minimal_timer
[17.863s] -- Install configuration: ""
[17.865s] -- Execute custom install script
[17.867s] -- Symlinking: /home/foxy/ros2_ws/install/examples_rclcpp_minimal_timer/lib/examples_rclcpp_minimal_timer/timer_lambda
[17.894s] -- Symlinking: /home/foxy/ros2_ws/install/examples_rclcpp_minimal_timer/lib/examples_rclcpp_minimal_timer/timer_member_function
[17.922s] -- Symlinking: /home/foxy/ros2_ws/install/examples_rclcpp_minimal_timer/share/ament_index/resource_index/package_run_dependencies/examples_rclcpp_minimal_timer
[17.949s] -- Symlinking: /home/foxy/ros2_ws/install/examples_rclcpp_minimal_timer/share/ament_index/resource_index/parent_prefix_path/examples_rclcpp_minimal_timer
[17.975s] -- Symlinking: /home/foxy/ros2_ws/install/examples_rclcpp_minimal_timer/share/examples_rclcpp_minimal_timer/environment/ament_prefix_path.sh
[18.004s] -- Symlinking: /home/foxy/ros2_ws/install/examples_rclcpp_minimal_timer/share/examples_rclcpp_minimal_timer/environment/ament_prefix_path.dsv
[18.030s] -- Symlinking: /home/foxy/ros2_ws/install/examples_rclcpp_minimal_timer/share/examples_rclcpp_minimal_timer/environment/path.sh
[18.062s] -- Symlinking: /home/foxy/ros2_ws/install/examples_rclcpp_minimal_timer/share/examples_rclcpp_minimal_timer/environment/path.dsv
[18.103s] -- Symlinking: /home/foxy/ros2_ws/install/examples_rclcpp_minimal_timer/share/examples_rclcpp_minimal_timer/local_setup.bash
[18.141s] -- Symlinking: /home/foxy/ros2_ws/install/examples_rclcpp_minimal_timer/share/examples_rclcpp_minimal_timer/local_setup.sh
[18.167s] -- Symlinking: /home/foxy/ros2_ws/install/examples_rclcpp_minimal_timer/share/examples_rclcpp_minimal_timer/local_setup.zsh
[18.192s] -- Symlinking: /home/foxy/ros2_ws/install/examples_rclcpp_minimal_timer/share/examples_rclcpp_minimal_timer/local_setup.dsv
[18.216s] -- Symlinking: /home/foxy/ros2_ws/install/examples_rclcpp_minimal_timer/share/examples_rclcpp_minimal_timer/package.dsv
[18.238s] -- Symlinking: /home/foxy/ros2_ws/install/examples_rclcpp_minimal_timer/share/ament_index/resource_index/packages/examples_rclcpp_minimal_timer
[18.263s] -- Symlinking: /home/foxy/ros2_ws/install/examples_rclcpp_minimal_timer/share/examples_rclcpp_minimal_timer/cmake/examples_rclcpp_minimal_timerConfig.cmake
[18.356s] -- Symlinking: /home/foxy/ros2_ws/install/examples_rclcpp_minimal_timer/share/examples_rclcpp_minimal_timer/cmake/examples_rclcpp_minimal_timerConfig-version.cmake
[18.419s] -- Symlinking: /home/foxy/ros2_ws/install/examples_rclcpp_minimal_timer/share/examples_rclcpp_minimal_timer/package.xml
[18.482s] Invoked command in '/home/foxy/ros2_ws/build/examples_rclcpp_minimal_timer' returned '0': CMAKE_PREFIX_PATH=/opt/ros/foxy /usr/bin/cmake --install /home/foxy/ros2_ws/build/examples_rclcpp_minimal_timer
