[6.951s] Invoking command in '/home/foxy/ros2_ws/build/examples_rclpy_minimal_publisher': PYTHONPATH=/home/foxy/ros2_ws/install/examples_rclpy_minimal_publisher/lib/python3.8/site-packages:${PYTHONPATH} /usr/bin/python3 setup.py develop --prefix /home/foxy/ros2_ws/install/examples_rclpy_minimal_publisher --uninstall --editable --build-directory /home/foxy/ros2_ws/build/examples_rclpy_minimal_publisher/build
[8.368s] running develop
[9.913s] Invoked command in '/home/foxy/ros2_ws/build/examples_rclpy_minimal_publisher' returned '0': PYTHONPATH=/home/foxy/ros2_ws/install/examples_rclpy_minimal_publisher/lib/python3.8/site-packages:${PYTHONPATH} /usr/bin/python3 setup.py develop --prefix /home/foxy/ros2_ws/install/examples_rclpy_minimal_publisher --uninstall --editable --build-directory /home/foxy/ros2_ws/build/examples_rclpy_minimal_publisher/build
[9.924s] Invoking command in '/home/foxy/ros2_ws/src/examples/rclpy/topics/minimal_publisher': PYTHONPATH=/home/foxy/ros2_ws/install/examples_rclpy_minimal_publisher/lib/python3.8/site-packages:${PYTHONPATH} /usr/bin/python3 setup.py egg_info --egg-base ../../../../../build/examples_rclpy_minimal_publisher build --build-base /home/foxy/ros2_ws/build/examples_rclpy_minimal_publisher/build install --prefix /home/foxy/ros2_ws/install/examples_rclpy_minimal_publisher --record /home/foxy/ros2_ws/build/examples_rclpy_minimal_publisher/install.log --single-version-externally-managed
[11.884s] running egg_info
[11.884s] writing ../../../../../build/examples_rclpy_minimal_publisher/examples_rclpy_minimal_publisher.egg-info/PKG-INFO
[11.884s] writing dependency_links to ../../../../../build/examples_rclpy_minimal_publisher/examples_rclpy_minimal_publisher.egg-info/dependency_links.txt
[11.884s] writing entry points to ../../../../../build/examples_rclpy_minimal_publisher/examples_rclpy_minimal_publisher.egg-info/entry_points.txt
[11.886s] writing requirements to ../../../../../build/examples_rclpy_minimal_publisher/examples_rclpy_minimal_publisher.egg-info/requires.txt
[11.886s] writing top-level names to ../../../../../build/examples_rclpy_minimal_publisher/examples_rclpy_minimal_publisher.egg-info/top_level.txt
[11.997s] reading manifest file '../../../../../build/examples_rclpy_minimal_publisher/examples_rclpy_minimal_publisher.egg-info/SOURCES.txt'
[12.032s] writing manifest file '../../../../../build/examples_rclpy_minimal_publisher/examples_rclpy_minimal_publisher.egg-info/SOURCES.txt'
[12.074s] running build
[12.075s] running build_py
[12.075s] running install
[12.076s] running install_lib
[12.079s] running install_data
[12.085s] running install_egg_info
[12.093s] removing '/home/foxy/ros2_ws/install/examples_rclpy_minimal_publisher/lib/python3.8/site-packages/examples_rclpy_minimal_publisher-0.9.4-py3.8.egg-info' (and everything under it)
[12.094s] Copying ../../../../../build/examples_rclpy_minimal_publisher/examples_rclpy_minimal_publisher.egg-info to /home/foxy/ros2_ws/install/examples_rclpy_minimal_publisher/lib/python3.8/site-packages/examples_rclpy_minimal_publisher-0.9.4-py3.8.egg-info
[12.100s] running install_scripts
[12.225s] Installing publisher_local_function script to /home/foxy/ros2_ws/install/examples_rclpy_minimal_publisher/lib/examples_rclpy_minimal_publisher
[12.227s] Installing publisher_member_function script to /home/foxy/ros2_ws/install/examples_rclpy_minimal_publisher/lib/examples_rclpy_minimal_publisher
[12.230s] Installing publisher_old_school script to /home/foxy/ros2_ws/install/examples_rclpy_minimal_publisher/lib/examples_rclpy_minimal_publisher
[12.234s] writing list of installed files to '/home/foxy/ros2_ws/build/examples_rclpy_minimal_publisher/install.log'
[12.655s] Invoked command in '/home/foxy/ros2_ws/src/examples/rclpy/topics/minimal_publisher' returned '0': PYTHONPATH=/home/foxy/ros2_ws/install/examples_rclpy_minimal_publisher/lib/python3.8/site-packages:${PYTHONPATH} /usr/bin/python3 setup.py egg_info --egg-base ../../../../../build/examples_rclpy_minimal_publisher build --build-base /home/foxy/ros2_ws/build/examples_rclpy_minimal_publisher/build install --prefix /home/foxy/ros2_ws/install/examples_rclpy_minimal_publisher --record /home/foxy/ros2_ws/build/examples_rclpy_minimal_publisher/install.log --single-version-externally-managed
