[0.041s] Invoking command in '/home/foxy/ros2_ws/build/examples_rclcpp_minimal_composition': CMAKE_PREFIX_PATH=/opt/ros/foxy /usr/bin/cmake /home/foxy/ros2_ws/src/examples/rclcpp/composition/minimal_composition -DAMENT_CMAKE_SYMLINK_INSTALL=1 -DCMAKE_INSTALL_PREFIX=/home/foxy/ros2_ws/install/examples_rclcpp_minimal_composition
[0.208s] -- The C compiler identification is GNU 9.4.0
[0.376s] -- The CXX compiler identification is GNU 9.4.0
[0.398s] -- Check for working C compiler: /usr/bin/cc
[0.618s] -- Check for working C compiler: /usr/bin/cc -- works
[0.620s] -- Detecting C compiler ABI info
[0.847s] -- Detecting C compiler ABI info - done
[0.885s] -- Detecting C compile features
[0.887s] -- Detecting C compile features - done
[0.895s] -- Check for working CXX compiler: /usr/bin/c++
[1.157s] -- Check for working CXX compiler: /usr/bin/c++ -- works
[1.162s] -- Detecting CXX compiler ABI info
[1.604s] -- Detecting CXX compiler ABI info - done
[1.681s] -- Detecting CXX compile features
[1.719s] -- Detecting CXX compile features - done
[1.728s] -- Found ament_cmake: 0.9.11 (/opt/ros/foxy/share/ament_cmake/cmake)
[1.880s] -- Found PythonInterp: /usr/bin/python3 (found suitable version "3.8.10", minimum required is "3") 
[1.883s] -- Using PYTHON_EXECUTABLE: /usr/bin/python3
[2.783s] -- Override CMake install command with custom implementation using symlinks instead of copying resources
[2.857s] -- Found rclcpp: 2.4.2 (/opt/ros/foxy/share/rclcpp/cmake)
[2.989s] -- Using all available rosidl_typesupport_c: rosidl_typesupport_fastrtps_c;rosidl_typesupport_introspection_c
[3.049s] -- Found rosidl_adapter: 1.3.0 (/opt/ros/foxy/share/rosidl_adapter/cmake)
[3.360s] -- Found OpenSSL: /usr/lib/x86_64-linux-gnu/libcrypto.so (found version "1.1.1f")  
[3.472s] -- Found FastRTPS: /opt/ros/foxy/include  
[3.719s] -- Using all available rosidl_typesupport_cpp: rosidl_typesupport_fastrtps_cpp;rosidl_typesupport_introspection_cpp
[3.886s] -- Found rmw_implementation_cmake: 1.0.3 (/opt/ros/foxy/share/rmw_implementation_cmake/cmake)
[3.890s] -- Using RMW implementation 'rmw_fastrtps_cpp' as default
[3.894s] -- Looking for pthread.h
[4.186s] -- Looking for pthread.h - found
[4.187s] -- Performing Test CMAKE_HAVE_LIBC_PTHREAD
[4.561s] -- Performing Test CMAKE_HAVE_LIBC_PTHREAD - Failed
[4.562s] -- Looking for pthread_create in pthreads
[4.773s] -- Looking for pthread_create in pthreads - not found
[4.786s] -- Looking for pthread_create in pthread
[5.078s] -- Looking for pthread_create in pthread - found
[5.083s] -- Found Threads: TRUE  
[5.733s] -- Found rclcpp_components: 2.4.2 (/opt/ros/foxy/share/rclcpp_components/cmake)
[6.001s] -- Found ament_lint_auto: 0.9.7 (/opt/ros/foxy/share/ament_lint_auto/cmake)
[6.290s] -- Added test 'copyright' to check source files copyright and LICENSE
[6.344s] -- Added test 'cppcheck' to perform static code analysis on C / C++ code
[6.345s] -- Configured cppcheck include dirs: /home/foxy/ros2_ws/src/examples/rclcpp/composition/minimal_composition/include
[6.345s] -- Configured cppcheck exclude dirs and/or files: 
[6.347s] -- Added test 'cpplint' to check C / C++ code against the Google style
[6.349s] -- Configured cpplint exclude dirs and/or files: 
[6.352s] -- Added test 'lint_cmake' to check CMake code style
[6.355s] -- Added test 'uncrustify' to check C / C++ code style
[6.356s] -- Configured uncrustify additional arguments: 
[6.358s] -- Added test 'xmllint' to check XML markup files
[6.373s] -- Configuring done
[6.430s] -- Generating done
[6.439s] -- Build files have been written to: /home/foxy/ros2_ws/build/examples_rclcpp_minimal_composition
[6.479s] Invoked command in '/home/foxy/ros2_ws/build/examples_rclcpp_minimal_composition' returned '0': CMAKE_PREFIX_PATH=/opt/ros/foxy /usr/bin/cmake /home/foxy/ros2_ws/src/examples/rclcpp/composition/minimal_composition -DAMENT_CMAKE_SYMLINK_INSTALL=1 -DCMAKE_INSTALL_PREFIX=/home/foxy/ros2_ws/install/examples_rclcpp_minimal_composition
[6.481s] Invoking command in '/home/foxy/ros2_ws/build/examples_rclcpp_minimal_composition': CMAKE_PREFIX_PATH=/opt/ros/foxy /usr/bin/cmake --build /home/foxy/ros2_ws/build/examples_rclcpp_minimal_composition -- -j2 -l2
[6.598s] [35m[1mScanning dependencies of target composition_nodes[0m
[6.811s] [ 11%] [32mBuilding CXX object CMakeFiles/composition_nodes.dir/src/publisher_node.cpp.o[0m
[18.166s] [ 22%] [32mBuilding CXX object CMakeFiles/composition_nodes.dir/src/subscriber_node.cpp.o[0m
[36.495s] [ 33%] [32m[1mLinking CXX shared library libcomposition_nodes.so[0m
[37.390s] [ 33%] Built target composition_nodes
[37.422s] [35m[1mScanning dependencies of target composition_composed[0m
[37.553s] [ 44%] [32mBuilding CXX object CMakeFiles/composition_composed.dir/src/composed.cpp.o[0m
[44.012s] [ 55%] [32m[1mLinking CXX executable composition_composed[0m
[44.662s] [ 55%] Built target composition_composed
[44.686s] [35m[1mScanning dependencies of target composition_subscriber[0m
[44.791s] [ 66%] [32mBuilding CXX object CMakeFiles/composition_subscriber.dir/src/standalone_subscriber.cpp.o[0m
[50.685s] [ 77%] [32m[1mLinking CXX executable composition_subscriber[0m
[51.210s] [ 77%] Built target composition_subscriber
[51.268s] [35m[1mScanning dependencies of target composition_publisher[0m
[51.486s] [ 88%] [32mBuilding CXX object CMakeFiles/composition_publisher.dir/src/standalone_publisher.cpp.o[0m
[56.997s] [100%] [32m[1mLinking CXX executable composition_publisher[0m
[57.531s] [100%] Built target composition_publisher
[57.568s] Invoked command in '/home/foxy/ros2_ws/build/examples_rclcpp_minimal_composition' returned '0': CMAKE_PREFIX_PATH=/opt/ros/foxy /usr/bin/cmake --build /home/foxy/ros2_ws/build/examples_rclcpp_minimal_composition -- -j2 -l2
[57.681s] Invoking command in '/home/foxy/ros2_ws/build/examples_rclcpp_minimal_composition': CMAKE_PREFIX_PATH=/opt/ros/foxy /usr/bin/cmake --install /home/foxy/ros2_ws/build/examples_rclcpp_minimal_composition
[57.703s] -- Install configuration: ""
[57.708s] -- Execute custom install script
[57.710s] -- Symlinking: /home/foxy/ros2_ws/install/examples_rclcpp_minimal_composition/share/examples_rclcpp_minimal_composition/environment/library_path.sh
[57.742s] -- Symlinking: /home/foxy/ros2_ws/install/examples_rclcpp_minimal_composition/share/examples_rclcpp_minimal_composition/environment/library_path.dsv
[57.769s] -- Symlinking: /home/foxy/ros2_ws/install/examples_rclcpp_minimal_composition/lib/libcomposition_nodes.so
[57.826s] -- Symlinking: /home/foxy/ros2_ws/install/examples_rclcpp_minimal_composition/lib/examples_rclcpp_minimal_composition/composition_publisher
[57.863s] -- Symlinking: /home/foxy/ros2_ws/install/examples_rclcpp_minimal_composition/lib/examples_rclcpp_minimal_composition/composition_subscriber
[57.920s] -- Symlinking: /home/foxy/ros2_ws/install/examples_rclcpp_minimal_composition/lib/examples_rclcpp_minimal_composition/composition_composed
[57.947s] -- Symlinking: /home/foxy/ros2_ws/install/examples_rclcpp_minimal_composition/share/ament_index/resource_index/package_run_dependencies/examples_rclcpp_minimal_composition
[57.972s] -- Symlinking: /home/foxy/ros2_ws/install/examples_rclcpp_minimal_composition/share/ament_index/resource_index/parent_prefix_path/examples_rclcpp_minimal_composition
[57.998s] -- Symlinking: /home/foxy/ros2_ws/install/examples_rclcpp_minimal_composition/share/examples_rclcpp_minimal_composition/environment/ament_prefix_path.sh
[58.024s] -- Symlinking: /home/foxy/ros2_ws/install/examples_rclcpp_minimal_composition/share/examples_rclcpp_minimal_composition/environment/ament_prefix_path.dsv
[58.049s] -- Symlinking: /home/foxy/ros2_ws/install/examples_rclcpp_minimal_composition/share/examples_rclcpp_minimal_composition/environment/path.sh
[58.075s] -- Symlinking: /home/foxy/ros2_ws/install/examples_rclcpp_minimal_composition/share/examples_rclcpp_minimal_composition/environment/path.dsv
[58.105s] -- Symlinking: /home/foxy/ros2_ws/install/examples_rclcpp_minimal_composition/share/examples_rclcpp_minimal_composition/local_setup.bash
[58.151s] -- Symlinking: /home/foxy/ros2_ws/install/examples_rclcpp_minimal_composition/share/examples_rclcpp_minimal_composition/local_setup.sh
[58.191s] -- Symlinking: /home/foxy/ros2_ws/install/examples_rclcpp_minimal_composition/share/examples_rclcpp_minimal_composition/local_setup.zsh
[58.294s] -- Symlinking: /home/foxy/ros2_ws/install/examples_rclcpp_minimal_composition/share/examples_rclcpp_minimal_composition/local_setup.dsv
[58.294s] -- Symlinking: /home/foxy/ros2_ws/install/examples_rclcpp_minimal_composition/share/examples_rclcpp_minimal_composition/package.dsv
[58.294s] -- Symlinking: /home/foxy/ros2_ws/install/examples_rclcpp_minimal_composition/share/ament_index/resource_index/packages/examples_rclcpp_minimal_composition
[58.306s] -- Symlinking: /home/foxy/ros2_ws/install/examples_rclcpp_minimal_composition/share/examples_rclcpp_minimal_composition/cmake/examples_rclcpp_minimal_compositionConfig.cmake
[58.354s] -- Symlinking: /home/foxy/ros2_ws/install/examples_rclcpp_minimal_composition/share/examples_rclcpp_minimal_composition/cmake/examples_rclcpp_minimal_compositionConfig-version.cmake
[58.377s] -- Symlinking: /home/foxy/ros2_ws/install/examples_rclcpp_minimal_composition/share/examples_rclcpp_minimal_composition/package.xml
[58.406s] Invoked command in '/home/foxy/ros2_ws/build/examples_rclcpp_minimal_composition' returned '0': CMAKE_PREFIX_PATH=/opt/ros/foxy /usr/bin/cmake --install /home/foxy/ros2_ws/build/examples_rclcpp_minimal_composition
