[4.146s] Invoking command in '/home/foxy/ros2_ws/build/examples_rclpy_minimal_action_server': PYTHONPATH=/home/foxy/ros2_ws/install/examples_rclpy_minimal_action_server/lib/python3.8/site-packages:${PYTHONPATH} /usr/bin/python3 setup.py develop --prefix /home/foxy/ros2_ws/install/examples_rclpy_minimal_action_server --uninstall --editable --build-directory /home/foxy/ros2_ws/build/examples_rclpy_minimal_action_server/build
[5.676s] running develop
[6.692s] Invoked command in '/home/foxy/ros2_ws/build/examples_rclpy_minimal_action_server' returned '0': PYTHONPATH=/home/foxy/ros2_ws/install/examples_rclpy_minimal_action_server/lib/python3.8/site-packages:${PYTHONPATH} /usr/bin/python3 setup.py develop --prefix /home/foxy/ros2_ws/install/examples_rclpy_minimal_action_server --uninstall --editable --build-directory /home/foxy/ros2_ws/build/examples_rclpy_minimal_action_server/build
[6.705s] Invoking command in '/home/foxy/ros2_ws/src/examples/rclpy/actions/minimal_action_server': PYTHONPATH=/home/foxy/ros2_ws/install/examples_rclpy_minimal_action_server/lib/python3.8/site-packages:${PYTHONPATH} /usr/bin/python3 setup.py egg_info --egg-base ../../../../../build/examples_rclpy_minimal_action_server build --build-base /home/foxy/ros2_ws/build/examples_rclpy_minimal_action_server/build install --prefix /home/foxy/ros2_ws/install/examples_rclpy_minimal_action_server --record /home/foxy/ros2_ws/build/examples_rclpy_minimal_action_server/install.log --single-version-externally-managed
[8.451s] running egg_info
[8.479s] writing ../../../../../build/examples_rclpy_minimal_action_server/examples_rclpy_minimal_action_server.egg-info/PKG-INFO
[8.480s] writing dependency_links to ../../../../../build/examples_rclpy_minimal_action_server/examples_rclpy_minimal_action_server.egg-info/dependency_links.txt
[8.480s] writing entry points to ../../../../../build/examples_rclpy_minimal_action_server/examples_rclpy_minimal_action_server.egg-info/entry_points.txt
[8.480s] writing requirements to ../../../../../build/examples_rclpy_minimal_action_server/examples_rclpy_minimal_action_server.egg-info/requires.txt
[8.480s] writing top-level names to ../../../../../build/examples_rclpy_minimal_action_server/examples_rclpy_minimal_action_server.egg-info/top_level.txt
[9.223s] reading manifest file '../../../../../build/examples_rclpy_minimal_action_server/examples_rclpy_minimal_action_server.egg-info/SOURCES.txt'
[9.284s] writing manifest file '../../../../../build/examples_rclpy_minimal_action_server/examples_rclpy_minimal_action_server.egg-info/SOURCES.txt'
[9.284s] running build
[9.284s] running build_py
[9.285s] running install
[9.285s] running install_lib
[9.285s] running install_data
[9.285s] running install_egg_info
[9.286s] removing '/home/foxy/ros2_ws/install/examples_rclpy_minimal_action_server/lib/python3.8/site-packages/examples_rclpy_minimal_action_server-0.9.4-py3.8.egg-info' (and everything under it)
[9.286s] Copying ../../../../../build/examples_rclpy_minimal_action_server/examples_rclpy_minimal_action_server.egg-info to /home/foxy/ros2_ws/install/examples_rclpy_minimal_action_server/lib/python3.8/site-packages/examples_rclpy_minimal_action_server-0.9.4-py3.8.egg-info
[9.286s] running install_scripts
[9.286s] Installing server script to /home/foxy/ros2_ws/install/examples_rclpy_minimal_action_server/lib/examples_rclpy_minimal_action_server
[9.286s] Installing server_defer script to /home/foxy/ros2_ws/install/examples_rclpy_minimal_action_server/lib/examples_rclpy_minimal_action_server
[9.286s] Installing server_not_composable script to /home/foxy/ros2_ws/install/examples_rclpy_minimal_action_server/lib/examples_rclpy_minimal_action_server
[9.286s] Installing server_queue_goals script to /home/foxy/ros2_ws/install/examples_rclpy_minimal_action_server/lib/examples_rclpy_minimal_action_server
[9.286s] Installing server_single_goal script to /home/foxy/ros2_ws/install/examples_rclpy_minimal_action_server/lib/examples_rclpy_minimal_action_server
[9.287s] writing list of installed files to '/home/foxy/ros2_ws/build/examples_rclpy_minimal_action_server/install.log'
[9.433s] Invoked command in '/home/foxy/ros2_ws/src/examples/rclpy/actions/minimal_action_server' returned '0': PYTHONPATH=/home/foxy/ros2_ws/install/examples_rclpy_minimal_action_server/lib/python3.8/site-packages:${PYTHONPATH} /usr/bin/python3 setup.py egg_info --egg-base ../../../../../build/examples_rclpy_minimal_action_server build --build-base /home/foxy/ros2_ws/build/examples_rclpy_minimal_action_server/build install --prefix /home/foxy/ros2_ws/install/examples_rclpy_minimal_action_server --record /home/foxy/ros2_ws/build/examples_rclpy_minimal_action_server/install.log --single-version-externally-managed
